[+] Containers:
 |- [+] Container: /Game/ThirdPerson/Maps/Re-Breather_level2
 |   |- [+] ActorDescs:
 |   |   |- Guid:05BCF0844084FE9422390CAE300B8224 BaseClass: NativeClass:/Script/Water.WaterZone Name:WaterZone_UAID_BCC746A635C9522102_1251113776 Label:WaterZone SpatiallyLoaded:0 Bounds:IsValid=true, Min=(X=-25600.000 Y=-25600.000 Z=-25600.000), Max=(X=25600.000 Y=25600.000 Z=25600.000) RuntimeGrid:None EditorOnly:0 RuntimeOnly:0 HLODRelevant:0 ListedInSceneOutliner:1 IsMainWorldOnly:0
 |   |   |- Guid:07CF1F5D48FD76D61926599670BFD377 BaseClass: NativeClass:/Script/Engine.StaticMeshActor Name:StaticMeshActor_UAID_40C2BA17E4442A3302_1109073745 Label:Rock_12 SpatiallyLoaded:1 Bounds:IsValid=true, Min=(X=3943.406 Y=4864.973 Z=75.367), Max=(X=5161.802 Y=5671.454 Z=861.254) RuntimeGrid:None EditorOnly:0 RuntimeOnly:0 HLODRelevant:1 ListedInSceneOutliner:1 IsMainWorldOnly:0
 |   |   |- Guid:0CA6402D4782BDBD207987AF06AF25C6 BaseClass: NativeClass:/Script/Landscape.LandscapeStreamingProxy Name:LandscapeStreamingProxy_A35ASS318KZGR7VI4JXFMCK7E_30_2_3_0 Label:LandscapeStreamingProxy_2_3_0 SpatiallyLoaded:1 Bounds:IsValid=true, Min=(X=1652.000 Y=4613.000 Z=-777.000), Max=(X=4652.000 Y=6113.000 Z=-562.156) RuntimeGrid:None EditorOnly:0 RuntimeOnly:0 HLODRelevant:1 ListedInSceneOutliner:1 IsMainWorldOnly:0
 |   |   |- Guid:0E3BDBA44584252010E017B5A35D9797 BaseClass: NativeClass:/Script/Engine.SkyLight Name:SkyLight_1 Label:SkyLight SpatiallyLoaded:0 Bounds:IsValid=true, Min=(X=0.000 Y=0.000 Z=690.000), Max=(X=0.000 Y=0.000 Z=690.000) RuntimeGrid:None EditorOnly:0 RuntimeOnly:0 HLODRelevant:0 ListedInSceneOutliner:1 IsMainWorldOnly:0 FolderPath:Lighting FolderGuid:963EC3EB4002CCE9759E2EBA541A873A
 |   |   |- Guid:1354CFB34CC0F20CC2F2CFA4D1E4472B BaseClass: NativeClass:/Script/Landscape.LandscapeStreamingProxy Name:LandscapeStreamingProxy_A35ASS318KZGR7VI4JXFMCK7E_30_0_0_0 Label:LandscapeStreamingProxy_0_0_0 SpatiallyLoaded:1 Bounds:IsValid=true, Min=(X=-4348.000 Y=-4387.000 Z=-877.000), Max=(X=-1348.000 Y=-1387.000 Z=-562.156) RuntimeGrid:None EditorOnly:0 RuntimeOnly:0 HLODRelevant:1 ListedInSceneOutliner:1 IsMainWorldOnly:0
 |   |   |- Guid:17A4100741D9B660C6BA2FB576B0A6C9 BaseClass: NativeClass:/Script/Engine.VolumetricCloud Name:VolumetricCloud_0 Label:VolumetricCloud SpatiallyLoaded:0 Bounds:IsValid=true, Min=(X=0.000 Y=0.000 Z=820.000), Max=(X=0.000 Y=0.000 Z=820.000) RuntimeGrid:None EditorOnly:0 RuntimeOnly:0 HLODRelevant:0 ListedInSceneOutliner:1 IsMainWorldOnly:0 FolderPath:Lighting FolderGuid:963EC3EB4002CCE9759E2EBA541A873A
 |   |   |- Guid:20B1253741F89FE09CD7608B990C8A45 BaseClass: NativeClass:/Script/Landscape.LandscapeStreamingProxy Name:LandscapeStreamingProxy_A35ASS318KZGR7VI4JXFMCK7E_30_2_2_0 Label:LandscapeStreamingProxy_2_2_0 SpatiallyLoaded:1 Bounds:IsValid=true, Min=(X=1652.000 Y=1613.000 Z=-648.094), Max=(X=4652.000 Y=4613.000 Z=283.156) RuntimeGrid:None EditorOnly:0 RuntimeOnly:0 HLODRelevant:1 ListedInSceneOutliner:1 IsMainWorldOnly:0
 |   |   |- Guid:2477A0A54FE741F8465328B7D686EAC7 BaseClass: NativeClass:/Script/Landscape.LandscapeStreamingProxy Name:LandscapeStreamingProxy_A35ASS318KZGR7VI4JXFMCK7E_30_3_1_0 Label:LandscapeStreamingProxy_3_1_0 SpatiallyLoaded:1 Bounds:IsValid=true, Min=(X=4652.000 Y=-1387.000 Z=-777.000), Max=(X=6152.000 Y=1613.000 Z=-562.156) RuntimeGrid:None EditorOnly:0 RuntimeOnly:0 HLODRelevant:1 ListedInSceneOutliner:1 IsMainWorldOnly:0
 |   |   |- Guid:28C897E3400A4FBC452386B57C0B05D4 BaseClass: NativeClass:/Script/Landscape.LandscapeStreamingProxy Name:LandscapeStreamingProxy_A35ASS318KZGR7VI4JXFMCK7E_30_3_2_0 Label:LandscapeStreamingProxy_3_2_0 SpatiallyLoaded:1 Bounds:IsValid=true, Min=(X=4652.000 Y=1613.000 Z=-777.000), Max=(X=6152.000 Y=4613.000 Z=-479.344) RuntimeGrid:None EditorOnly:0 RuntimeOnly:0 HLODRelevant:1 ListedInSceneOutliner:1 IsMainWorldOnly:0
 |   |   |- Guid:2E10BCC744E3141AF8AD1AB0CE26431C BaseClass: NativeClass:/Script/Landscape.LandscapeStreamingProxy Name:LandscapeStreamingProxy_A35ASS318KZGR7VI4JXFMCK7E_30_0_3_0 Label:LandscapeStreamingProxy_0_3_0 SpatiallyLoaded:1 Bounds:IsValid=true, Min=(X=-4348.000 Y=4613.000 Z=-777.000), Max=(X=-1348.000 Y=6113.000 Z=-562.156) RuntimeGrid:None EditorOnly:0 RuntimeOnly:0 HLODRelevant:1 ListedInSceneOutliner:1 IsMainWorldOnly:0
 |   |   |- Guid:2FA8380D4564911E0688F194B02D3FF0 BaseClass: NativeClass:/Script/Engine.SkeletalMeshActor Name:SkeletalMeshActor_UAID_40C2BA17E444293302_2074914568 Label:PalmTree_BAKED_Armature_Action2 SpatiallyLoaded:1 Bounds:IsValid=true, Min=(X=1444.473 Y=256.920 Z=135.365), Max=(X=2717.825 Y=1676.615 Z=1230.651) RuntimeGrid:None EditorOnly:0 RuntimeOnly:0 HLODRelevant:0 ListedInSceneOutliner:1 IsMainWorldOnly:0
 |   |   |- Guid:3170A37B403DA60B1769969736EF774C BaseClass: NativeClass:/Script/Landscape.LandscapeStreamingProxy Name:LandscapeStreamingProxy_A35ASS318KZGR7VI4JXFMCK7E_30_3_0_0 Label:LandscapeStreamingProxy_3_0_0 SpatiallyLoaded:1 Bounds:IsValid=true, Min=(X=4652.000 Y=-4387.000 Z=-777.000), Max=(X=6152.000 Y=-1387.000 Z=-562.156) RuntimeGrid:None EditorOnly:0 RuntimeOnly:0 HLODRelevant:1 ListedInSceneOutliner:1 IsMainWorldOnly:0
 |   |   |- Guid:463139544AFA0FACC27E1E81B0669D38 BaseClass: NativeClass:/Script/Landscape.Landscape Name:Landscape_UAID_04D9F58078F5A43202_1639272159 Label:Landscape SpatiallyLoaded:0 Bounds:IsValid=true, Min=(X=-4348.000 Y=-4387.000 Z=-777.000), Max=(X=-4348.000 Y=-4387.000 Z=-777.000) RuntimeGrid:None EditorOnly:0 RuntimeOnly:0 HLODRelevant:0 ListedInSceneOutliner:1 IsMainWorldOnly:0
 |   |   |- Guid:4F96230A4077147C2C2AAD990F5D0F9B BaseClass: NativeClass:/Script/Landscape.LandscapeStreamingProxy Name:LandscapeStreamingProxy_A35ASS318KZGR7VI4JXFMCK7E_30_1_0_0 Label:LandscapeStreamingProxy_1_0_0 SpatiallyLoaded:1 Bounds:IsValid=true, Min=(X=-1348.000 Y=-4387.000 Z=-777.000), Max=(X=1652.000 Y=-1387.000 Z=-462.156) RuntimeGrid:None EditorOnly:0 RuntimeOnly:0 HLODRelevant:1 ListedInSceneOutliner:1 IsMainWorldOnly:0
 |   |   |- Guid:524F600044BD1B571EB9839C8791F18C BaseClass: NativeClass:/Script/Engine.StaticMeshActor Name:StaticMeshActor_0 Label:SM_Cube5 SpatiallyLoaded:1 Bounds:IsValid=true, Min=(X=-2364.000 Y=-3257.000 Z=-3249.000), Max=(X=-2264.000 Y=5036.750 Z=379.125) RuntimeGrid:None EditorOnly:0 RuntimeOnly:0 HLODRelevant:1 ListedInSceneOutliner:1 IsMainWorldOnly:0 FolderPath:Playground FolderGuid:C73F09FC4215536B1DCE2A9E0A830C70
 |   |   |- Guid:52D4C1B245D19562AC598EA316C75029 BaseClass: NativeClass:/Script/Engine.AmbientSound Name:AmbientSound_UAID_BCC746A635C91C2302_1703240383 Label:ReBreather2b SpatiallyLoaded:1 Bounds:IsValid=true, Min=(X=1630.000 Y=1930.000 Z=200.000), Max=(X=1630.000 Y=1930.000 Z=200.000) RuntimeGrid:None EditorOnly:0 RuntimeOnly:0 HLODRelevant:0 ListedInSceneOutliner:1 IsMainWorldOnly:0
 |   |   |- Guid:5469D3C7458294962098CBA0A46A155C BaseClass: NativeClass:/Script/Engine.StaticMeshActor Name:StaticMeshActor_6 Label:SM_Cube3 SpatiallyLoaded:1 Bounds:IsValid=true, Min=(X=-2433.000 Y=5031.000 Z=-3188.000), Max=(X=4798.250 Y=5131.000 Z=408.875) RuntimeGrid:None EditorOnly:0 RuntimeOnly:0 HLODRelevant:1 ListedInSceneOutliner:1 IsMainWorldOnly:0 FolderPath:Playground FolderGuid:C73F09FC4215536B1DCE2A9E0A830C70
 |   |   |- Guid:55C38A4742FE55C0962493975599FA25 BaseClass: NativeClass:/Script/Landscape.LandscapeStreamingProxy Name:LandscapeStreamingProxy_A35ASS318KZGR7VI4JXFMCK7E_30_1_1_0 Label:LandscapeStreamingProxy_1_1_0 SpatiallyLoaded:1 Bounds:IsValid=true, Min=(X=-1348.000 Y=-1387.000 Z=-761.375), Max=(X=1652.000 Y=1613.000 Z=349.562) RuntimeGrid:None EditorOnly:0 RuntimeOnly:0 HLODRelevant:1 ListedInSceneOutliner:1 IsMainWorldOnly:0
 |   |   |- Guid:58D7FAFD4BF91BB1FD3298BF7D42C5A4 BaseClass: NativeClass:/Script/Engine.StaticMeshActor Name:StaticMeshActor_1 Label:SM_Cube SpatiallyLoaded:1 Bounds:IsValid=true, Min=(X=-2244.000 Y=-3222.000 Z=-845.000), Max=(X=4649.750 Y=5046.750 Z=-791.875) RuntimeGrid:None EditorOnly:0 RuntimeOnly:0 HLODRelevant:1 ListedInSceneOutliner:1 IsMainWorldOnly:0 FolderPath:Playground FolderGuid:C73F09FC4215536B1DCE2A9E0A830C70
 |   |   |- Guid:67C7B69B4C7A0BB870C59B8B52613643 BaseClass:/Game/GameObjects/Trashoffload.Trashoffload_C NativeClass:/Script/Engine.Actor Name:Trashoffload_C_UAID_04D9F58078F5A63202_1275599513 Label:Trashoffload SpatiallyLoaded:1 Bounds:IsValid=true, Min=(X=1919.000 Y=1670.000 Z=163.168), Max=(X=2103.000 Y=2170.000 Z=663.168) RuntimeGrid:None EditorOnly:0 RuntimeOnly:0 HLODRelevant:0 ListedInSceneOutliner:1 IsMainWorldOnly:0
 |   |   |- Guid:6D119E224B7BDC66ECF9169A1240F09F BaseClass: NativeClass:/Script/Engine.StaticMeshActor Name:StaticMeshActor_5 Label:SM_Cube2 SpatiallyLoaded:1 Bounds:IsValid=true, Min=(X=-2325.000 Y=-3319.000 Z=-3214.000), Max=(X=4665.625 Y=-3219.000 Z=389.125) RuntimeGrid:None EditorOnly:0 RuntimeOnly:0 HLODRelevant:1 ListedInSceneOutliner:1 IsMainWorldOnly:0 FolderPath:Playground FolderGuid:C73F09FC4215536B1DCE2A9E0A830C70
 |   |   |- Guid:72F5E9534B3421445C74A182438EF6DB BaseClass: NativeClass:/Script/Landscape.LandscapeStreamingProxy Name:LandscapeStreamingProxy_A35ASS318KZGR7VI4JXFMCK7E_30_1_3_0 Label:LandscapeStreamingProxy_1_3_0 SpatiallyLoaded:1 Bounds:IsValid=true, Min=(X=-1348.000 Y=4613.000 Z=-777.000), Max=(X=1652.000 Y=6113.000 Z=-562.156) RuntimeGrid:None EditorOnly:0 RuntimeOnly:0 HLODRelevant:1 ListedInSceneOutliner:1 IsMainWorldOnly:0
 |   |   |- Guid:75AE97FF476D34D0355265910FFD14DB BaseClass: NativeClass:/Script/Engine.StaticMeshActor Name:StaticMeshActor_UAID_7085C2412C3FEA2602_1857935807 Label:Lobster SpatiallyLoaded:1 Bounds:IsValid=true, Min=(X=1520.000 Y=1350.000 Z=120.000), Max=(X=1520.000 Y=1350.000 Z=120.000) RuntimeGrid:None EditorOnly:0 RuntimeOnly:0 HLODRelevant:0 ListedInSceneOutliner:1 IsMainWorldOnly:0
 |   |   |- Guid:770E388045321971E7E0848A48141567 BaseClass: NativeClass:/Script/Engine.StaticMeshActor Name:StaticMeshActor_UAID_7085C2412C3FCF2502_2053393000 Label:Corals SpatiallyLoaded:1 Bounds:IsValid=true, Min=(X=1970.000 Y=2790.000 Z=200.000), Max=(X=1970.000 Y=2790.000 Z=200.000) RuntimeGrid:None EditorOnly:0 RuntimeOnly:0 HLODRelevant:0 ListedInSceneOutliner:1 IsMainWorldOnly:0
 |   |   |- Guid:8390F62F4AD7A006EF7002AC629BD5E7 BaseClass: NativeClass:/Script/Engine.StaticMeshActor Name:StaticMeshActor_UAID_A4AE111137DC5EFB00_1110535423 Label:SM_SkySphere SpatiallyLoaded:0 Bounds:IsValid=true, Min=(X=-1638400.000 Y=-1638400.000 Z=-1638400.000), Max=(X=1638400.000 Y=1638400.000 Z=1638400.000) RuntimeGrid:None EditorOnly:0 RuntimeOnly:0 HLODRelevant:0 ListedInSceneOutliner:1 IsMainWorldOnly:0 FolderPath:Lighting FolderGuid:963EC3EB4002CCE9759E2EBA541A873A
 |   |   |- Guid:891690F34D20A41D0732858FD852A80A BaseClass: NativeClass:/Script/Engine.SkeletalMeshActor Name:SkeletalMeshActor_UAID_40C2BA17E444293302_2044684567 Label:PalmTree_BAKED_Armature_Action SpatiallyLoaded:1 Bounds:IsValid=true, Min=(X=1074.380 Y=527.092 Z=267.616), Max=(X=2960.927 Y=2315.070 Z=2038.660) RuntimeGrid:None EditorOnly:0 RuntimeOnly:0 HLODRelevant:0 ListedInSceneOutliner:1 IsMainWorldOnly:0
 |   |   |- Guid:8DE3FF62408FF04372EBA3A0441F6498 BaseClass: NativeClass:/Script/Engine.StaticMeshActor Name:StaticMeshActor_UAID_7085C2412C3FD02502_1175576178 Label:Corals2 SpatiallyLoaded:1 Bounds:IsValid=true, Min=(X=1930.000 Y=2780.000 Z=200.000), Max=(X=1930.000 Y=2780.000 Z=200.000) RuntimeGrid:None EditorOnly:0 RuntimeOnly:0 HLODRelevant:0 ListedInSceneOutliner:1 IsMainWorldOnly:0
 |   |   |- Guid:A0E77E754BA0DE3DE7952FBC35ED891C BaseClass: NativeClass:/Script/Engine.StaticMeshActor Name:StaticMeshActor_4 Label:SM_Cube6 SpatiallyLoaded:1 Bounds:IsValid=true, Min=(X=4653.000 Y=-3306.000 Z=-3215.000), Max=(X=4753.000 Y=5053.375 Z=394.375) RuntimeGrid:None EditorOnly:0 RuntimeOnly:0 HLODRelevant:1 ListedInSceneOutliner:1 IsMainWorldOnly:0 FolderPath:Playground FolderGuid:C73F09FC4215536B1DCE2A9E0A830C70
 |   |   |- Guid:A916741D4C176760D9D4F68A81A080FE BaseClass: NativeClass:/Script/Landscape.LandscapeStreamingProxy Name:LandscapeStreamingProxy_A35ASS318KZGR7VI4JXFMCK7E_30_2_1_0 Label:LandscapeStreamingProxy_2_1_0 SpatiallyLoaded:1 Bounds:IsValid=true, Min=(X=1652.000 Y=-1387.000 Z=-760.594), Max=(X=4652.000 Y=1613.000 Z=297.219) RuntimeGrid:None EditorOnly:0 RuntimeOnly:0 HLODRelevant:1 ListedInSceneOutliner:1 IsMainWorldOnly:0
 |   |   |- Guid:AB1DF8F748DB9B62FC54328233B08E9D BaseClass: NativeClass:/Script/Engine.PlayerStart Name:PlayerStart_0 Label:PlayerStart SpatiallyLoaded:0 Bounds:IsValid=true, Min=(X=1520.000 Y=1361.000 Z=265.013), Max=(X=1600.000 Y=1441.000 Z=449.013) RuntimeGrid:None EditorOnly:0 RuntimeOnly:0 HLODRelevant:0 ListedInSceneOutliner:1 IsMainWorldOnly:0
 |   |   |- Guid:B0E023A34346AF5E5E4977816548323A BaseClass: NativeClass:/Script/Engine.DirectionalLight Name:DirectionalLight_0 Label:DirectionalLight SpatiallyLoaded:0 Bounds:Invalid RuntimeGrid:None EditorOnly:0 RuntimeOnly:0 HLODRelevant:0 ListedInSceneOutliner:1 IsMainWorldOnly:0 FolderPath:Lighting FolderGuid:963EC3EB4002CCE9759E2EBA541A873A
 |   |   |- Guid:C8B05F614510621025330691DCE223C0 BaseClass: NativeClass:/Script/Engine.TextRenderActor Name:TextRenderActor_1 Label:TextRenderActor SpatiallyLoaded:1 Bounds:IsValid=true, Min=(X=-0.100 Y=1100.000 Z=65.013), Max=(X=-0.100 Y=2392.308 Z=215.013) RuntimeGrid:None EditorOnly:0 RuntimeOnly:0 HLODRelevant:0 ListedInSceneOutliner:1 IsMainWorldOnly:0
 |   |   |- Guid:D7446F4248C19E33A38BBD8752791AB6 BaseClass: NativeClass:/Script/Engine.WorldDataLayers Name:WorldDataLayers Label:WorldDataLayers SpatiallyLoaded:0 Bounds:Invalid RuntimeGrid:None EditorOnly:0 RuntimeOnly:0 HLODRelevant:0 ListedInSceneOutliner:1 IsMainWorldOnly:1
 |   |   |- Guid:D7C0278F4D1AD9847823999D3FEA3710 BaseClass: NativeClass:/Script/Landscape.LandscapeStreamingProxy Name:LandscapeStreamingProxy_A35ASS318KZGR7VI4JXFMCK7E_30_3_3_0 Label:LandscapeStreamingProxy_3_3_0 SpatiallyLoaded:1 Bounds:IsValid=true, Min=(X=4652.000 Y=4613.000 Z=-777.000), Max=(X=6152.000 Y=6113.000 Z=-564.500) RuntimeGrid:None EditorOnly:0 RuntimeOnly:0 HLODRelevant:1 ListedInSceneOutliner:1 IsMainWorldOnly:0
 |   |   |- Guid:D9A07A534AF9D1CD31AFC0B72081814F BaseClass:/Game/ThirdPerson/Blueprints/WaterBodyLake_Blueprint.WaterBodyLake_Blueprint_C NativeClass:/Script/Water.WaterBodyLake Name:WaterBodyLake_Blueprint_C_UAID_BCC746A635C9522102_1912956777 Label:WaterBodyLake_Blueprint SpatiallyLoaded:1 Bounds:IsValid=true, Min=(X=-5148.000 Y=-4042.781 Z=-1004.000), Max=(X=6345.227 Y=6766.969 Z=325.057) RuntimeGrid:None EditorOnly:0 RuntimeOnly:0 HLODRelevant:1 ListedInSceneOutliner:1 IsMainWorldOnly:0
 |   |   |- Guid:DD20F2924CB55097D503C794574AF0E0 BaseClass: NativeClass:/Script/Engine.ExponentialHeightFog Name:ExponentialHeightFog_0 Label:ExponentialHeightFog SpatiallyLoaded:0 Bounds:IsValid=true, Min=(X=-5600.000 Y=-50.000 Z=-6850.000), Max=(X=-5600.000 Y=-50.000 Z=-6850.000) RuntimeGrid:None EditorOnly:0 RuntimeOnly:0 HLODRelevant:0 ListedInSceneOutliner:1 IsMainWorldOnly:0 FolderPath:Lighting FolderGuid:963EC3EB4002CCE9759E2EBA541A873A
 |   |   |- Guid:F0A82B5E4E61B91456793C8D9B43C17B BaseClass: NativeClass:/Script/Engine.PostProcessVolume Name:PostProcessVolume_0 Label:PostProcessVolume SpatiallyLoaded:0 Bounds:IsValid=true, Min=(X=0.000 Y=0.000 Z=400.000), Max=(X=200.000 Y=200.000 Z=600.000) RuntimeGrid:None EditorOnly:0 RuntimeOnly:0 HLODRelevant:0 ListedInSceneOutliner:1 IsMainWorldOnly:0 FolderPath:Lighting FolderGuid:963EC3EB4002CCE9759E2EBA541A873A
 |   |   |- Guid:F2D55BAC422FC8F3C1BF10A9CE03FA04 BaseClass: NativeClass:/Script/Landscape.LandscapeStreamingProxy Name:LandscapeStreamingProxy_A35ASS318KZGR7VI4JXFMCK7E_30_1_2_0 Label:LandscapeStreamingProxy_1_2_0 SpatiallyLoaded:1 Bounds:IsValid=true, Min=(X=-1348.000 Y=1613.000 Z=-695.750), Max=(X=1652.000 Y=4613.000 Z=341.750) RuntimeGrid:None EditorOnly:0 RuntimeOnly:0 HLODRelevant:1 ListedInSceneOutliner:1 IsMainWorldOnly:0
 |   |   |- Guid:F60EFF0E40A2106D5CB156AF670F5CC0 BaseClass: NativeClass:/Script/Landscape.LandscapeStreamingProxy Name:LandscapeStreamingProxy_A35ASS318KZGR7VI4JXFMCK7E_30_0_1_0 Label:LandscapeStreamingProxy_0_1_0 SpatiallyLoaded:1 Bounds:IsValid=true, Min=(X=-4348.000 Y=-1387.000 Z=-877.000), Max=(X=-1348.000 Y=1613.000 Z=-562.156) RuntimeGrid:None EditorOnly:0 RuntimeOnly:0 HLODRelevant:1 ListedInSceneOutliner:1 IsMainWorldOnly:0
 |   |   |- Guid:F71082BF430F6DC02BEAEDBB204570E4 BaseClass:/Game/GameObjects/Fishoffload.Fishoffload_C NativeClass:/Script/Engine.Actor Name:Fishoffload_C_UAID_04D9F58078F5A63202_1259060512 Label:Fishoffload SpatiallyLoaded:1 Bounds:IsValid=true, Min=(X=1905.000 Y=1334.000 Z=174.168), Max=(X=2105.000 Y=1834.000 Z=674.168) RuntimeGrid:None EditorOnly:0 RuntimeOnly:0 HLODRelevant:0 ListedInSceneOutliner:1 IsMainWorldOnly:0
 |   |   |- Guid:F81E723B4E187E515EEA28938D8EA2B2 BaseClass: NativeClass:/Script/Landscape.LandscapeStreamingProxy Name:LandscapeStreamingProxy_A35ASS318KZGR7VI4JXFMCK7E_30_0_2_0 Label:LandscapeStreamingProxy_0_2_0 SpatiallyLoaded:1 Bounds:IsValid=true, Min=(X=-4348.000 Y=1613.000 Z=-877.000), Max=(X=-1348.000 Y=4613.000 Z=-562.156) RuntimeGrid:None EditorOnly:0 RuntimeOnly:0 HLODRelevant:1 ListedInSceneOutliner:1 IsMainWorldOnly:0
 |   |   |- Guid:F91061CE47B6DB9FC54AA5BF0DF9286F BaseClass: NativeClass:/Script/Engine.SkyAtmosphere Name:SkyAtmosphere_0 Label:SkyAtmosphere SpatiallyLoaded:0 Bounds:IsValid=true, Min=(X=0.000 Y=0.000 Z=1020.000), Max=(X=0.000 Y=0.000 Z=1020.000) RuntimeGrid:None EditorOnly:0 RuntimeOnly:0 HLODRelevant:0 ListedInSceneOutliner:1 IsMainWorldOnly:0 FolderPath:Lighting FolderGuid:963EC3EB4002CCE9759E2EBA541A873A
 |   |   |- Guid:FD82DB2E4C1A5450E637328D2D2CA4F0 BaseClass: NativeClass:/Script/Landscape.LandscapeStreamingProxy Name:LandscapeStreamingProxy_A35ASS318KZGR7VI4JXFMCK7E_30_2_0_0 Label:LandscapeStreamingProxy_2_0_0 SpatiallyLoaded:1 Bounds:IsValid=true, Min=(X=1652.000 Y=-4387.000 Z=-777.000), Max=(X=4652.000 Y=-1387.000 Z=-462.156) RuntimeGrid:None EditorOnly:0 RuntimeOnly:0 HLODRelevant:1 ListedInSceneOutliner:1 IsMainWorldOnly:0
 |   |- [+] Clusters:
 |   |   |- [+] [  0]
 |   |   |   |- Guid:05BCF0844084FE9422390CAE300B8224 BaseClass: NativeClass:/Script/Water.WaterZone Name:WaterZone_UAID_BCC746A635C9522102_1251113776 Label:WaterZone SpatiallyLoaded:0 Bounds:IsValid=true, Min=(X=-25600.000 Y=-25600.000 Z=-25600.000), Max=(X=25600.000 Y=25600.000 Z=25600.000) RuntimeGrid:None EditorOnly:0 RuntimeOnly:0 HLODRelevant:0 ListedInSceneOutliner:1 IsMainWorldOnly:0
 |   |   |- [+] [  1]
 |   |   |   |- Guid:07CF1F5D48FD76D61926599670BFD377 BaseClass: NativeClass:/Script/Engine.StaticMeshActor Name:StaticMeshActor_UAID_40C2BA17E4442A3302_1109073745 Label:Rock_12 SpatiallyLoaded:1 Bounds:IsValid=true, Min=(X=3943.406 Y=4864.973 Z=75.367), Max=(X=5161.802 Y=5671.454 Z=861.254) RuntimeGrid:None EditorOnly:0 RuntimeOnly:0 HLODRelevant:1 ListedInSceneOutliner:1 IsMainWorldOnly:0
 |   |   |- [+] [  2]
 |   |   |   |- Guid:0CA6402D4782BDBD207987AF06AF25C6 BaseClass: NativeClass:/Script/Landscape.LandscapeStreamingProxy Name:LandscapeStreamingProxy_A35ASS318KZGR7VI4JXFMCK7E_30_2_3_0 Label:LandscapeStreamingProxy_2_3_0 SpatiallyLoaded:1 Bounds:IsValid=true, Min=(X=1652.000 Y=4613.000 Z=-777.000), Max=(X=4652.000 Y=6113.000 Z=-562.156) RuntimeGrid:None EditorOnly:0 RuntimeOnly:0 HLODRelevant:1 ListedInSceneOutliner:1 IsMainWorldOnly:0
 |   |   |- [+] [  3]
 |   |   |   |- Guid:0E3BDBA44584252010E017B5A35D9797 BaseClass: NativeClass:/Script/Engine.SkyLight Name:SkyLight_1 Label:SkyLight SpatiallyLoaded:0 Bounds:IsValid=true, Min=(X=0.000 Y=0.000 Z=690.000), Max=(X=0.000 Y=0.000 Z=690.000) RuntimeGrid:None EditorOnly:0 RuntimeOnly:0 HLODRelevant:0 ListedInSceneOutliner:1 IsMainWorldOnly:0 FolderPath:Lighting FolderGuid:963EC3EB4002CCE9759E2EBA541A873A
 |   |   |- [+] [  4]
 |   |   |   |- Guid:1354CFB34CC0F20CC2F2CFA4D1E4472B BaseClass: NativeClass:/Script/Landscape.LandscapeStreamingProxy Name:LandscapeStreamingProxy_A35ASS318KZGR7VI4JXFMCK7E_30_0_0_0 Label:LandscapeStreamingProxy_0_0_0 SpatiallyLoaded:1 Bounds:IsValid=true, Min=(X=-4348.000 Y=-4387.000 Z=-877.000), Max=(X=-1348.000 Y=-1387.000 Z=-562.156) RuntimeGrid:None EditorOnly:0 RuntimeOnly:0 HLODRelevant:1 ListedInSceneOutliner:1 IsMainWorldOnly:0
 |   |   |- [+] [  5]
 |   |   |   |- Guid:17A4100741D9B660C6BA2FB576B0A6C9 BaseClass: NativeClass:/Script/Engine.VolumetricCloud Name:VolumetricCloud_0 Label:VolumetricCloud SpatiallyLoaded:0 Bounds:IsValid=true, Min=(X=0.000 Y=0.000 Z=820.000), Max=(X=0.000 Y=0.000 Z=820.000) RuntimeGrid:None EditorOnly:0 RuntimeOnly:0 HLODRelevant:0 ListedInSceneOutliner:1 IsMainWorldOnly:0 FolderPath:Lighting FolderGuid:963EC3EB4002CCE9759E2EBA541A873A
 |   |   |- [+] [  6]
 |   |   |   |- Guid:20B1253741F89FE09CD7608B990C8A45 BaseClass: NativeClass:/Script/Landscape.LandscapeStreamingProxy Name:LandscapeStreamingProxy_A35ASS318KZGR7VI4JXFMCK7E_30_2_2_0 Label:LandscapeStreamingProxy_2_2_0 SpatiallyLoaded:1 Bounds:IsValid=true, Min=(X=1652.000 Y=1613.000 Z=-648.094), Max=(X=4652.000 Y=4613.000 Z=283.156) RuntimeGrid:None EditorOnly:0 RuntimeOnly:0 HLODRelevant:1 ListedInSceneOutliner:1 IsMainWorldOnly:0
 |   |   |- [+] [  7]
 |   |   |   |- Guid:2477A0A54FE741F8465328B7D686EAC7 BaseClass: NativeClass:/Script/Landscape.LandscapeStreamingProxy Name:LandscapeStreamingProxy_A35ASS318KZGR7VI4JXFMCK7E_30_3_1_0 Label:LandscapeStreamingProxy_3_1_0 SpatiallyLoaded:1 Bounds:IsValid=true, Min=(X=4652.000 Y=-1387.000 Z=-777.000), Max=(X=6152.000 Y=1613.000 Z=-562.156) RuntimeGrid:None EditorOnly:0 RuntimeOnly:0 HLODRelevant:1 ListedInSceneOutliner:1 IsMainWorldOnly:0
 |   |   |- [+] [  8]
 |   |   |   |- Guid:28C897E3400A4FBC452386B57C0B05D4 BaseClass: NativeClass:/Script/Landscape.LandscapeStreamingProxy Name:LandscapeStreamingProxy_A35ASS318KZGR7VI4JXFMCK7E_30_3_2_0 Label:LandscapeStreamingProxy_3_2_0 SpatiallyLoaded:1 Bounds:IsValid=true, Min=(X=4652.000 Y=1613.000 Z=-777.000), Max=(X=6152.000 Y=4613.000 Z=-479.344) RuntimeGrid:None EditorOnly:0 RuntimeOnly:0 HLODRelevant:1 ListedInSceneOutliner:1 IsMainWorldOnly:0
 |   |   |- [+] [  9]
 |   |   |   |- Guid:2E10BCC744E3141AF8AD1AB0CE26431C BaseClass: NativeClass:/Script/Landscape.LandscapeStreamingProxy Name:LandscapeStreamingProxy_A35ASS318KZGR7VI4JXFMCK7E_30_0_3_0 Label:LandscapeStreamingProxy_0_3_0 SpatiallyLoaded:1 Bounds:IsValid=true, Min=(X=-4348.000 Y=4613.000 Z=-777.000), Max=(X=-1348.000 Y=6113.000 Z=-562.156) RuntimeGrid:None EditorOnly:0 RuntimeOnly:0 HLODRelevant:1 ListedInSceneOutliner:1 IsMainWorldOnly:0
 |   |   |- [+] [ 10]
 |   |   |   |- Guid:2FA8380D4564911E0688F194B02D3FF0 BaseClass: NativeClass:/Script/Engine.SkeletalMeshActor Name:SkeletalMeshActor_UAID_40C2BA17E444293302_2074914568 Label:PalmTree_BAKED_Armature_Action2 SpatiallyLoaded:1 Bounds:IsValid=true, Min=(X=1444.473 Y=256.920 Z=135.365), Max=(X=2717.825 Y=1676.615 Z=1230.651) RuntimeGrid:None EditorOnly:0 RuntimeOnly:0 HLODRelevant:0 ListedInSceneOutliner:1 IsMainWorldOnly:0
 |   |   |- [+] [ 11]
 |   |   |   |- Guid:3170A37B403DA60B1769969736EF774C BaseClass: NativeClass:/Script/Landscape.LandscapeStreamingProxy Name:LandscapeStreamingProxy_A35ASS318KZGR7VI4JXFMCK7E_30_3_0_0 Label:LandscapeStreamingProxy_3_0_0 SpatiallyLoaded:1 Bounds:IsValid=true, Min=(X=4652.000 Y=-4387.000 Z=-777.000), Max=(X=6152.000 Y=-1387.000 Z=-562.156) RuntimeGrid:None EditorOnly:0 RuntimeOnly:0 HLODRelevant:1 ListedInSceneOutliner:1 IsMainWorldOnly:0
 |   |   |- [+] [ 12]
 |   |   |   |- Guid:463139544AFA0FACC27E1E81B0669D38 BaseClass: NativeClass:/Script/Landscape.Landscape Name:Landscape_UAID_04D9F58078F5A43202_1639272159 Label:Landscape SpatiallyLoaded:0 Bounds:IsValid=true, Min=(X=-4348.000 Y=-4387.000 Z=-777.000), Max=(X=-4348.000 Y=-4387.000 Z=-777.000) RuntimeGrid:None EditorOnly:0 RuntimeOnly:0 HLODRelevant:0 ListedInSceneOutliner:1 IsMainWorldOnly:0
 |   |   |- [+] [ 13]
 |   |   |   |- Guid:4F96230A4077147C2C2AAD990F5D0F9B BaseClass: NativeClass:/Script/Landscape.LandscapeStreamingProxy Name:LandscapeStreamingProxy_A35ASS318KZGR7VI4JXFMCK7E_30_1_0_0 Label:LandscapeStreamingProxy_1_0_0 SpatiallyLoaded:1 Bounds:IsValid=true, Min=(X=-1348.000 Y=-4387.000 Z=-777.000), Max=(X=1652.000 Y=-1387.000 Z=-462.156) RuntimeGrid:None EditorOnly:0 RuntimeOnly:0 HLODRelevant:1 ListedInSceneOutliner:1 IsMainWorldOnly:0
 |   |   |- [+] [ 14]
 |   |   |   |- Guid:524F600044BD1B571EB9839C8791F18C BaseClass: NativeClass:/Script/Engine.StaticMeshActor Name:StaticMeshActor_0 Label:SM_Cube5 SpatiallyLoaded:1 Bounds:IsValid=true, Min=(X=-2364.000 Y=-3257.000 Z=-3249.000), Max=(X=-2264.000 Y=5036.750 Z=379.125) RuntimeGrid:None EditorOnly:0 RuntimeOnly:0 HLODRelevant:1 ListedInSceneOutliner:1 IsMainWorldOnly:0 FolderPath:Playground FolderGuid:C73F09FC4215536B1DCE2A9E0A830C70
 |   |   |- [+] [ 15]
 |   |   |   |- Guid:52D4C1B245D19562AC598EA316C75029 BaseClass: NativeClass:/Script/Engine.AmbientSound Name:AmbientSound_UAID_BCC746A635C91C2302_1703240383 Label:ReBreather2b SpatiallyLoaded:1 Bounds:IsValid=true, Min=(X=1630.000 Y=1930.000 Z=200.000), Max=(X=1630.000 Y=1930.000 Z=200.000) RuntimeGrid:None EditorOnly:0 RuntimeOnly:0 HLODRelevant:0 ListedInSceneOutliner:1 IsMainWorldOnly:0
 |   |   |- [+] [ 16]
 |   |   |   |- Guid:5469D3C7458294962098CBA0A46A155C BaseClass: NativeClass:/Script/Engine.StaticMeshActor Name:StaticMeshActor_6 Label:SM_Cube3 SpatiallyLoaded:1 Bounds:IsValid=true, Min=(X=-2433.000 Y=5031.000 Z=-3188.000), Max=(X=4798.250 Y=5131.000 Z=408.875) RuntimeGrid:None EditorOnly:0 RuntimeOnly:0 HLODRelevant:1 ListedInSceneOutliner:1 IsMainWorldOnly:0 FolderPath:Playground FolderGuid:C73F09FC4215536B1DCE2A9E0A830C70
 |   |   |- [+] [ 17]
 |   |   |   |- Guid:55C38A4742FE55C0962493975599FA25 BaseClass: NativeClass:/Script/Landscape.LandscapeStreamingProxy Name:LandscapeStreamingProxy_A35ASS318KZGR7VI4JXFMCK7E_30_1_1_0 Label:LandscapeStreamingProxy_1_1_0 SpatiallyLoaded:1 Bounds:IsValid=true, Min=(X=-1348.000 Y=-1387.000 Z=-761.375), Max=(X=1652.000 Y=1613.000 Z=349.562) RuntimeGrid:None EditorOnly:0 RuntimeOnly:0 HLODRelevant:1 ListedInSceneOutliner:1 IsMainWorldOnly:0
 |   |   |- [+] [ 18]
 |   |   |   |- Guid:58D7FAFD4BF91BB1FD3298BF7D42C5A4 BaseClass: NativeClass:/Script/Engine.StaticMeshActor Name:StaticMeshActor_1 Label:SM_Cube SpatiallyLoaded:1 Bounds:IsValid=true, Min=(X=-2244.000 Y=-3222.000 Z=-845.000), Max=(X=4649.750 Y=5046.750 Z=-791.875) RuntimeGrid:None EditorOnly:0 RuntimeOnly:0 HLODRelevant:1 ListedInSceneOutliner:1 IsMainWorldOnly:0 FolderPath:Playground FolderGuid:C73F09FC4215536B1DCE2A9E0A830C70
 |   |   |- [+] [ 19]
 |   |   |   |- Guid:67C7B69B4C7A0BB870C59B8B52613643 BaseClass:/Game/GameObjects/Trashoffload.Trashoffload_C NativeClass:/Script/Engine.Actor Name:Trashoffload_C_UAID_04D9F58078F5A63202_1275599513 Label:Trashoffload SpatiallyLoaded:1 Bounds:IsValid=true, Min=(X=1919.000 Y=1670.000 Z=163.168), Max=(X=2103.000 Y=2170.000 Z=663.168) RuntimeGrid:None EditorOnly:0 RuntimeOnly:0 HLODRelevant:0 ListedInSceneOutliner:1 IsMainWorldOnly:0
 |   |   |- [+] [ 20]
 |   |   |   |- Guid:6D119E224B7BDC66ECF9169A1240F09F BaseClass: NativeClass:/Script/Engine.StaticMeshActor Name:StaticMeshActor_5 Label:SM_Cube2 SpatiallyLoaded:1 Bounds:IsValid=true, Min=(X=-2325.000 Y=-3319.000 Z=-3214.000), Max=(X=4665.625 Y=-3219.000 Z=389.125) RuntimeGrid:None EditorOnly:0 RuntimeOnly:0 HLODRelevant:1 ListedInSceneOutliner:1 IsMainWorldOnly:0 FolderPath:Playground FolderGuid:C73F09FC4215536B1DCE2A9E0A830C70
 |   |   |- [+] [ 21]
 |   |   |   |- Guid:72F5E9534B3421445C74A182438EF6DB BaseClass: NativeClass:/Script/Landscape.LandscapeStreamingProxy Name:LandscapeStreamingProxy_A35ASS318KZGR7VI4JXFMCK7E_30_1_3_0 Label:LandscapeStreamingProxy_1_3_0 SpatiallyLoaded:1 Bounds:IsValid=true, Min=(X=-1348.000 Y=4613.000 Z=-777.000), Max=(X=1652.000 Y=6113.000 Z=-562.156) RuntimeGrid:None EditorOnly:0 RuntimeOnly:0 HLODRelevant:1 ListedInSceneOutliner:1 IsMainWorldOnly:0
 |   |   |- [+] [ 22]
 |   |   |   |- Guid:75AE97FF476D34D0355265910FFD14DB BaseClass: NativeClass:/Script/Engine.StaticMeshActor Name:StaticMeshActor_UAID_7085C2412C3FEA2602_1857935807 Label:Lobster SpatiallyLoaded:1 Bounds:IsValid=true, Min=(X=1520.000 Y=1350.000 Z=120.000), Max=(X=1520.000 Y=1350.000 Z=120.000) RuntimeGrid:None EditorOnly:0 RuntimeOnly:0 HLODRelevant:0 ListedInSceneOutliner:1 IsMainWorldOnly:0
 |   |   |- [+] [ 23]
 |   |   |   |- Guid:770E388045321971E7E0848A48141567 BaseClass: NativeClass:/Script/Engine.StaticMeshActor Name:StaticMeshActor_UAID_7085C2412C3FCF2502_2053393000 Label:Corals SpatiallyLoaded:1 Bounds:IsValid=true, Min=(X=1970.000 Y=2790.000 Z=200.000), Max=(X=1970.000 Y=2790.000 Z=200.000) RuntimeGrid:None EditorOnly:0 RuntimeOnly:0 HLODRelevant:0 ListedInSceneOutliner:1 IsMainWorldOnly:0
 |   |   |- [+] [ 24]
 |   |   |   |- Guid:8390F62F4AD7A006EF7002AC629BD5E7 BaseClass: NativeClass:/Script/Engine.StaticMeshActor Name:StaticMeshActor_UAID_A4AE111137DC5EFB00_1110535423 Label:SM_SkySphere SpatiallyLoaded:0 Bounds:IsValid=true, Min=(X=-1638400.000 Y=-1638400.000 Z=-1638400.000), Max=(X=1638400.000 Y=1638400.000 Z=1638400.000) RuntimeGrid:None EditorOnly:0 RuntimeOnly:0 HLODRelevant:0 ListedInSceneOutliner:1 IsMainWorldOnly:0 FolderPath:Lighting FolderGuid:963EC3EB4002CCE9759E2EBA541A873A
 |   |   |- [+] [ 25]
 |   |   |   |- Guid:891690F34D20A41D0732858FD852A80A BaseClass: NativeClass:/Script/Engine.SkeletalMeshActor Name:SkeletalMeshActor_UAID_40C2BA17E444293302_2044684567 Label:PalmTree_BAKED_Armature_Action SpatiallyLoaded:1 Bounds:IsValid=true, Min=(X=1074.380 Y=527.092 Z=267.616), Max=(X=2960.927 Y=2315.070 Z=2038.660) RuntimeGrid:None EditorOnly:0 RuntimeOnly:0 HLODRelevant:0 ListedInSceneOutliner:1 IsMainWorldOnly:0
 |   |   |- [+] [ 26]
 |   |   |   |- Guid:8DE3FF62408FF04372EBA3A0441F6498 BaseClass: NativeClass:/Script/Engine.StaticMeshActor Name:StaticMeshActor_UAID_7085C2412C3FD02502_1175576178 Label:Corals2 SpatiallyLoaded:1 Bounds:IsValid=true, Min=(X=1930.000 Y=2780.000 Z=200.000), Max=(X=1930.000 Y=2780.000 Z=200.000) RuntimeGrid:None EditorOnly:0 RuntimeOnly:0 HLODRelevant:0 ListedInSceneOutliner:1 IsMainWorldOnly:0
 |   |   |- [+] [ 27]
 |   |   |   |- Guid:A0E77E754BA0DE3DE7952FBC35ED891C BaseClass: NativeClass:/Script/Engine.StaticMeshActor Name:StaticMeshActor_4 Label:SM_Cube6 SpatiallyLoaded:1 Bounds:IsValid=true, Min=(X=4653.000 Y=-3306.000 Z=-3215.000), Max=(X=4753.000 Y=5053.375 Z=394.375) RuntimeGrid:None EditorOnly:0 RuntimeOnly:0 HLODRelevant:1 ListedInSceneOutliner:1 IsMainWorldOnly:0 FolderPath:Playground FolderGuid:C73F09FC4215536B1DCE2A9E0A830C70
 |   |   |- [+] [ 28]
 |   |   |   |- Guid:A916741D4C176760D9D4F68A81A080FE BaseClass: NativeClass:/Script/Landscape.LandscapeStreamingProxy Name:LandscapeStreamingProxy_A35ASS318KZGR7VI4JXFMCK7E_30_2_1_0 Label:LandscapeStreamingProxy_2_1_0 SpatiallyLoaded:1 Bounds:IsValid=true, Min=(X=1652.000 Y=-1387.000 Z=-760.594), Max=(X=4652.000 Y=1613.000 Z=297.219) RuntimeGrid:None EditorOnly:0 RuntimeOnly:0 HLODRelevant:1 ListedInSceneOutliner:1 IsMainWorldOnly:0
 |   |   |- [+] [ 29]
 |   |   |   |- Guid:AB1DF8F748DB9B62FC54328233B08E9D BaseClass: NativeClass:/Script/Engine.PlayerStart Name:PlayerStart_0 Label:PlayerStart SpatiallyLoaded:0 Bounds:IsValid=true, Min=(X=1520.000 Y=1361.000 Z=265.013), Max=(X=1600.000 Y=1441.000 Z=449.013) RuntimeGrid:None EditorOnly:0 RuntimeOnly:0 HLODRelevant:0 ListedInSceneOutliner:1 IsMainWorldOnly:0
 |   |   |- [+] [ 30]
 |   |   |   |- Guid:B0E023A34346AF5E5E4977816548323A BaseClass: NativeClass:/Script/Engine.DirectionalLight Name:DirectionalLight_0 Label:DirectionalLight SpatiallyLoaded:0 Bounds:Invalid RuntimeGrid:None EditorOnly:0 RuntimeOnly:0 HLODRelevant:0 ListedInSceneOutliner:1 IsMainWorldOnly:0 FolderPath:Lighting FolderGuid:963EC3EB4002CCE9759E2EBA541A873A
 |   |   |- [+] [ 31]
 |   |   |   |- Guid:C8B05F614510621025330691DCE223C0 BaseClass: NativeClass:/Script/Engine.TextRenderActor Name:TextRenderActor_1 Label:TextRenderActor SpatiallyLoaded:1 Bounds:IsValid=true, Min=(X=-0.100 Y=1100.000 Z=65.013), Max=(X=-0.100 Y=2392.308 Z=215.013) RuntimeGrid:None EditorOnly:0 RuntimeOnly:0 HLODRelevant:0 ListedInSceneOutliner:1 IsMainWorldOnly:0
 |   |   |- [+] [ 32]
 |   |   |   |- Guid:D7446F4248C19E33A38BBD8752791AB6 BaseClass: NativeClass:/Script/Engine.WorldDataLayers Name:WorldDataLayers Label:WorldDataLayers SpatiallyLoaded:0 Bounds:Invalid RuntimeGrid:None EditorOnly:0 RuntimeOnly:0 HLODRelevant:0 ListedInSceneOutliner:1 IsMainWorldOnly:1
 |   |   |- [+] [ 33]
 |   |   |   |- Guid:D7C0278F4D1AD9847823999D3FEA3710 BaseClass: NativeClass:/Script/Landscape.LandscapeStreamingProxy Name:LandscapeStreamingProxy_A35ASS318KZGR7VI4JXFMCK7E_30_3_3_0 Label:LandscapeStreamingProxy_3_3_0 SpatiallyLoaded:1 Bounds:IsValid=true, Min=(X=4652.000 Y=4613.000 Z=-777.000), Max=(X=6152.000 Y=6113.000 Z=-564.500) RuntimeGrid:None EditorOnly:0 RuntimeOnly:0 HLODRelevant:1 ListedInSceneOutliner:1 IsMainWorldOnly:0
 |   |   |- [+] [ 34]
 |   |   |   |- Guid:D9A07A534AF9D1CD31AFC0B72081814F BaseClass:/Game/ThirdPerson/Blueprints/WaterBodyLake_Blueprint.WaterBodyLake_Blueprint_C NativeClass:/Script/Water.WaterBodyLake Name:WaterBodyLake_Blueprint_C_UAID_BCC746A635C9522102_1912956777 Label:WaterBodyLake_Blueprint SpatiallyLoaded:1 Bounds:IsValid=true, Min=(X=-5148.000 Y=-4042.781 Z=-1004.000), Max=(X=6345.227 Y=6766.969 Z=325.057) RuntimeGrid:None EditorOnly:0 RuntimeOnly:0 HLODRelevant:1 ListedInSceneOutliner:1 IsMainWorldOnly:0
 |   |   |- [+] [ 35]
 |   |   |   |- Guid:DD20F2924CB55097D503C794574AF0E0 BaseClass: NativeClass:/Script/Engine.ExponentialHeightFog Name:ExponentialHeightFog_0 Label:ExponentialHeightFog SpatiallyLoaded:0 Bounds:IsValid=true, Min=(X=-5600.000 Y=-50.000 Z=-6850.000), Max=(X=-5600.000 Y=-50.000 Z=-6850.000) RuntimeGrid:None EditorOnly:0 RuntimeOnly:0 HLODRelevant:0 ListedInSceneOutliner:1 IsMainWorldOnly:0 FolderPath:Lighting FolderGuid:963EC3EB4002CCE9759E2EBA541A873A
 |   |   |- [+] [ 36]
 |   |   |   |- Guid:F0A82B5E4E61B91456793C8D9B43C17B BaseClass: NativeClass:/Script/Engine.PostProcessVolume Name:PostProcessVolume_0 Label:PostProcessVolume SpatiallyLoaded:0 Bounds:IsValid=true, Min=(X=0.000 Y=0.000 Z=400.000), Max=(X=200.000 Y=200.000 Z=600.000) RuntimeGrid:None EditorOnly:0 RuntimeOnly:0 HLODRelevant:0 ListedInSceneOutliner:1 IsMainWorldOnly:0 FolderPath:Lighting FolderGuid:963EC3EB4002CCE9759E2EBA541A873A
 |   |   |- [+] [ 37]
 |   |   |   |- Guid:F2D55BAC422FC8F3C1BF10A9CE03FA04 BaseClass: NativeClass:/Script/Landscape.LandscapeStreamingProxy Name:LandscapeStreamingProxy_A35ASS318KZGR7VI4JXFMCK7E_30_1_2_0 Label:LandscapeStreamingProxy_1_2_0 SpatiallyLoaded:1 Bounds:IsValid=true, Min=(X=-1348.000 Y=1613.000 Z=-695.750), Max=(X=1652.000 Y=4613.000 Z=341.750) RuntimeGrid:None EditorOnly:0 RuntimeOnly:0 HLODRelevant:1 ListedInSceneOutliner:1 IsMainWorldOnly:0
 |   |   |- [+] [ 38]
 |   |   |   |- Guid:F60EFF0E40A2106D5CB156AF670F5CC0 BaseClass: NativeClass:/Script/Landscape.LandscapeStreamingProxy Name:LandscapeStreamingProxy_A35ASS318KZGR7VI4JXFMCK7E_30_0_1_0 Label:LandscapeStreamingProxy_0_1_0 SpatiallyLoaded:1 Bounds:IsValid=true, Min=(X=-4348.000 Y=-1387.000 Z=-877.000), Max=(X=-1348.000 Y=1613.000 Z=-562.156) RuntimeGrid:None EditorOnly:0 RuntimeOnly:0 HLODRelevant:1 ListedInSceneOutliner:1 IsMainWorldOnly:0
 |   |   |- [+] [ 39]
 |   |   |   |- Guid:F71082BF430F6DC02BEAEDBB204570E4 BaseClass:/Game/GameObjects/Fishoffload.Fishoffload_C NativeClass:/Script/Engine.Actor Name:Fishoffload_C_UAID_04D9F58078F5A63202_1259060512 Label:Fishoffload SpatiallyLoaded:1 Bounds:IsValid=true, Min=(X=1905.000 Y=1334.000 Z=174.168), Max=(X=2105.000 Y=1834.000 Z=674.168) RuntimeGrid:None EditorOnly:0 RuntimeOnly:0 HLODRelevant:0 ListedInSceneOutliner:1 IsMainWorldOnly:0
 |   |   |- [+] [ 40]
 |   |   |   |- Guid:F81E723B4E187E515EEA28938D8EA2B2 BaseClass: NativeClass:/Script/Landscape.LandscapeStreamingProxy Name:LandscapeStreamingProxy_A35ASS318KZGR7VI4JXFMCK7E_30_0_2_0 Label:LandscapeStreamingProxy_0_2_0 SpatiallyLoaded:1 Bounds:IsValid=true, Min=(X=-4348.000 Y=1613.000 Z=-877.000), Max=(X=-1348.000 Y=4613.000 Z=-562.156) RuntimeGrid:None EditorOnly:0 RuntimeOnly:0 HLODRelevant:1 ListedInSceneOutliner:1 IsMainWorldOnly:0
 |   |   |- [+] [ 41]
 |   |   |   |- Guid:F91061CE47B6DB9FC54AA5BF0DF9286F BaseClass: NativeClass:/Script/Engine.SkyAtmosphere Name:SkyAtmosphere_0 Label:SkyAtmosphere SpatiallyLoaded:0 Bounds:IsValid=true, Min=(X=0.000 Y=0.000 Z=1020.000), Max=(X=0.000 Y=0.000 Z=1020.000) RuntimeGrid:None EditorOnly:0 RuntimeOnly:0 HLODRelevant:0 ListedInSceneOutliner:1 IsMainWorldOnly:0 FolderPath:Lighting FolderGuid:963EC3EB4002CCE9759E2EBA541A873A
 |   |   |- [+] [ 42]
 |   |   |   |- Guid:FD82DB2E4C1A5450E637328D2D2CA4F0 BaseClass: NativeClass:/Script/Landscape.LandscapeStreamingProxy Name:LandscapeStreamingProxy_A35ASS318KZGR7VI4JXFMCK7E_30_2_0_0 Label:LandscapeStreamingProxy_2_0_0 SpatiallyLoaded:1 Bounds:IsValid=true, Min=(X=1652.000 Y=-4387.000 Z=-777.000), Max=(X=4652.000 Y=-1387.000 Z=-462.156) RuntimeGrid:None EditorOnly:0 RuntimeOnly:0 HLODRelevant:1 ListedInSceneOutliner:1 IsMainWorldOnly:0
 |- ContainerInstances:
 |- [+] MainContainer:
 |   |-        ID: 00000000000000000000000000000000
 |   |-  ParentID: 00000000000000000000000000000000
 |   |-    Bounds: IsValid=false, Min=(X=0.000 Y=0.000 Z=0.000), Max=(X=0.000 Y=0.000 Z=0.000)
 |   |- Transform: 0.000000,0.000000,0.000000|0.000000,0.000000,-0.000000|1.000000,1.000000,1.000000
 |   |- Container: /Game/ThirdPerson/Maps/Re-Breather_level2
----------------------------------------------------------------------------------------------------------------
Re-Breather_level2 - Persistent Level
----------------------------------------------------------------------------------------------------------------
[+] Content of Re-Breather_level2 Persistent Level
 |- Always loaded Actor Count: 43 
 |- Actor Path: /Game/ThirdPerson/Maps/Re-Breather_level2.Re-Breather_level2:PersistentLevel.AmbientSound_UAID_BCC746A635C91C2302_1703240383
 |- Actor Package: /Game/__ExternalActors__/ThirdPerson/Maps/Re-Breather_level2/1/TZ/87AA587OIWFU7P4GJ6QB6J
 |- Actor Path: /Game/ThirdPerson/Maps/Re-Breather_level2.Re-Breather_level2:PersistentLevel.DirectionalLight_0
 |- Actor Package: /Game/__ExternalActors__/ThirdPerson/Maps/Re-Breather_level2/E/IF/2EZ2EA3ADOSVK8DO1M7V85
 |- Actor Path: /Game/ThirdPerson/Maps/Re-Breather_level2.Re-Breather_level2:PersistentLevel.ExponentialHeightFog_0
 |- Actor Package: /Game/__ExternalActors__/ThirdPerson/Maps/Re-Breather_level2/8/0S/V67PF9754H7PWW5QA6UBAN
 |- Actor Path: /Game/ThirdPerson/Maps/Re-Breather_level2.Re-Breather_level2:PersistentLevel.Fishoffload_C_UAID_04D9F58078F5A63202_1259060512
 |- Actor Package: /Game/__ExternalActors__/ThirdPerson/Maps/Re-Breather_level2/C/KO/1TLGBPNB3HPANS19X4QR76
 |- Actor Path: /Game/ThirdPerson/Maps/Re-Breather_level2.Re-Breather_level2:PersistentLevel.Landscape_UAID_04D9F58078F5A43202_1639272159
 |- Actor Package: /Game/__ExternalActors__/ThirdPerson/Maps/Re-Breather_level2/0/SJ/EOES01HB899QAQ3VNQWDQX
 |- Actor Path: /Game/ThirdPerson/Maps/Re-Breather_level2.Re-Breather_level2:PersistentLevel.LandscapeStreamingProxy_A35ASS318KZGR7VI4JXFMCK7E_30_0_0_0
 |- Actor Package: /Game/__ExternalActors__/ThirdPerson/Maps/Re-Breather_level2/6/1C/7CYKYP8LJJF6H0Y3LPABNJ
 |- Actor Path: /Game/ThirdPerson/Maps/Re-Breather_level2.Re-Breather_level2:PersistentLevel.LandscapeStreamingProxy_A35ASS318KZGR7VI4JXFMCK7E_30_0_1_0
 |- Actor Package: /Game/__ExternalActors__/ThirdPerson/Maps/Re-Breather_level2/3/KF/UHVTR2OLJ5V3Q3ZLXE2L6Z
 |- Actor Path: /Game/ThirdPerson/Maps/Re-Breather_level2.Re-Breather_level2:PersistentLevel.LandscapeStreamingProxy_A35ASS318KZGR7VI4JXFMCK7E_30_0_2_0
 |- Actor Package: /Game/__ExternalActors__/ThirdPerson/Maps/Re-Breather_level2/E/A1/COGQ5ZQ0XF80APN2Q53JJ4
 |- Actor Path: /Game/ThirdPerson/Maps/Re-Breather_level2.Re-Breather_level2:PersistentLevel.LandscapeStreamingProxy_A35ASS318KZGR7VI4JXFMCK7E_30_0_3_0
 |- Actor Package: /Game/__ExternalActors__/ThirdPerson/Maps/Re-Breather_level2/C/RM/ILEG2XLBJ85ERHWB9INSSY
 |- Actor Path: /Game/ThirdPerson/Maps/Re-Breather_level2.Re-Breather_level2:PersistentLevel.LandscapeStreamingProxy_A35ASS318KZGR7VI4JXFMCK7E_30_1_0_0
 |- Actor Package: /Game/__ExternalActors__/ThirdPerson/Maps/Re-Breather_level2/C/Y9/15ZERKR0XIJJONJHXIPOSC
 |- Actor Path: /Game/ThirdPerson/Maps/Re-Breather_level2.Re-Breather_level2:PersistentLevel.LandscapeStreamingProxy_A35ASS318KZGR7VI4JXFMCK7E_30_1_1_0
 |- Actor Package: /Game/__ExternalActors__/ThirdPerson/Maps/Re-Breather_level2/D/CI/CP6AJ4FBPILJ8D71A8AJ98
 |- Actor Path: /Game/ThirdPerson/Maps/Re-Breather_level2.Re-Breather_level2:PersistentLevel.LandscapeStreamingProxy_A35ASS318KZGR7VI4JXFMCK7E_30_1_2_0
 |- Actor Package: /Game/__ExternalActors__/ThirdPerson/Maps/Re-Breather_level2/D/4S/33IXANALTIE1FE19BTWOFT
 |- Actor Path: /Game/ThirdPerson/Maps/Re-Breather_level2.Re-Breather_level2:PersistentLevel.LandscapeStreamingProxy_A35ASS318KZGR7VI4JXFMCK7E_30_1_3_0
 |- Actor Package: /Game/__ExternalActors__/ThirdPerson/Maps/Re-Breather_level2/4/Q7/VJFC7T33MTXRZJXUJAGQT9
 |- Actor Path: /Game/ThirdPerson/Maps/Re-Breather_level2.Re-Breather_level2:PersistentLevel.LandscapeStreamingProxy_A35ASS318KZGR7VI4JXFMCK7E_30_2_0_0
 |- Actor Package: /Game/__ExternalActors__/ThirdPerson/Maps/Re-Breather_level2/7/1L/7OB03SKG59LBCQU6C6KULC
 |- Actor Path: /Game/ThirdPerson/Maps/Re-Breather_level2.Re-Breather_level2:PersistentLevel.LandscapeStreamingProxy_A35ASS318KZGR7VI4JXFMCK7E_30_2_1_0
 |- Actor Package: /Game/__ExternalActors__/ThirdPerson/Maps/Re-Breather_level2/7/7R/WRLP6Z4SVPF7AI95Q3R1EB
 |- Actor Path: /Game/ThirdPerson/Maps/Re-Breather_level2.Re-Breather_level2:PersistentLevel.LandscapeStreamingProxy_A35ASS318KZGR7VI4JXFMCK7E_30_2_2_0
 |- Actor Package: /Game/__ExternalActors__/ThirdPerson/Maps/Re-Breather_level2/5/U0/CMGIJ2UV4P80RU2KP3LLIQ
 |- Actor Path: /Game/ThirdPerson/Maps/Re-Breather_level2.Re-Breather_level2:PersistentLevel.LandscapeStreamingProxy_A35ASS318KZGR7VI4JXFMCK7E_30_2_3_0
 |- Actor Package: /Game/__ExternalActors__/ThirdPerson/Maps/Re-Breather_level2/C/EG/08215UW2K77Z5YNEVTSA7K
 |- Actor Path: /Game/ThirdPerson/Maps/Re-Breather_level2.Re-Breather_level2:PersistentLevel.LandscapeStreamingProxy_A35ASS318KZGR7VI4JXFMCK7E_30_3_0_0
 |- Actor Package: /Game/__ExternalActors__/ThirdPerson/Maps/Re-Breather_level2/9/G6/JRRR349K3QV2VXVQBRGKZE
 |- Actor Path: /Game/ThirdPerson/Maps/Re-Breather_level2.Re-Breather_level2:PersistentLevel.LandscapeStreamingProxy_A35ASS318KZGR7VI4JXFMCK7E_30_3_1_0
 |- Actor Package: /Game/__ExternalActors__/ThirdPerson/Maps/Re-Breather_level2/7/1G/M74O4L0WOMMSDSOOS1Y26B
 |- Actor Path: /Game/ThirdPerson/Maps/Re-Breather_level2.Re-Breather_level2:PersistentLevel.LandscapeStreamingProxy_A35ASS318KZGR7VI4JXFMCK7E_30_3_2_0
 |- Actor Package: /Game/__ExternalActors__/ThirdPerson/Maps/Re-Breather_level2/3/WS/UO63KM9QGOEQAUUYI4O2UU
 |- Actor Path: /Game/ThirdPerson/Maps/Re-Breather_level2.Re-Breather_level2:PersistentLevel.LandscapeStreamingProxy_A35ASS318KZGR7VI4JXFMCK7E_30_3_3_0
 |- Actor Package: /Game/__ExternalActors__/ThirdPerson/Maps/Re-Breather_level2/B/8P/1X5CFWH5F5THB8TFPC6VPR
 |- Actor Path: /Game/ThirdPerson/Maps/Re-Breather_level2.Re-Breather_level2:PersistentLevel.PlayerStart_0
 |- Actor Package: /Game/__ExternalActors__/ThirdPerson/Maps/Re-Breather_level2/1/EH/QGSFVHMTXSS7MB3WY76LII
 |- Actor Path: /Game/ThirdPerson/Maps/Re-Breather_level2.Re-Breather_level2:PersistentLevel.PostProcessVolume_0
 |- Actor Package: /Game/__ExternalActors__/ThirdPerson/Maps/Re-Breather_level2/3/8E/VF7H5YQRKVUVNO3EV3RISV
 |- Actor Path: /Game/ThirdPerson/Maps/Re-Breather_level2.Re-Breather_level2:PersistentLevel.SkeletalMeshActor_UAID_40C2BA17E444293302_2044684567
 |- Actor Package: /Game/__ExternalActors__/ThirdPerson/Maps/Re-Breather_level2/2/4L/N11TJC0ZIQSVU558J18Q24
 |- Actor Path: /Game/ThirdPerson/Maps/Re-Breather_level2.Re-Breather_level2:PersistentLevel.SkeletalMeshActor_UAID_40C2BA17E444293302_2074914568
 |- Actor Package: /Game/__ExternalActors__/ThirdPerson/Maps/Re-Breather_level2/3/IK/DSG303R0W505JBT2BAE3RL
 |- Actor Path: /Game/ThirdPerson/Maps/Re-Breather_level2.Re-Breather_level2:PersistentLevel.SkyAtmosphere_0
 |- Actor Package: /Game/__ExternalActors__/ThirdPerson/Maps/Re-Breather_level2/6/6K/RQDWSHCWDNNSZHHFOVLJ0D
 |- Actor Path: /Game/ThirdPerson/Maps/Re-Breather_level2.Re-Breather_level2:PersistentLevel.SkyLight_1
 |- Actor Package: /Game/__ExternalActors__/ThirdPerson/Maps/Re-Breather_level2/8/CG/A023CYTH7TIHTYX3A6T457
 |- Actor Path: /Game/ThirdPerson/Maps/Re-Breather_level2.Re-Breather_level2:PersistentLevel.StaticMeshActor_0
 |- Actor Package: /Game/__ExternalActors__/ThirdPerson/Maps/Re-Breather_level2/D/AO/S41HA3TZQY8P7J1X97OFIS
 |- Actor Path: /Game/ThirdPerson/Maps/Re-Breather_level2.Re-Breather_level2:PersistentLevel.StaticMeshActor_1
 |- Actor Package: /Game/__ExternalActors__/ThirdPerson/Maps/Re-Breather_level2/4/Q8/Q51X89QYJURFJM4JMNT5TX
 |- Actor Path: /Game/ThirdPerson/Maps/Re-Breather_level2.Re-Breather_level2:PersistentLevel.StaticMeshActor_4
 |- Actor Package: /Game/__ExternalActors__/ThirdPerson/Maps/Re-Breather_level2/9/4Z/CSVAL5FB8GJDYTFPQW7CTL
 |- Actor Path: /Game/ThirdPerson/Maps/Re-Breather_level2.Re-Breather_level2:PersistentLevel.StaticMeshActor_5
 |- Actor Package: /Game/__ExternalActors__/ThirdPerson/Maps/Re-Breather_level2/5/TA/9NDW92MSQH0OGPYIMRCH4S
 |- Actor Path: /Game/ThirdPerson/Maps/Re-Breather_level2.Re-Breather_level2:PersistentLevel.StaticMeshActor_6
 |- Actor Package: /Game/__ExternalActors__/ThirdPerson/Maps/Re-Breather_level2/2/CM/C2TPWJKX83AHQFP8SH7SZH
 |- Actor Path: /Game/ThirdPerson/Maps/Re-Breather_level2.Re-Breather_level2:PersistentLevel.StaticMeshActor_UAID_40C2BA17E4442A3302_1109073745
 |- Actor Package: /Game/__ExternalActors__/ThirdPerson/Maps/Re-Breather_level2/9/45/Z6NVTU305NG873CO55CEUE
 |- Actor Path: /Game/ThirdPerson/Maps/Re-Breather_level2.Re-Breather_level2:PersistentLevel.StaticMeshActor_UAID_7085C2412C3FCF2502_2053393000
 |- Actor Package: /Game/__ExternalActors__/ThirdPerson/Maps/Re-Breather_level2/A/BR/RE1LNL1TCL4KWLNNMDKWL4
 |- Actor Path: /Game/ThirdPerson/Maps/Re-Breather_level2.Re-Breather_level2:PersistentLevel.StaticMeshActor_UAID_7085C2412C3FD02502_1175576178
 |- Actor Package: /Game/__ExternalActors__/ThirdPerson/Maps/Re-Breather_level2/E/3J/C41ECIARU0Z5YG3GCV9R57
 |- Actor Path: /Game/ThirdPerson/Maps/Re-Breather_level2.Re-Breather_level2:PersistentLevel.StaticMeshActor_UAID_7085C2412C3FEA2602_1857935807
 |- Actor Package: /Game/__ExternalActors__/ThirdPerson/Maps/Re-Breather_level2/E/6J/6PMPKTMC8I12E93KJ9IFZY
 |- Actor Path: /Game/ThirdPerson/Maps/Re-Breather_level2.Re-Breather_level2:PersistentLevel.StaticMeshActor_UAID_A4AE111137DC5EFB00_1110535423
 |- Actor Package: /Game/__ExternalActors__/ThirdPerson/Maps/Re-Breather_level2/0/WI/XN0QFE5F0N76TMRU1G56Y7
 |- Actor Path: /Game/ThirdPerson/Maps/Re-Breather_level2.Re-Breather_level2:PersistentLevel.TextRenderActor_1
 |- Actor Package: /Game/__ExternalActors__/ThirdPerson/Maps/Re-Breather_level2/2/MU/6VPPW53WS0RQRAOKDJF1KE
 |- Actor Path: /Game/ThirdPerson/Maps/Re-Breather_level2.Re-Breather_level2:PersistentLevel.Trashoffload_C_UAID_04D9F58078F5A63202_1275599513
 |- Actor Package: /Game/__ExternalActors__/ThirdPerson/Maps/Re-Breather_level2/A/LR/Z8UDU7ED6D045716OZ6N52
 |- Actor Path: /Game/ThirdPerson/Maps/Re-Breather_level2.Re-Breather_level2:PersistentLevel.VolumetricCloud_0
 |- Actor Package: /Game/__ExternalActors__/ThirdPerson/Maps/Re-Breather_level2/D/ZZ/NKYKVJL7JEV0K00XJ3CH58
 |- Actor Path: /Game/ThirdPerson/Maps/Re-Breather_level2.Re-Breather_level2:PersistentLevel.WaterBodyLake_Blueprint_C_UAID_BCC746A635C9522102_1912956777
 |- Actor Package: /Game/__ExternalActors__/ThirdPerson/Maps/Re-Breather_level2/1/TS/IYA5I4MX4XYWFWF9WDSJLS
 |- Actor Path: /Game/ThirdPerson/Maps/Re-Breather_level2.Re-Breather_level2:PersistentLevel.WaterZone_UAID_BCC746A635C9522102_1251113776
 |- Actor Package: /Game/__ExternalActors__/ThirdPerson/Maps/Re-Breather_level2/0/Q2/3YZH765WLQ4OD1BTB06MXL
 |- Actor Path: /Game/ThirdPerson/Maps/Re-Breather_level2.Re-Breather_level2:PersistentLevel.WorldDataLayers
 |- Actor Package: /Game/__ExternalActors__/ThirdPerson/Maps/Re-Breather_level2/6/CO/LKVN36QDKFKAO6MUXQZ2EJ

----------------------------------------------------------------------------------------------------------------
Re-Breather_level2 - Runtime Hash Set
----------------------------------------------------------------------------------------------------------------

