[+] Containers:
 |- [+] Container: /Game/ThirdPerson/Maps/Re-Breather_level3
 |   |- [+] ActorDescs:
 |   |   |- Guid:046E9E6343E86E04E49CD8AAB1A1B4B9 BaseClass: NativeClass:/Script/Engine.StaticMeshActor Name:StaticMeshActor_UAID_04D9F58078F5536102_1076202536 Label:Cube2 SpatiallyLoaded:1 Bounds:IsValid=true, Min=(X=1078.398 Y=-130.827 Z=-324.387), Max=(X=2037.602 Y=864.827 Z=186.387) RuntimeGrid:None EditorOnly:0 RuntimeOnly:0 HLODRelevant:1 ListedInSceneOutliner:1 IsMainWorldOnly:0
 |   |   |- Guid:0627447B40F2EF9ABE2E519BC2E655A8 BaseClass: NativeClass:/Script/Engine.StaticMeshActor Name:StaticMeshActor_UAID_7085C2412C3FCF2502_2053393000 Label:Corals SpatiallyLoaded:1 Bounds:IsValid=true, Min=(X=1970.000 Y=2790.000 Z=200.000), Max=(X=1970.000 Y=2790.000 Z=200.000) RuntimeGrid:None EditorOnly:0 RuntimeOnly:0 HLODRelevant:0 ListedInSceneOutliner:1 IsMainWorldOnly:0
 |   |   |- Guid:082B0CCA49077D62C8705E8E483591D3 BaseClass: NativeClass:/Script/Engine.StaticMeshActor Name:StaticMeshActor_UAID_04D9F58078F5536102_1134359537 Label:Cube3 SpatiallyLoaded:1 Bounds:IsValid=true, Min=(X=1175.453 Y=800.908 Z=-354.000), Max=(X=2028.547 Y=1979.092 Z=-254.000) RuntimeGrid:None EditorOnly:0 RuntimeOnly:0 HLODRelevant:1 ListedInSceneOutliner:1 IsMainWorldOnly:0
 |   |   |- Guid:0B001AF34C075E08E6869A907E419DEE BaseClass: NativeClass:/Script/Water.WaterZone Name:WaterZone_UAID_BCC746A635C9522102_1251113776 Label:WaterZone SpatiallyLoaded:0 Bounds:IsValid=true, Min=(X=-25600.000 Y=-25600.000 Z=-25600.000), Max=(X=25600.000 Y=25600.000 Z=25600.000) RuntimeGrid:None EditorOnly:0 RuntimeOnly:0 HLODRelevant:0 ListedInSceneOutliner:1 IsMainWorldOnly:0
 |   |   |- Guid:1BF1726D41B630D2CE3D3BB1CA11FBE2 BaseClass: NativeClass:/Script/Engine.StaticMeshActor Name:StaticMeshActor_UAID_04D9F58078F5536102_1319062542 Label:Cube8 SpatiallyLoaded:1 Bounds:IsValid=true, Min=(X=-216.686 Y=-64.547 Z=-354.000), Max=(X=14.686 Y=788.547 Z=-254.000) RuntimeGrid:None EditorOnly:0 RuntimeOnly:0 HLODRelevant:1 ListedInSceneOutliner:1 IsMainWorldOnly:0
 |   |   |- Guid:2872C61C4330BA2B9FEE5BA21F2BB2EE BaseClass: NativeClass:/Script/Engine.VolumetricCloud Name:VolumetricCloud_0 Label:VolumetricCloud SpatiallyLoaded:0 Bounds:IsValid=true, Min=(X=0.000 Y=0.000 Z=820.000), Max=(X=0.000 Y=0.000 Z=820.000) RuntimeGrid:None EditorOnly:0 RuntimeOnly:0 HLODRelevant:0 ListedInSceneOutliner:1 IsMainWorldOnly:0 FolderPath:Lighting FolderGuid:963EC3EB4002CCE9759E2EBA541A873A
 |   |   |- Guid:3088B2724994EA06474671B845D975D3 BaseClass: NativeClass:/Script/Engine.StaticMeshActor Name:StaticMeshActor_UAID_04D9F58078F5536102_1374811543 Label:Cube9 SpatiallyLoaded:1 Bounds:IsValid=true, Min=(X=9.823 Y=-126.642 Z=-294.012), Max=(X=676.177 Y=424.642 Z=-255.988) RuntimeGrid:None EditorOnly:0 RuntimeOnly:0 HLODRelevant:1 ListedInSceneOutliner:1 IsMainWorldOnly:0
 |   |   |- Guid:39A01C694C7F72D18EFC9FAED77B9105 BaseClass: NativeClass:/Script/Engine.SkyLight Name:SkyLight_1 Label:SkyLight SpatiallyLoaded:0 Bounds:IsValid=true, Min=(X=0.000 Y=0.000 Z=690.000), Max=(X=0.000 Y=0.000 Z=690.000) RuntimeGrid:None EditorOnly:0 RuntimeOnly:0 HLODRelevant:0 ListedInSceneOutliner:1 IsMainWorldOnly:0 FolderPath:Lighting FolderGuid:963EC3EB4002CCE9759E2EBA541A873A
 |   |   |- Guid:3CAFE9E54681B3F25EA632B83E434E8B BaseClass: NativeClass:/Script/NavigationSystem.NavMeshBoundsVolume Name:NavMeshBoundsVolume_UAID_9C6B00068A08943302_1441729399 Label:NavMeshBoundsVolume SpatiallyLoaded:0 Bounds:IsValid=true, Min=(X=257.360 Y=282.977 Z=-8.941), Max=(X=2848.640 Y=3237.023 Z=192.941) RuntimeGrid:None EditorOnly:0 RuntimeOnly:0 HLODRelevant:0 ListedInSceneOutliner:1 IsMainWorldOnly:0
 |   |   |- Guid:3DD386EF419E97A975B4359A65217CB1 BaseClass: NativeClass:/Script/Engine.ExponentialHeightFog Name:ExponentialHeightFog_0 Label:ExponentialHeightFog SpatiallyLoaded:0 Bounds:IsValid=true, Min=(X=-5600.000 Y=-50.000 Z=-6850.000), Max=(X=-5600.000 Y=-50.000 Z=-6850.000) RuntimeGrid:None EditorOnly:0 RuntimeOnly:0 HLODRelevant:0 ListedInSceneOutliner:1 IsMainWorldOnly:0 FolderPath:Lighting FolderGuid:963EC3EB4002CCE9759E2EBA541A873A
 |   |   |- Guid:450EED5F4BE3E497615AD3951923A1FE BaseClass: NativeClass:/Script/Engine.StaticMeshActor Name:StaticMeshActor_UAID_04D9F58078F5536102_1262253541 Label:Cube7 SpatiallyLoaded:1 Bounds:IsValid=true, Min=(X=-227.672 Y=782.869 Z=-354.000), Max=(X=659.672 Y=1025.131 Z=-254.000) RuntimeGrid:None EditorOnly:0 RuntimeOnly:0 HLODRelevant:1 ListedInSceneOutliner:1 IsMainWorldOnly:0
 |   |   |- Guid:46A7FAD244319A5B9E942DB75B488CD5 BaseClass: NativeClass:/Script/Engine.StaticMeshActor Name:StaticMeshActor_UAID_04D9F58078F5536102_1425388544 Label:Cube10 SpatiallyLoaded:1 Bounds:IsValid=true, Min=(X=2489.813 Y=452.623 Z=-354.000), Max=(X=2668.187 Y=1635.377 Z=-254.000) RuntimeGrid:None EditorOnly:0 RuntimeOnly:0 HLODRelevant:1 ListedInSceneOutliner:1 IsMainWorldOnly:0
 |   |   |- Guid:4FC5DA4042CF901A071DC29FC925FA17 BaseClass: NativeClass:/Script/Engine.PlayerStart Name:PlayerStart_0 Label:PlayerStart SpatiallyLoaded:0 Bounds:IsValid=true, Min=(X=1520.000 Y=-403.000 Z=200.013), Max=(X=1600.000 Y=-323.000 Z=384.013) RuntimeGrid:None EditorOnly:0 RuntimeOnly:0 HLODRelevant:0 ListedInSceneOutliner:1 IsMainWorldOnly:0
 |   |   |- Guid:5639096246440016570C5F8ED7A6599D BaseClass: NativeClass:/Script/Engine.StaticMeshActor Name:StaticMeshActor_UAID_04D9F58078F5536102_1195366539 Label:Cube5 SpatiallyLoaded:1 Bounds:IsValid=true, Min=(X=319.453 Y=1629.201 Z=-354.000), Max=(X=1172.547 Y=1978.799 Z=-254.000) RuntimeGrid:None EditorOnly:0 RuntimeOnly:0 HLODRelevant:1 ListedInSceneOutliner:1 IsMainWorldOnly:0
 |   |   |- Guid:5C679C6744380AF0E397ACAD513B2920 BaseClass: NativeClass:/Script/Engine.StaticMeshActor Name:StaticMeshActor_UAID_7085C2412C3FD02502_1175576178 Label:Corals2 SpatiallyLoaded:1 Bounds:IsValid=true, Min=(X=1930.000 Y=2780.000 Z=200.000), Max=(X=1930.000 Y=2780.000 Z=200.000) RuntimeGrid:None EditorOnly:0 RuntimeOnly:0 HLODRelevant:0 ListedInSceneOutliner:1 IsMainWorldOnly:0
 |   |   |- Guid:6403A48E49036C66E1D1B6B0605753C4 BaseClass: NativeClass:/Script/Engine.DirectionalLight Name:DirectionalLight_0 Label:DirectionalLight SpatiallyLoaded:0 Bounds:Invalid RuntimeGrid:None EditorOnly:0 RuntimeOnly:0 HLODRelevant:0 ListedInSceneOutliner:1 IsMainWorldOnly:0 FolderPath:Lighting FolderGuid:963EC3EB4002CCE9759E2EBA541A873A
 |   |   |- Guid:6DA0DED948B8D5D39FA2BD9D07D4922E BaseClass: NativeClass:/Script/Engine.StaticMeshActor Name:StaticMeshActor_UAID_7085C2412C3FEA2602_1993000808 Label:Lobster2 SpatiallyLoaded:1 Bounds:IsValid=true, Min=(X=1525.046 Y=1386.720 Z=78.197), Max=(X=1555.105 Y=1444.871 Z=91.986) RuntimeGrid:None EditorOnly:0 RuntimeOnly:0 HLODRelevant:1 ListedInSceneOutliner:1 IsMainWorldOnly:0
 |   |   |- Guid:739FAEF94D8995A11603B09CBD8163EE BaseClass: NativeClass:/Script/Engine.PostProcessVolume Name:PostProcessVolume_0 Label:PostProcessVolume SpatiallyLoaded:0 Bounds:IsValid=true, Min=(X=0.000 Y=0.000 Z=400.000), Max=(X=200.000 Y=200.000 Z=600.000) RuntimeGrid:None EditorOnly:0 RuntimeOnly:0 HLODRelevant:0 ListedInSceneOutliner:1 IsMainWorldOnly:0 FolderPath:Lighting FolderGuid:963EC3EB4002CCE9759E2EBA541A873A
 |   |   |- Guid:78B9D10F454BF4DA73C7109F55CC3249 BaseClass: NativeClass:/Script/Engine.SkyAtmosphere Name:SkyAtmosphere_0 Label:SkyAtmosphere SpatiallyLoaded:0 Bounds:IsValid=true, Min=(X=0.000 Y=0.000 Z=1020.000), Max=(X=0.000 Y=0.000 Z=1020.000) RuntimeGrid:None EditorOnly:0 RuntimeOnly:0 HLODRelevant:0 ListedInSceneOutliner:1 IsMainWorldOnly:0 FolderPath:Lighting FolderGuid:963EC3EB4002CCE9759E2EBA541A873A
 |   |   |- Guid:87B5DC5F4DD001AC8B4D668FFA3DCDF0 BaseClass: NativeClass:/Script/Engine.StaticMeshActor Name:StaticMeshActor_UAID_04D9F58078F5526102_2102746359 Label:Cube SpatiallyLoaded:1 Bounds:IsValid=true, Min=(X=1078.398 Y=-661.056 Z=86.000), Max=(X=2037.602 Y=-108.944 Z=186.000) RuntimeGrid:None EditorOnly:0 RuntimeOnly:0 HLODRelevant:1 ListedInSceneOutliner:1 IsMainWorldOnly:0
 |   |   |- Guid:AB0B68B64DE9BD34385EF0B1C3FE2613 BaseClass: NativeClass:/Script/NavigationSystem.RecastNavMesh Name:RecastNavMesh_UAID_9C6B00068A08943302-Default Label:RecastNavMesh-Default SpatiallyLoaded:0 Bounds:IsValid=true, Min=(X=0.000 Y=0.000 Z=0.000), Max=(X=0.000 Y=0.000 Z=0.000) RuntimeGrid:None EditorOnly:0 RuntimeOnly:0 HLODRelevant:0 ListedInSceneOutliner:1 IsMainWorldOnly:0
 |   |   |- Guid:AB8662064155D6D4691A7C80627B5D59 BaseClass: NativeClass:/Script/Engine.StaticMeshActor Name:StaticMeshActor_UAID_04D9F58078F5536102_1477630546 Label:Cube12 SpatiallyLoaded:1 Bounds:IsValid=true, Min=(X=2489.813 Y=1977.623 Z=-354.000), Max=(X=2668.187 Y=3160.377 Z=-254.000) RuntimeGrid:None EditorOnly:0 RuntimeOnly:0 HLODRelevant:1 ListedInSceneOutliner:1 IsMainWorldOnly:0
 |   |   |- Guid:BF7B9B6F4D65B7D6D7C3CC878D410977 BaseClass: NativeClass:/Script/Engine.StaticMeshActor Name:StaticMeshActor_UAID_04D9F58078F5536102_1167544538 Label:Cube4 SpatiallyLoaded:1 Bounds:IsValid=true, Min=(X=2027.453 Y=1629.201 Z=-354.000), Max=(X=2880.547 Y=1978.799 Z=-254.000) RuntimeGrid:None EditorOnly:0 RuntimeOnly:0 HLODRelevant:1 ListedInSceneOutliner:1 IsMainWorldOnly:0
 |   |   |- Guid:C139BF9D47A10B726D76D09F28B9C57A BaseClass: NativeClass:/Script/Engine.StaticMeshActor Name:StaticMeshActor_UAID_7085C2412C3FEA2602_1857935807 Label:Lobster SpatiallyLoaded:1 Bounds:IsValid=true, Min=(X=1520.000 Y=1350.000 Z=120.000), Max=(X=1520.000 Y=1350.000 Z=120.000) RuntimeGrid:None EditorOnly:0 RuntimeOnly:0 HLODRelevant:0 ListedInSceneOutliner:1 IsMainWorldOnly:0
 |   |   |- Guid:C6BC1C554F2ED1983980BCB8F012F8A0 BaseClass: NativeClass:/Script/Engine.StaticMeshActor Name:StaticMeshActor_UAID_04D9F58078F5536102_1232510540 Label:Cube6 SpatiallyLoaded:1 Bounds:IsValid=true, Min=(X=656.813 Y=781.453 Z=-354.000), Max=(X=835.187 Y=1634.547 Z=-254.000) RuntimeGrid:None EditorOnly:0 RuntimeOnly:0 HLODRelevant:1 ListedInSceneOutliner:1 IsMainWorldOnly:0
 |   |   |- Guid:CB4C7B024E3C87CFCEBCB0AEDE10CCCE BaseClass: NativeClass:/Script/Engine.WorldDataLayers Name:WorldDataLayers Label:WorldDataLayers SpatiallyLoaded:0 Bounds:Invalid RuntimeGrid:None EditorOnly:0 RuntimeOnly:0 HLODRelevant:0 ListedInSceneOutliner:1 IsMainWorldOnly:1
 |   |   |- Guid:CBE5F51A466985AEFFB8958D322FA72B BaseClass: NativeClass:/Script/Engine.AmbientSound Name:AmbientSound_UAID_BCC746A635C91C2302_1703240383 Label:ReBreather2b SpatiallyLoaded:1 Bounds:IsValid=true, Min=(X=1630.000 Y=1930.000 Z=312.000), Max=(X=1630.000 Y=1930.000 Z=312.000) RuntimeGrid:None EditorOnly:0 RuntimeOnly:0 HLODRelevant:0 ListedInSceneOutliner:1 IsMainWorldOnly:0
 |   |   |- Guid:DC5B0E004FF815AEAE24F1882A0D52C6 BaseClass: NativeClass:/Script/Engine.StaticMeshActor Name:StaticMeshActor_UAID_04D9F58078F5536102_1443582545 Label:Cube11 SpatiallyLoaded:1 Bounds:IsValid=true, Min=(X=2130.669 Y=-15.367 Z=-354.000), Max=(X=3027.331 Y=447.367 Z=-254.000) RuntimeGrid:None EditorOnly:0 RuntimeOnly:0 HLODRelevant:1 ListedInSceneOutliner:1 IsMainWorldOnly:0
 |   |   |- Guid:EC8BFD64464D7401825F21928837BDE0 BaseClass:/Game/ThirdPerson/Blueprints/WaterBodyLake_Blueprint.WaterBodyLake_Blueprint_C NativeClass:/Script/Water.WaterBodyLake Name:WaterBodyLake_Blueprint_C_UAID_BCC746A635C9522102_1912956777 Label:WaterBodyLake_Blueprint SpatiallyLoaded:1 Bounds:IsValid=true, Min=(X=-1370.000 Y=-745.000 Z=-1106.000), Max=(X=3810.046 Y=4127.000 Z=325.057) RuntimeGrid:None EditorOnly:0 RuntimeOnly:0 HLODRelevant:1 ListedInSceneOutliner:1 IsMainWorldOnly:0
 |   |   |- Guid:F9FDE1AE49C6A01C30BF94823EA77BCB BaseClass: NativeClass:/Script/Engine.StaticMeshActor Name:StaticMeshActor_UAID_04D9F58078F5536102_1488465547 Label:Cube13 SpatiallyLoaded:1 Bounds:IsValid=true, Min=(X=1307.623 Y=2479.813 Z=-354.000), Max=(X=2490.377 Y=2658.187 Z=-254.000) RuntimeGrid:None EditorOnly:0 RuntimeOnly:0 HLODRelevant:1 ListedInSceneOutliner:1 IsMainWorldOnly:0
 |   |   |- Guid:FC2C2F644FA9B0FC98F4E4BBB471AF2E BaseClass: NativeClass:/Script/Engine.StaticMeshActor Name:StaticMeshActor_UAID_A4AE111137DC5EFB00_1110535423 Label:SM_SkySphere SpatiallyLoaded:0 Bounds:IsValid=true, Min=(X=-1638400.000 Y=-1638400.000 Z=-1638400.000), Max=(X=1638400.000 Y=1638400.000 Z=1638400.000) RuntimeGrid:None EditorOnly:0 RuntimeOnly:0 HLODRelevant:0 ListedInSceneOutliner:1 IsMainWorldOnly:0 FolderPath:Lighting FolderGuid:963EC3EB4002CCE9759E2EBA541A873A
 |   |- [+] Clusters:
 |   |   |- [+] [  0]
 |   |   |   |- Guid:046E9E6343E86E04E49CD8AAB1A1B4B9 BaseClass: NativeClass:/Script/Engine.StaticMeshActor Name:StaticMeshActor_UAID_04D9F58078F5536102_1076202536 Label:Cube2 SpatiallyLoaded:1 Bounds:IsValid=true, Min=(X=1078.398 Y=-130.827 Z=-324.387), Max=(X=2037.602 Y=864.827 Z=186.387) RuntimeGrid:None EditorOnly:0 RuntimeOnly:0 HLODRelevant:1 ListedInSceneOutliner:1 IsMainWorldOnly:0
 |   |   |- [+] [  1]
 |   |   |   |- Guid:0627447B40F2EF9ABE2E519BC2E655A8 BaseClass: NativeClass:/Script/Engine.StaticMeshActor Name:StaticMeshActor_UAID_7085C2412C3FCF2502_2053393000 Label:Corals SpatiallyLoaded:1 Bounds:IsValid=true, Min=(X=1970.000 Y=2790.000 Z=200.000), Max=(X=1970.000 Y=2790.000 Z=200.000) RuntimeGrid:None EditorOnly:0 RuntimeOnly:0 HLODRelevant:0 ListedInSceneOutliner:1 IsMainWorldOnly:0
 |   |   |- [+] [  2]
 |   |   |   |- Guid:082B0CCA49077D62C8705E8E483591D3 BaseClass: NativeClass:/Script/Engine.StaticMeshActor Name:StaticMeshActor_UAID_04D9F58078F5536102_1134359537 Label:Cube3 SpatiallyLoaded:1 Bounds:IsValid=true, Min=(X=1175.453 Y=800.908 Z=-354.000), Max=(X=2028.547 Y=1979.092 Z=-254.000) RuntimeGrid:None EditorOnly:0 RuntimeOnly:0 HLODRelevant:1 ListedInSceneOutliner:1 IsMainWorldOnly:0
 |   |   |- [+] [  3]
 |   |   |   |- Guid:0B001AF34C075E08E6869A907E419DEE BaseClass: NativeClass:/Script/Water.WaterZone Name:WaterZone_UAID_BCC746A635C9522102_1251113776 Label:WaterZone SpatiallyLoaded:0 Bounds:IsValid=true, Min=(X=-25600.000 Y=-25600.000 Z=-25600.000), Max=(X=25600.000 Y=25600.000 Z=25600.000) RuntimeGrid:None EditorOnly:0 RuntimeOnly:0 HLODRelevant:0 ListedInSceneOutliner:1 IsMainWorldOnly:0
 |   |   |- [+] [  4]
 |   |   |   |- Guid:1BF1726D41B630D2CE3D3BB1CA11FBE2 BaseClass: NativeClass:/Script/Engine.StaticMeshActor Name:StaticMeshActor_UAID_04D9F58078F5536102_1319062542 Label:Cube8 SpatiallyLoaded:1 Bounds:IsValid=true, Min=(X=-216.686 Y=-64.547 Z=-354.000), Max=(X=14.686 Y=788.547 Z=-254.000) RuntimeGrid:None EditorOnly:0 RuntimeOnly:0 HLODRelevant:1 ListedInSceneOutliner:1 IsMainWorldOnly:0
 |   |   |- [+] [  5]
 |   |   |   |- Guid:2872C61C4330BA2B9FEE5BA21F2BB2EE BaseClass: NativeClass:/Script/Engine.VolumetricCloud Name:VolumetricCloud_0 Label:VolumetricCloud SpatiallyLoaded:0 Bounds:IsValid=true, Min=(X=0.000 Y=0.000 Z=820.000), Max=(X=0.000 Y=0.000 Z=820.000) RuntimeGrid:None EditorOnly:0 RuntimeOnly:0 HLODRelevant:0 ListedInSceneOutliner:1 IsMainWorldOnly:0 FolderPath:Lighting FolderGuid:963EC3EB4002CCE9759E2EBA541A873A
 |   |   |- [+] [  6]
 |   |   |   |- Guid:3088B2724994EA06474671B845D975D3 BaseClass: NativeClass:/Script/Engine.StaticMeshActor Name:StaticMeshActor_UAID_04D9F58078F5536102_1374811543 Label:Cube9 SpatiallyLoaded:1 Bounds:IsValid=true, Min=(X=9.823 Y=-126.642 Z=-294.012), Max=(X=676.177 Y=424.642 Z=-255.988) RuntimeGrid:None EditorOnly:0 RuntimeOnly:0 HLODRelevant:1 ListedInSceneOutliner:1 IsMainWorldOnly:0
 |   |   |- [+] [  7]
 |   |   |   |- Guid:39A01C694C7F72D18EFC9FAED77B9105 BaseClass: NativeClass:/Script/Engine.SkyLight Name:SkyLight_1 Label:SkyLight SpatiallyLoaded:0 Bounds:IsValid=true, Min=(X=0.000 Y=0.000 Z=690.000), Max=(X=0.000 Y=0.000 Z=690.000) RuntimeGrid:None EditorOnly:0 RuntimeOnly:0 HLODRelevant:0 ListedInSceneOutliner:1 IsMainWorldOnly:0 FolderPath:Lighting FolderGuid:963EC3EB4002CCE9759E2EBA541A873A
 |   |   |- [+] [  8]
 |   |   |   |- Guid:3CAFE9E54681B3F25EA632B83E434E8B BaseClass: NativeClass:/Script/NavigationSystem.NavMeshBoundsVolume Name:NavMeshBoundsVolume_UAID_9C6B00068A08943302_1441729399 Label:NavMeshBoundsVolume SpatiallyLoaded:0 Bounds:IsValid=true, Min=(X=257.360 Y=282.977 Z=-8.941), Max=(X=2848.640 Y=3237.023 Z=192.941) RuntimeGrid:None EditorOnly:0 RuntimeOnly:0 HLODRelevant:0 ListedInSceneOutliner:1 IsMainWorldOnly:0
 |   |   |- [+] [  9]
 |   |   |   |- Guid:3DD386EF419E97A975B4359A65217CB1 BaseClass: NativeClass:/Script/Engine.ExponentialHeightFog Name:ExponentialHeightFog_0 Label:ExponentialHeightFog SpatiallyLoaded:0 Bounds:IsValid=true, Min=(X=-5600.000 Y=-50.000 Z=-6850.000), Max=(X=-5600.000 Y=-50.000 Z=-6850.000) RuntimeGrid:None EditorOnly:0 RuntimeOnly:0 HLODRelevant:0 ListedInSceneOutliner:1 IsMainWorldOnly:0 FolderPath:Lighting FolderGuid:963EC3EB4002CCE9759E2EBA541A873A
 |   |   |- [+] [ 10]
 |   |   |   |- Guid:450EED5F4BE3E497615AD3951923A1FE BaseClass: NativeClass:/Script/Engine.StaticMeshActor Name:StaticMeshActor_UAID_04D9F58078F5536102_1262253541 Label:Cube7 SpatiallyLoaded:1 Bounds:IsValid=true, Min=(X=-227.672 Y=782.869 Z=-354.000), Max=(X=659.672 Y=1025.131 Z=-254.000) RuntimeGrid:None EditorOnly:0 RuntimeOnly:0 HLODRelevant:1 ListedInSceneOutliner:1 IsMainWorldOnly:0
 |   |   |- [+] [ 11]
 |   |   |   |- Guid:46A7FAD244319A5B9E942DB75B488CD5 BaseClass: NativeClass:/Script/Engine.StaticMeshActor Name:StaticMeshActor_UAID_04D9F58078F5536102_1425388544 Label:Cube10 SpatiallyLoaded:1 Bounds:IsValid=true, Min=(X=2489.813 Y=452.623 Z=-354.000), Max=(X=2668.187 Y=1635.377 Z=-254.000) RuntimeGrid:None EditorOnly:0 RuntimeOnly:0 HLODRelevant:1 ListedInSceneOutliner:1 IsMainWorldOnly:0
 |   |   |- [+] [ 12]
 |   |   |   |- Guid:4FC5DA4042CF901A071DC29FC925FA17 BaseClass: NativeClass:/Script/Engine.PlayerStart Name:PlayerStart_0 Label:PlayerStart SpatiallyLoaded:0 Bounds:IsValid=true, Min=(X=1520.000 Y=-403.000 Z=200.013), Max=(X=1600.000 Y=-323.000 Z=384.013) RuntimeGrid:None EditorOnly:0 RuntimeOnly:0 HLODRelevant:0 ListedInSceneOutliner:1 IsMainWorldOnly:0
 |   |   |- [+] [ 13]
 |   |   |   |- Guid:5639096246440016570C5F8ED7A6599D BaseClass: NativeClass:/Script/Engine.StaticMeshActor Name:StaticMeshActor_UAID_04D9F58078F5536102_1195366539 Label:Cube5 SpatiallyLoaded:1 Bounds:IsValid=true, Min=(X=319.453 Y=1629.201 Z=-354.000), Max=(X=1172.547 Y=1978.799 Z=-254.000) RuntimeGrid:None EditorOnly:0 RuntimeOnly:0 HLODRelevant:1 ListedInSceneOutliner:1 IsMainWorldOnly:0
 |   |   |- [+] [ 14]
 |   |   |   |- Guid:5C679C6744380AF0E397ACAD513B2920 BaseClass: NativeClass:/Script/Engine.StaticMeshActor Name:StaticMeshActor_UAID_7085C2412C3FD02502_1175576178 Label:Corals2 SpatiallyLoaded:1 Bounds:IsValid=true, Min=(X=1930.000 Y=2780.000 Z=200.000), Max=(X=1930.000 Y=2780.000 Z=200.000) RuntimeGrid:None EditorOnly:0 RuntimeOnly:0 HLODRelevant:0 ListedInSceneOutliner:1 IsMainWorldOnly:0
 |   |   |- [+] [ 15]
 |   |   |   |- Guid:6403A48E49036C66E1D1B6B0605753C4 BaseClass: NativeClass:/Script/Engine.DirectionalLight Name:DirectionalLight_0 Label:DirectionalLight SpatiallyLoaded:0 Bounds:Invalid RuntimeGrid:None EditorOnly:0 RuntimeOnly:0 HLODRelevant:0 ListedInSceneOutliner:1 IsMainWorldOnly:0 FolderPath:Lighting FolderGuid:963EC3EB4002CCE9759E2EBA541A873A
 |   |   |- [+] [ 16]
 |   |   |   |- Guid:6DA0DED948B8D5D39FA2BD9D07D4922E BaseClass: NativeClass:/Script/Engine.StaticMeshActor Name:StaticMeshActor_UAID_7085C2412C3FEA2602_1993000808 Label:Lobster2 SpatiallyLoaded:1 Bounds:IsValid=true, Min=(X=1525.046 Y=1386.720 Z=78.197), Max=(X=1555.105 Y=1444.871 Z=91.986) RuntimeGrid:None EditorOnly:0 RuntimeOnly:0 HLODRelevant:1 ListedInSceneOutliner:1 IsMainWorldOnly:0
 |   |   |- [+] [ 17]
 |   |   |   |- Guid:739FAEF94D8995A11603B09CBD8163EE BaseClass: NativeClass:/Script/Engine.PostProcessVolume Name:PostProcessVolume_0 Label:PostProcessVolume SpatiallyLoaded:0 Bounds:IsValid=true, Min=(X=0.000 Y=0.000 Z=400.000), Max=(X=200.000 Y=200.000 Z=600.000) RuntimeGrid:None EditorOnly:0 RuntimeOnly:0 HLODRelevant:0 ListedInSceneOutliner:1 IsMainWorldOnly:0 FolderPath:Lighting FolderGuid:963EC3EB4002CCE9759E2EBA541A873A
 |   |   |- [+] [ 18]
 |   |   |   |- Guid:78B9D10F454BF4DA73C7109F55CC3249 BaseClass: NativeClass:/Script/Engine.SkyAtmosphere Name:SkyAtmosphere_0 Label:SkyAtmosphere SpatiallyLoaded:0 Bounds:IsValid=true, Min=(X=0.000 Y=0.000 Z=1020.000), Max=(X=0.000 Y=0.000 Z=1020.000) RuntimeGrid:None EditorOnly:0 RuntimeOnly:0 HLODRelevant:0 ListedInSceneOutliner:1 IsMainWorldOnly:0 FolderPath:Lighting FolderGuid:963EC3EB4002CCE9759E2EBA541A873A
 |   |   |- [+] [ 19]
 |   |   |   |- Guid:87B5DC5F4DD001AC8B4D668FFA3DCDF0 BaseClass: NativeClass:/Script/Engine.StaticMeshActor Name:StaticMeshActor_UAID_04D9F58078F5526102_2102746359 Label:Cube SpatiallyLoaded:1 Bounds:IsValid=true, Min=(X=1078.398 Y=-661.056 Z=86.000), Max=(X=2037.602 Y=-108.944 Z=186.000) RuntimeGrid:None EditorOnly:0 RuntimeOnly:0 HLODRelevant:1 ListedInSceneOutliner:1 IsMainWorldOnly:0
 |   |   |- [+] [ 20]
 |   |   |   |- Guid:AB0B68B64DE9BD34385EF0B1C3FE2613 BaseClass: NativeClass:/Script/NavigationSystem.RecastNavMesh Name:RecastNavMesh_UAID_9C6B00068A08943302-Default Label:RecastNavMesh-Default SpatiallyLoaded:0 Bounds:IsValid=true, Min=(X=0.000 Y=0.000 Z=0.000), Max=(X=0.000 Y=0.000 Z=0.000) RuntimeGrid:None EditorOnly:0 RuntimeOnly:0 HLODRelevant:0 ListedInSceneOutliner:1 IsMainWorldOnly:0
 |   |   |- [+] [ 21]
 |   |   |   |- Guid:AB8662064155D6D4691A7C80627B5D59 BaseClass: NativeClass:/Script/Engine.StaticMeshActor Name:StaticMeshActor_UAID_04D9F58078F5536102_1477630546 Label:Cube12 SpatiallyLoaded:1 Bounds:IsValid=true, Min=(X=2489.813 Y=1977.623 Z=-354.000), Max=(X=2668.187 Y=3160.377 Z=-254.000) RuntimeGrid:None EditorOnly:0 RuntimeOnly:0 HLODRelevant:1 ListedInSceneOutliner:1 IsMainWorldOnly:0
 |   |   |- [+] [ 22]
 |   |   |   |- Guid:BF7B9B6F4D65B7D6D7C3CC878D410977 BaseClass: NativeClass:/Script/Engine.StaticMeshActor Name:StaticMeshActor_UAID_04D9F58078F5536102_1167544538 Label:Cube4 SpatiallyLoaded:1 Bounds:IsValid=true, Min=(X=2027.453 Y=1629.201 Z=-354.000), Max=(X=2880.547 Y=1978.799 Z=-254.000) RuntimeGrid:None EditorOnly:0 RuntimeOnly:0 HLODRelevant:1 ListedInSceneOutliner:1 IsMainWorldOnly:0
 |   |   |- [+] [ 23]
 |   |   |   |- Guid:C139BF9D47A10B726D76D09F28B9C57A BaseClass: NativeClass:/Script/Engine.StaticMeshActor Name:StaticMeshActor_UAID_7085C2412C3FEA2602_1857935807 Label:Lobster SpatiallyLoaded:1 Bounds:IsValid=true, Min=(X=1520.000 Y=1350.000 Z=120.000), Max=(X=1520.000 Y=1350.000 Z=120.000) RuntimeGrid:None EditorOnly:0 RuntimeOnly:0 HLODRelevant:0 ListedInSceneOutliner:1 IsMainWorldOnly:0
 |   |   |- [+] [ 24]
 |   |   |   |- Guid:C6BC1C554F2ED1983980BCB8F012F8A0 BaseClass: NativeClass:/Script/Engine.StaticMeshActor Name:StaticMeshActor_UAID_04D9F58078F5536102_1232510540 Label:Cube6 SpatiallyLoaded:1 Bounds:IsValid=true, Min=(X=656.813 Y=781.453 Z=-354.000), Max=(X=835.187 Y=1634.547 Z=-254.000) RuntimeGrid:None EditorOnly:0 RuntimeOnly:0 HLODRelevant:1 ListedInSceneOutliner:1 IsMainWorldOnly:0
 |   |   |- [+] [ 25]
 |   |   |   |- Guid:CB4C7B024E3C87CFCEBCB0AEDE10CCCE BaseClass: NativeClass:/Script/Engine.WorldDataLayers Name:WorldDataLayers Label:WorldDataLayers SpatiallyLoaded:0 Bounds:Invalid RuntimeGrid:None EditorOnly:0 RuntimeOnly:0 HLODRelevant:0 ListedInSceneOutliner:1 IsMainWorldOnly:1
 |   |   |- [+] [ 26]
 |   |   |   |- Guid:CBE5F51A466985AEFFB8958D322FA72B BaseClass: NativeClass:/Script/Engine.AmbientSound Name:AmbientSound_UAID_BCC746A635C91C2302_1703240383 Label:ReBreather2b SpatiallyLoaded:1 Bounds:IsValid=true, Min=(X=1630.000 Y=1930.000 Z=312.000), Max=(X=1630.000 Y=1930.000 Z=312.000) RuntimeGrid:None EditorOnly:0 RuntimeOnly:0 HLODRelevant:0 ListedInSceneOutliner:1 IsMainWorldOnly:0
 |   |   |- [+] [ 27]
 |   |   |   |- Guid:DC5B0E004FF815AEAE24F1882A0D52C6 BaseClass: NativeClass:/Script/Engine.StaticMeshActor Name:StaticMeshActor_UAID_04D9F58078F5536102_1443582545 Label:Cube11 SpatiallyLoaded:1 Bounds:IsValid=true, Min=(X=2130.669 Y=-15.367 Z=-354.000), Max=(X=3027.331 Y=447.367 Z=-254.000) RuntimeGrid:None EditorOnly:0 RuntimeOnly:0 HLODRelevant:1 ListedInSceneOutliner:1 IsMainWorldOnly:0
 |   |   |- [+] [ 28]
 |   |   |   |- Guid:EC8BFD64464D7401825F21928837BDE0 BaseClass:/Game/ThirdPerson/Blueprints/WaterBodyLake_Blueprint.WaterBodyLake_Blueprint_C NativeClass:/Script/Water.WaterBodyLake Name:WaterBodyLake_Blueprint_C_UAID_BCC746A635C9522102_1912956777 Label:WaterBodyLake_Blueprint SpatiallyLoaded:1 Bounds:IsValid=true, Min=(X=-1370.000 Y=-745.000 Z=-1106.000), Max=(X=3810.046 Y=4127.000 Z=325.057) RuntimeGrid:None EditorOnly:0 RuntimeOnly:0 HLODRelevant:1 ListedInSceneOutliner:1 IsMainWorldOnly:0
 |   |   |- [+] [ 29]
 |   |   |   |- Guid:F9FDE1AE49C6A01C30BF94823EA77BCB BaseClass: NativeClass:/Script/Engine.StaticMeshActor Name:StaticMeshActor_UAID_04D9F58078F5536102_1488465547 Label:Cube13 SpatiallyLoaded:1 Bounds:IsValid=true, Min=(X=1307.623 Y=2479.813 Z=-354.000), Max=(X=2490.377 Y=2658.187 Z=-254.000) RuntimeGrid:None EditorOnly:0 RuntimeOnly:0 HLODRelevant:1 ListedInSceneOutliner:1 IsMainWorldOnly:0
 |   |   |- [+] [ 30]
 |   |   |   |- Guid:FC2C2F644FA9B0FC98F4E4BBB471AF2E BaseClass: NativeClass:/Script/Engine.StaticMeshActor Name:StaticMeshActor_UAID_A4AE111137DC5EFB00_1110535423 Label:SM_SkySphere SpatiallyLoaded:0 Bounds:IsValid=true, Min=(X=-1638400.000 Y=-1638400.000 Z=-1638400.000), Max=(X=1638400.000 Y=1638400.000 Z=1638400.000) RuntimeGrid:None EditorOnly:0 RuntimeOnly:0 HLODRelevant:0 ListedInSceneOutliner:1 IsMainWorldOnly:0 FolderPath:Lighting FolderGuid:963EC3EB4002CCE9759E2EBA541A873A
 |- ContainerInstances:
 |- [+] MainContainer:
 |   |-        ID: 00000000000000000000000000000000
 |   |-  ParentID: 00000000000000000000000000000000
 |   |-    Bounds: IsValid=false, Min=(X=0.000 Y=0.000 Z=0.000), Max=(X=0.000 Y=0.000 Z=0.000)
 |   |- Transform: 0.000000,0.000000,0.000000|0.000000,0.000000,-0.000000|1.000000,1.000000,1.000000
 |   |- Container: /Game/ThirdPerson/Maps/Re-Breather_level3
----------------------------------------------------------------------------------------------------------------
Re-Breather_level3 - Persistent Level
----------------------------------------------------------------------------------------------------------------
[+] Content of Re-Breather_level3 Persistent Level
 |- Always loaded Actor Count: 31 
 |- Actor Path: /Game/ThirdPerson/Maps/Re-Breather_level3.Re-Breather_level3:PersistentLevel.AmbientSound_UAID_BCC746A635C91C2302_1703240383
 |- Actor Package: /Game/__ExternalActors__/ThirdPerson/Maps/Re-Breather_level3/A/YF/9IF1T20KHA48MGH7PED89A
 |- Actor Path: /Game/ThirdPerson/Maps/Re-Breather_level3.Re-Breather_level3:PersistentLevel.DirectionalLight_0
 |- Actor Package: /Game/__ExternalActors__/ThirdPerson/Maps/Re-Breather_level3/9/GO/2LJSN5RPWPZDVCCS08P4XO
 |- Actor Path: /Game/ThirdPerson/Maps/Re-Breather_level3.Re-Breather_level3:PersistentLevel.ExponentialHeightFog_0
 |- Actor Package: /Game/__ExternalActors__/ThirdPerson/Maps/Re-Breather_level3/4/F7/6UF4F8POL8IDTLG6QV3K8P
 |- Actor Path: /Game/ThirdPerson/Maps/Re-Breather_level3.Re-Breather_level3:PersistentLevel.NavMeshBoundsVolume_UAID_9C6B00068A08943302_1441729399
 |- Actor Package: /Game/__ExternalActors__/ThirdPerson/Maps/Re-Breather_level3/C/NP/23SZHOWLLR9AO5HFZ6R68R
 |- Actor Path: /Game/ThirdPerson/Maps/Re-Breather_level3.Re-Breather_level3:PersistentLevel.PlayerStart_0
 |- Actor Package: /Game/__ExternalActors__/ThirdPerson/Maps/Re-Breather_level3/7/Y8/ETMNHRXAQFSR2B709XROSC
 |- Actor Path: /Game/ThirdPerson/Maps/Re-Breather_level3.Re-Breather_level3:PersistentLevel.PostProcessVolume_0
 |- Actor Package: /Game/__ExternalActors__/ThirdPerson/Maps/Re-Breather_level3/B/TG/Y6XJMLTRZX5KHOA64TG4EE
 |- Actor Path: /Game/ThirdPerson/Maps/Re-Breather_level3.Re-Breather_level3:PersistentLevel.RecastNavMesh_UAID_9C6B00068A08943302-Default
 |- Actor Package: /Game/__ExternalActors__/ThirdPerson/Maps/Re-Breather_level3/A/PF/M3Y9L1P2JUM2RXHT8K8GTG
 |- Actor Path: /Game/ThirdPerson/Maps/Re-Breather_level3.Re-Breather_level3:PersistentLevel.SkyAtmosphere_0
 |- Actor Package: /Game/__ExternalActors__/ThirdPerson/Maps/Re-Breather_level3/D/P4/NH0EU8YA1HXOC1A2O13Q5U
 |- Actor Path: /Game/ThirdPerson/Maps/Re-Breather_level3.Re-Breather_level3:PersistentLevel.SkyLight_1
 |- Actor Package: /Game/__ExternalActors__/ThirdPerson/Maps/Re-Breather_level3/1/YS/6QJR3HUGZ2MQ0ODE38CDQA
 |- Actor Path: /Game/ThirdPerson/Maps/Re-Breather_level3.Re-Breather_level3:PersistentLevel.StaticMeshActor_UAID_04D9F58078F5526102_2102746359
 |- Actor Package: /Game/__ExternalActors__/ThirdPerson/Maps/Re-Breather_level3/1/FG/TMBJ6JW75UAKQSVCC1B60H
 |- Actor Path: /Game/ThirdPerson/Maps/Re-Breather_level3.Re-Breather_level3:PersistentLevel.StaticMeshActor_UAID_04D9F58078F5536102_1076202536
 |- Actor Package: /Game/__ExternalActors__/ThirdPerson/Maps/Re-Breather_level3/3/RW/TM7O0264F2HB8KFD26DS16
 |- Actor Path: /Game/ThirdPerson/Maps/Re-Breather_level3.Re-Breather_level3:PersistentLevel.StaticMeshActor_UAID_04D9F58078F5536102_1134359537
 |- Actor Package: /Game/__ExternalActors__/ThirdPerson/Maps/Re-Breather_level3/2/WI/UMEZC5T654ZOE4LNSETI8O
 |- Actor Path: /Game/ThirdPerson/Maps/Re-Breather_level3.Re-Breather_level3:PersistentLevel.StaticMeshActor_UAID_04D9F58078F5536102_1167544538
 |- Actor Package: /Game/__ExternalActors__/ThirdPerson/Maps/Re-Breather_level3/8/5Q/WQFJQVTQB00AKC6U6793BU
 |- Actor Path: /Game/ThirdPerson/Maps/Re-Breather_level3.Re-Breather_level3:PersistentLevel.StaticMeshActor_UAID_04D9F58078F5536102_1195366539
 |- Actor Package: /Game/__ExternalActors__/ThirdPerson/Maps/Re-Breather_level3/8/ZH/RLWVKV3ROLNEL5O73J6OWL
 |- Actor Path: /Game/ThirdPerson/Maps/Re-Breather_level3.Re-Breather_level3:PersistentLevel.StaticMeshActor_UAID_04D9F58078F5536102_1232510540
 |- Actor Package: /Game/__ExternalActors__/ThirdPerson/Maps/Re-Breather_level3/0/LM/JGRNUJHA37ZOY43N3AK7DE
 |- Actor Path: /Game/ThirdPerson/Maps/Re-Breather_level3.Re-Breather_level3:PersistentLevel.StaticMeshActor_UAID_04D9F58078F5536102_1262253541
 |- Actor Package: /Game/__ExternalActors__/ThirdPerson/Maps/Re-Breather_level3/0/X5/GWP6H0A8U45GOXD7Z8YOSL
 |- Actor Path: /Game/ThirdPerson/Maps/Re-Breather_level3.Re-Breather_level3:PersistentLevel.StaticMeshActor_UAID_04D9F58078F5536102_1319062542
 |- Actor Package: /Game/__ExternalActors__/ThirdPerson/Maps/Re-Breather_level3/A/1N/LLUIJLXD4933JMTKM8M57A
 |- Actor Path: /Game/ThirdPerson/Maps/Re-Breather_level3.Re-Breather_level3:PersistentLevel.StaticMeshActor_UAID_04D9F58078F5536102_1374811543
 |- Actor Package: /Game/__ExternalActors__/ThirdPerson/Maps/Re-Breather_level3/5/WY/MJW0BKYABU0WICJIMIN9PT
 |- Actor Path: /Game/ThirdPerson/Maps/Re-Breather_level3.Re-Breather_level3:PersistentLevel.StaticMeshActor_UAID_04D9F58078F5536102_1425388544
 |- Actor Package: /Game/__ExternalActors__/ThirdPerson/Maps/Re-Breather_level3/C/3A/Q7KDZ76QBA9PDF5KFLQBSN
 |- Actor Path: /Game/ThirdPerson/Maps/Re-Breather_level3.Re-Breather_level3:PersistentLevel.StaticMeshActor_UAID_04D9F58078F5536102_1443582545
 |- Actor Package: /Game/__ExternalActors__/ThirdPerson/Maps/Re-Breather_level3/6/U8/FIOMQXG4FLL2V8JDDHKAS2
 |- Actor Path: /Game/ThirdPerson/Maps/Re-Breather_level3.Re-Breather_level3:PersistentLevel.StaticMeshActor_UAID_04D9F58078F5536102_1477630546
 |- Actor Package: /Game/__ExternalActors__/ThirdPerson/Maps/Re-Breather_level3/A/WV/N5WFQLP08Q6I15O9RZUOT2
 |- Actor Path: /Game/ThirdPerson/Maps/Re-Breather_level3.Re-Breather_level3:PersistentLevel.StaticMeshActor_UAID_04D9F58078F5536102_1488465547
 |- Actor Package: /Game/__ExternalActors__/ThirdPerson/Maps/Re-Breather_level3/B/WL/PWKJ385TOGPI9GMYI9P6AT
 |- Actor Path: /Game/ThirdPerson/Maps/Re-Breather_level3.Re-Breather_level3:PersistentLevel.StaticMeshActor_UAID_7085C2412C3FCF2502_2053393000
 |- Actor Package: /Game/__ExternalActors__/ThirdPerson/Maps/Re-Breather_level3/8/0B/AV9HL18BHJ9JWDTWLR93HV
 |- Actor Path: /Game/ThirdPerson/Maps/Re-Breather_level3.Re-Breather_level3:PersistentLevel.StaticMeshActor_UAID_7085C2412C3FD02502_1175576178
 |- Actor Package: /Game/__ExternalActors__/ThirdPerson/Maps/Re-Breather_level3/3/L9/WF25BQMO3Z1K528J0L5DUR
 |- Actor Path: /Game/ThirdPerson/Maps/Re-Breather_level3.Re-Breather_level3:PersistentLevel.StaticMeshActor_UAID_7085C2412C3FEA2602_1857935807
 |- Actor Package: /Game/__ExternalActors__/ThirdPerson/Maps/Re-Breather_level3/D/75/QN0Y5DOQAAGOZD7DXZC52R
 |- Actor Path: /Game/ThirdPerson/Maps/Re-Breather_level3.Re-Breather_level3:PersistentLevel.StaticMeshActor_UAID_7085C2412C3FEA2602_1993000808
 |- Actor Package: /Game/__ExternalActors__/ThirdPerson/Maps/Re-Breather_level3/B/JB/IPWNTAJ60RDS0OVQPUKDX5
 |- Actor Path: /Game/ThirdPerson/Maps/Re-Breather_level3.Re-Breather_level3:PersistentLevel.StaticMeshActor_UAID_A4AE111137DC5EFB00_1110535423
 |- Actor Package: /Game/__ExternalActors__/ThirdPerson/Maps/Re-Breather_level3/1/2B/MN8T7L46KXOE2CU45OHNEX
 |- Actor Path: /Game/ThirdPerson/Maps/Re-Breather_level3.Re-Breather_level3:PersistentLevel.VolumetricCloud_0
 |- Actor Package: /Game/__ExternalActors__/ThirdPerson/Maps/Re-Breather_level3/2/A5/9676FV6LEXTP4PDP6MSICO
 |- Actor Path: /Game/ThirdPerson/Maps/Re-Breather_level3.Re-Breather_level3:PersistentLevel.WaterBodyLake_Blueprint_C_UAID_BCC746A635C9522102_1912956777
 |- Actor Package: /Game/__ExternalActors__/ThirdPerson/Maps/Re-Breather_level3/D/FZ/LTNRJ1ZRVT5RN47TLOOIK2
 |- Actor Path: /Game/ThirdPerson/Maps/Re-Breather_level3.Re-Breather_level3:PersistentLevel.WaterZone_UAID_BCC746A635C9522102_1251113776
 |- Actor Package: /Game/__ExternalActors__/ThirdPerson/Maps/Re-Breather_level3/9/05/NAME2W3HSKUNNHU9ODRRPN
 |- Actor Path: /Game/ThirdPerson/Maps/Re-Breather_level3.Re-Breather_level3:PersistentLevel.WorldDataLayers
 |- Actor Package: /Game/__ExternalActors__/ThirdPerson/Maps/Re-Breather_level3/0/JG/TV39SMKATBDDEFY58TNP6B

----------------------------------------------------------------------------------------------------------------
Re-Breather_level3 - Runtime Hash Set
----------------------------------------------------------------------------------------------------------------

