[+] Containers:
 |- [+] Container: /Game/ThirdPerson/Maps/Re-Breather_level3
 |   |- [+] ActorDescs:
 |   |   |- Guid:00E9C1EB46AD15BE7AECC9A7F9D86947 BaseClass: NativeClass:/Script/Engine.StaticMeshActor Name:StaticMeshActor_UAID_04D9F58078F5546102_2008578738 Label:Cube25 SpatiallyLoaded:1 Bounds:IsValid=true, Min=(X=1187.836 Y=1607.759 Z=-664.597), Max=(X=1266.164 Y=2162.241 Z=-375.403) RuntimeGrid:None EditorOnly:0 RuntimeOnly:0 HLODRelevant:1 ListedInSceneOutliner:1 IsMainWorldOnly:0
 |   |   |- Guid:046E9E6343E86E04E49CD8AAB1A1B4B9 BaseClass: NativeClass:/Script/Engine.StaticMeshActor Name:StaticMeshActor_UAID_04D9F58078F5536102_1076202536 Label:Cube2 SpatiallyLoaded:1 Bounds:IsValid=true, Min=(X=1078.398 Y=-130.827 Z=-324.387), Max=(X=2037.602 Y=864.827 Z=186.387) RuntimeGrid:None EditorOnly:0 RuntimeOnly:0 HLODRelevant:1 ListedInSceneOutliner:1 IsMainWorldOnly:0
 |   |   |- Guid:0627447B40F2EF9ABE2E519BC2E655A8 BaseClass: NativeClass:/Script/Engine.StaticMeshActor Name:StaticMeshActor_UAID_7085C2412C3FCF2502_2053393000 Label:Corals SpatiallyLoaded:1 Bounds:IsValid=true, Min=(X=1970.000 Y=2790.000 Z=200.000), Max=(X=1970.000 Y=2790.000 Z=200.000) RuntimeGrid:None EditorOnly:0 RuntimeOnly:0 HLODRelevant:0 ListedInSceneOutliner:1 IsMainWorldOnly:0
 |   |   |- Guid:082B0CCA49077D62C8705E8E483591D3 BaseClass: NativeClass:/Script/Engine.StaticMeshActor Name:StaticMeshActor_UAID_04D9F58078F5536102_1134359537 Label:Cube3 SpatiallyLoaded:1 Bounds:IsValid=true, Min=(X=1175.453 Y=800.908 Z=-354.000), Max=(X=2028.547 Y=1979.092 Z=-254.000) RuntimeGrid:None EditorOnly:0 RuntimeOnly:0 HLODRelevant:1 ListedInSceneOutliner:1 IsMainWorldOnly:0
 |   |   |- Guid:0B001AF34C075E08E6869A907E419DEE BaseClass: NativeClass:/Script/Water.WaterZone Name:WaterZone_UAID_BCC746A635C9522102_1251113776 Label:WaterZone SpatiallyLoaded:0 Bounds:IsValid=true, Min=(X=-25600.000 Y=-25600.000 Z=-25600.000), Max=(X=25600.000 Y=25600.000 Z=25600.000) RuntimeGrid:None EditorOnly:0 RuntimeOnly:0 HLODRelevant:0 ListedInSceneOutliner:1 IsMainWorldOnly:0
 |   |   |- Guid:1097921E43A79459B2BA5F97A5B6C9F1 BaseClass: NativeClass:/Script/Engine.StaticMeshActor Name:StaticMeshActor_UAID_04D9F58078F5536102_1895669552 Label:Cube18 SpatiallyLoaded:1 Bounds:IsValid=true, Min=(X=378.453 Y=2164.829 Z=-734.000), Max=(X=1231.547 Y=2345.171 Z=-634.000) RuntimeGrid:None EditorOnly:0 RuntimeOnly:0 HLODRelevant:1 ListedInSceneOutliner:1 IsMainWorldOnly:0
 |   |   |- Guid:15DC52B7471038A5658D458912471319 BaseClass: NativeClass:/Script/Engine.StaticMeshActor Name:StaticMeshActor_UAID_04D9F58078F5536102_2107252556 Label:Cube21 SpatiallyLoaded:1 Bounds:IsValid=true, Min=(X=1148.877 Y=2809.662 Z=-635.857), Max=(X=2233.123 Y=2934.338 Z=-296.143) RuntimeGrid:None EditorOnly:0 RuntimeOnly:0 HLODRelevant:1 ListedInSceneOutliner:1 IsMainWorldOnly:0
 |   |   |- Guid:1BF1726D41B630D2CE3D3BB1CA11FBE2 BaseClass: NativeClass:/Script/Engine.StaticMeshActor Name:StaticMeshActor_UAID_04D9F58078F5536102_1319062542 Label:Cube8 SpatiallyLoaded:1 Bounds:IsValid=true, Min=(X=-216.686 Y=-64.547 Z=-354.000), Max=(X=14.686 Y=788.547 Z=-254.000) RuntimeGrid:None EditorOnly:0 RuntimeOnly:0 HLODRelevant:1 ListedInSceneOutliner:1 IsMainWorldOnly:0
 |   |   |- Guid:20690A2C4003CC1D90443686351662F2 BaseClass: NativeClass:/Script/Engine.StaticMeshActor Name:StaticMeshActor_UAID_04D9F58078F5556102_1176651922 Label:Cube33 SpatiallyLoaded:1 Bounds:IsValid=true, Min=(X=374.581 Y=2368.994 Z=-782.760), Max=(X=453.419 Y=2487.006 Z=-341.240) RuntimeGrid:None EditorOnly:0 RuntimeOnly:0 HLODRelevant:1 ListedInSceneOutliner:1 IsMainWorldOnly:0
 |   |   |- Guid:2872C61C4330BA2B9FEE5BA21F2BB2EE BaseClass: NativeClass:/Script/Engine.VolumetricCloud Name:VolumetricCloud_0 Label:VolumetricCloud SpatiallyLoaded:0 Bounds:IsValid=true, Min=(X=0.000 Y=0.000 Z=820.000), Max=(X=0.000 Y=0.000 Z=820.000) RuntimeGrid:None EditorOnly:0 RuntimeOnly:0 HLODRelevant:0 ListedInSceneOutliner:1 IsMainWorldOnly:0 FolderPath:Lighting FolderGuid:963EC3EB4002CCE9759E2EBA541A873A
 |   |   |- Guid:2BCB0C274F60D8D12AF2FC83D151F7E0 BaseClass: NativeClass:/Script/Engine.StaticMeshActor Name:StaticMeshActor_UAID_04D9F58078F5536102_1681556549 Label:Cube15 SpatiallyLoaded:1 Bounds:IsValid=true, Min=(X=1809.813 Y=2604.905 Z=-342.718), Max=(X=1988.187 Y=3327.095 Z=204.718) RuntimeGrid:None EditorOnly:0 RuntimeOnly:0 HLODRelevant:1 ListedInSceneOutliner:1 IsMainWorldOnly:0
 |   |   |- Guid:3088B2724994EA06474671B845D975D3 BaseClass: NativeClass:/Script/Engine.StaticMeshActor Name:StaticMeshActor_UAID_04D9F58078F5536102_1374811543 Label:Cube9 SpatiallyLoaded:1 Bounds:IsValid=true, Min=(X=9.823 Y=-126.642 Z=-294.012), Max=(X=676.177 Y=424.642 Z=-255.988) RuntimeGrid:None EditorOnly:0 RuntimeOnly:0 HLODRelevant:1 ListedInSceneOutliner:1 IsMainWorldOnly:0
 |   |   |- Guid:39A01C694C7F72D18EFC9FAED77B9105 BaseClass: NativeClass:/Script/Engine.SkyLight Name:SkyLight_1 Label:SkyLight SpatiallyLoaded:0 Bounds:IsValid=true, Min=(X=0.000 Y=0.000 Z=690.000), Max=(X=0.000 Y=0.000 Z=690.000) RuntimeGrid:None EditorOnly:0 RuntimeOnly:0 HLODRelevant:0 ListedInSceneOutliner:1 IsMainWorldOnly:0 FolderPath:Lighting FolderGuid:963EC3EB4002CCE9759E2EBA541A873A
 |   |   |- Guid:3CAFE9E54681B3F25EA632B83E434E8B BaseClass: NativeClass:/Script/NavigationSystem.NavMeshBoundsVolume Name:NavMeshBoundsVolume_UAID_9C6B00068A08943302_1441729399 Label:NavMeshBoundsVolume SpatiallyLoaded:0 Bounds:IsValid=true, Min=(X=257.360 Y=282.977 Z=-8.941), Max=(X=2848.640 Y=3237.023 Z=192.941) RuntimeGrid:None EditorOnly:0 RuntimeOnly:0 HLODRelevant:0 ListedInSceneOutliner:1 IsMainWorldOnly:0
 |   |   |- Guid:3DD386EF419E97A975B4359A65217CB1 BaseClass: NativeClass:/Script/Engine.ExponentialHeightFog Name:ExponentialHeightFog_0 Label:ExponentialHeightFog SpatiallyLoaded:0 Bounds:IsValid=true, Min=(X=-5600.000 Y=-50.000 Z=-6850.000), Max=(X=-5600.000 Y=-50.000 Z=-6850.000) RuntimeGrid:None EditorOnly:0 RuntimeOnly:0 HLODRelevant:0 ListedInSceneOutliner:1 IsMainWorldOnly:0 FolderPath:Lighting FolderGuid:963EC3EB4002CCE9759E2EBA541A873A
 |   |   |- Guid:450EED5F4BE3E497615AD3951923A1FE BaseClass: NativeClass:/Script/Engine.StaticMeshActor Name:StaticMeshActor_UAID_04D9F58078F5536102_1262253541 Label:Cube7 SpatiallyLoaded:1 Bounds:IsValid=true, Min=(X=-227.672 Y=782.869 Z=-354.000), Max=(X=659.672 Y=1025.131 Z=-254.000) RuntimeGrid:None EditorOnly:0 RuntimeOnly:0 HLODRelevant:1 ListedInSceneOutliner:1 IsMainWorldOnly:0
 |   |   |- Guid:46A7FAD244319A5B9E942DB75B488CD5 BaseClass: NativeClass:/Script/Engine.StaticMeshActor Name:StaticMeshActor_UAID_04D9F58078F5536102_1425388544 Label:Cube10 SpatiallyLoaded:1 Bounds:IsValid=true, Min=(X=2489.813 Y=452.623 Z=-354.000), Max=(X=2668.187 Y=1635.377 Z=-254.000) RuntimeGrid:None EditorOnly:0 RuntimeOnly:0 HLODRelevant:1 ListedInSceneOutliner:1 IsMainWorldOnly:0
 |   |   |- Guid:4F0C4496445EA73A881E29AEA3015ED3 BaseClass: NativeClass:/Script/Engine.StaticMeshActor Name:StaticMeshActor_UAID_04D9F58078F5556102_1354498926 Label:Cube37 SpatiallyLoaded:1 Bounds:IsValid=true, Min=(X=374.908 Y=2479.813 Z=-370.400), Max=(X=1167.092 Y=2658.187 Z=-51.600) RuntimeGrid:None EditorOnly:0 RuntimeOnly:0 HLODRelevant:1 ListedInSceneOutliner:1 IsMainWorldOnly:0
 |   |   |- Guid:4FC5DA4042CF901A071DC29FC925FA17 BaseClass: NativeClass:/Script/Engine.PlayerStart Name:PlayerStart_0 Label:PlayerStart SpatiallyLoaded:0 Bounds:IsValid=true, Min=(X=1520.000 Y=-403.000 Z=200.013), Max=(X=1600.000 Y=-323.000 Z=384.013) RuntimeGrid:None EditorOnly:0 RuntimeOnly:0 HLODRelevant:0 ListedInSceneOutliner:1 IsMainWorldOnly:0
 |   |   |- Guid:507BA60E493DA6579BEF6381959688C7 BaseClass: NativeClass:/Script/Engine.StaticMeshActor Name:StaticMeshActor_UAID_04D9F58078F5556102_1126867920 Label:Cube31 SpatiallyLoaded:1 Bounds:IsValid=true, Min=(X=-418.547 Y=2978.072 Z=-736.799), Max=(X=434.547 Y=3023.928 Z=-387.201) RuntimeGrid:None EditorOnly:0 RuntimeOnly:0 HLODRelevant:1 ListedInSceneOutliner:1 IsMainWorldOnly:0
 |   |   |- Guid:511B8EEB45431BF4D17CE391CBE88A55 BaseClass: NativeClass:/Script/Engine.StaticMeshActor Name:StaticMeshActor_UAID_04D9F58078F5536102_1996596554 Label:Cube19 SpatiallyLoaded:1 Bounds:IsValid=true, Min=(X=1157.899 Y=1665.834 Z=-734.000), Max=(X=2340.101 Y=2910.166 Z=-634.000) RuntimeGrid:None EditorOnly:0 RuntimeOnly:0 HLODRelevant:1 ListedInSceneOutliner:1 IsMainWorldOnly:0
 |   |   |- Guid:5639096246440016570C5F8ED7A6599D BaseClass: NativeClass:/Script/Engine.StaticMeshActor Name:StaticMeshActor_UAID_04D9F58078F5536102_1195366539 Label:Cube5 SpatiallyLoaded:1 Bounds:IsValid=true, Min=(X=319.453 Y=1629.201 Z=-354.000), Max=(X=1172.547 Y=1978.799 Z=-254.000) RuntimeGrid:None EditorOnly:0 RuntimeOnly:0 HLODRelevant:1 ListedInSceneOutliner:1 IsMainWorldOnly:0
 |   |   |- Guid:5BA53B99430B493C85E200875468E52B BaseClass: NativeClass:/Script/Engine.StaticMeshActor Name:StaticMeshActor_UAID_04D9F58078F5556102_1315313925 Label:Cube36 SpatiallyLoaded:1 Bounds:IsValid=true, Min=(X=31.201 Y=2130.453 Z=-392.000), Max=(X=380.799 Y=2983.547 Z=-292.000) RuntimeGrid:None EditorOnly:0 RuntimeOnly:0 HLODRelevant:1 ListedInSceneOutliner:1 IsMainWorldOnly:0
 |   |   |- Guid:5C679C6744380AF0E397ACAD513B2920 BaseClass: NativeClass:/Script/Engine.StaticMeshActor Name:StaticMeshActor_UAID_7085C2412C3FD02502_1175576178 Label:Corals2 SpatiallyLoaded:1 Bounds:IsValid=true, Min=(X=1930.000 Y=2780.000 Z=200.000), Max=(X=1930.000 Y=2780.000 Z=200.000) RuntimeGrid:None EditorOnly:0 RuntimeOnly:0 HLODRelevant:0 ListedInSceneOutliner:1 IsMainWorldOnly:0
 |   |   |- Guid:61F790E24407E01E9CF0A495A46BA2BA BaseClass: NativeClass:/Script/Engine.StaticMeshActor Name:StaticMeshActor_UAID_04D9F58078F5536102_1823136550 Label:Cube16 SpatiallyLoaded:1 Bounds:IsValid=true, Min=(X=1078.398 Y=3244.944 Z=98.000), Max=(X=2037.602 Y=3797.056 Z=198.000) RuntimeGrid:None EditorOnly:0 RuntimeOnly:0 HLODRelevant:1 ListedInSceneOutliner:1 IsMainWorldOnly:0
 |   |   |- Guid:633A6D5141E19C395FF97CA737294CBE BaseClass: NativeClass:/Script/Engine.StaticMeshActor Name:StaticMeshActor_UAID_04D9F58078F5546102_2068946740 Label:Cube27 SpatiallyLoaded:1 Bounds:IsValid=true, Min=(X=378.453 Y=2342.425 Z=-726.808), Max=(X=1231.547 Y=2389.575 Z=-381.192) RuntimeGrid:None EditorOnly:0 RuntimeOnly:0 HLODRelevant:1 ListedInSceneOutliner:1 IsMainWorldOnly:0
 |   |   |- Guid:6403A48E49036C66E1D1B6B0605753C4 BaseClass: NativeClass:/Script/Engine.DirectionalLight Name:DirectionalLight_0 Label:DirectionalLight SpatiallyLoaded:0 Bounds:Invalid RuntimeGrid:None EditorOnly:0 RuntimeOnly:0 HLODRelevant:0 ListedInSceneOutliner:1 IsMainWorldOnly:0 FolderPath:Lighting FolderGuid:963EC3EB4002CCE9759E2EBA541A873A
 |   |   |- Guid:64F6AB96491F744075ED17BDD9C1BD30 BaseClass: NativeClass:/Script/Engine.StaticMeshActor Name:StaticMeshActor_UAID_04D9F58078F5536102_2052290555 Label:Cube20 SpatiallyLoaded:1 Bounds:IsValid=true, Min=(X=1251.877 Y=1636.662 Z=-635.857), Max=(X=2336.123 Y=1761.338 Z=-296.143) RuntimeGrid:None EditorOnly:0 RuntimeOnly:0 HLODRelevant:1 ListedInSceneOutliner:1 IsMainWorldOnly:0
 |   |   |- Guid:6DA0DED948B8D5D39FA2BD9D07D4922E BaseClass: NativeClass:/Script/Engine.StaticMeshActor Name:StaticMeshActor_UAID_7085C2412C3FEA2602_1993000808 Label:Lobster2 SpatiallyLoaded:1 Bounds:IsValid=true, Min=(X=1525.046 Y=1386.720 Z=78.197), Max=(X=1555.105 Y=1444.871 Z=91.986) RuntimeGrid:None EditorOnly:0 RuntimeOnly:0 HLODRelevant:1 ListedInSceneOutliner:1 IsMainWorldOnly:0
 |   |   |- Guid:739FAEF94D8995A11603B09CBD8163EE BaseClass: NativeClass:/Script/Engine.PostProcessVolume Name:PostProcessVolume_0 Label:PostProcessVolume SpatiallyLoaded:0 Bounds:IsValid=true, Min=(X=0.000 Y=0.000 Z=400.000), Max=(X=200.000 Y=200.000 Z=600.000) RuntimeGrid:None EditorOnly:0 RuntimeOnly:0 HLODRelevant:0 ListedInSceneOutliner:1 IsMainWorldOnly:0 FolderPath:Lighting FolderGuid:963EC3EB4002CCE9759E2EBA541A873A
 |   |   |- Guid:78B9D10F454BF4DA73C7109F55CC3249 BaseClass: NativeClass:/Script/Engine.SkyAtmosphere Name:SkyAtmosphere_0 Label:SkyAtmosphere SpatiallyLoaded:0 Bounds:IsValid=true, Min=(X=0.000 Y=0.000 Z=1020.000), Max=(X=0.000 Y=0.000 Z=1020.000) RuntimeGrid:None EditorOnly:0 RuntimeOnly:0 HLODRelevant:0 ListedInSceneOutliner:1 IsMainWorldOnly:0 FolderPath:Lighting FolderGuid:963EC3EB4002CCE9759E2EBA541A873A
 |   |   |- Guid:7D6EA11E4DE7D15A401978942B8B9E58 BaseClass: NativeClass:/Script/Engine.StaticMeshActor Name:StaticMeshActor_UAID_04D9F58078F5536102_1635291548 Label:Cube14 SpatiallyLoaded:1 Bounds:IsValid=true, Min=(X=198.186 Y=2479.813 Z=-749.248), Max=(X=1343.814 Y=2658.187 Z=-250.752) RuntimeGrid:None EditorOnly:0 RuntimeOnly:0 HLODRelevant:1 ListedInSceneOutliner:1 IsMainWorldOnly:0
 |   |   |- Guid:7FB72E6740C10F4F2A095AA3A1A39DDC BaseClass: NativeClass:/Script/Engine.StaticMeshActor Name:StaticMeshActor_UAID_04D9F58078F5546102_1963744737 Label:Cube24 SpatiallyLoaded:1 Bounds:IsValid=true, Min=(X=1161.975 Y=2354.062 Z=-647.973), Max=(X=1232.025 Y=2813.938 Z=-392.027) RuntimeGrid:None EditorOnly:0 RuntimeOnly:0 HLODRelevant:1 ListedInSceneOutliner:1 IsMainWorldOnly:0
 |   |   |- Guid:87B5DC5F4DD001AC8B4D668FFA3DCDF0 BaseClass: NativeClass:/Script/Engine.StaticMeshActor Name:StaticMeshActor_UAID_04D9F58078F5526102_2102746359 Label:Cube SpatiallyLoaded:1 Bounds:IsValid=true, Min=(X=1078.398 Y=-661.056 Z=86.000), Max=(X=2037.602 Y=-108.944 Z=186.000) RuntimeGrid:None EditorOnly:0 RuntimeOnly:0 HLODRelevant:1 ListedInSceneOutliner:1 IsMainWorldOnly:0
 |   |   |- Guid:8F34D699449840094EFB4585AF78EBA2 BaseClass: NativeClass:/Script/Engine.StaticMeshActor Name:StaticMeshActor_UAID_04D9F58078F5546102_1185366736 Label:Cube23 SpatiallyLoaded:1 Bounds:IsValid=true, Min=(X=1113.137 Y=1526.446 Z=-382.381), Max=(X=2366.863 Y=2949.554 Z=-371.619) RuntimeGrid:None EditorOnly:0 RuntimeOnly:0 HLODRelevant:1 ListedInSceneOutliner:1 IsMainWorldOnly:0
 |   |   |- Guid:97E39947429DFE994D8FCEA45C403ADB BaseClass: NativeClass:/Script/Engine.StaticMeshActor Name:StaticMeshActor_UAID_04D9F58078F5546102_2130487742 Label:Cube29 SpatiallyLoaded:1 Bounds:IsValid=true, Min=(X=-14.928 Y=2130.453 Z=-736.799), Max=(X=30.928 Y=2983.547 Z=-387.201) RuntimeGrid:None EditorOnly:0 RuntimeOnly:0 HLODRelevant:1 ListedInSceneOutliner:1 IsMainWorldOnly:0
 |   |   |- Guid:9AAE0805439C58753E7DE39C8D76935B BaseClass: NativeClass:/Script/Engine.StaticMeshActor Name:StaticMeshActor_UAID_04D9F58078F5536102_1860522551 Label:Cube17 SpatiallyLoaded:1 Bounds:IsValid=true, Min=(X=31.201 Y=2130.453 Z=-734.000), Max=(X=380.799 Y=2983.547 Z=-634.000) RuntimeGrid:None EditorOnly:0 RuntimeOnly:0 HLODRelevant:1 ListedInSceneOutliner:1 IsMainWorldOnly:0
 |   |   |- Guid:AB0B68B64DE9BD34385EF0B1C3FE2613 BaseClass: NativeClass:/Script/NavigationSystem.RecastNavMesh Name:RecastNavMesh_UAID_9C6B00068A08943302-Default Label:RecastNavMesh-Default SpatiallyLoaded:0 Bounds:IsValid=true, Min=(X=0.000 Y=0.000 Z=0.000), Max=(X=0.000 Y=0.000 Z=0.000) RuntimeGrid:None EditorOnly:0 RuntimeOnly:0 HLODRelevant:0 ListedInSceneOutliner:1 IsMainWorldOnly:0
 |   |   |- Guid:AB8662064155D6D4691A7C80627B5D59 BaseClass: NativeClass:/Script/Engine.StaticMeshActor Name:StaticMeshActor_UAID_04D9F58078F5536102_1477630546 Label:Cube12 SpatiallyLoaded:1 Bounds:IsValid=true, Min=(X=2489.813 Y=1977.623 Z=-354.000), Max=(X=2668.187 Y=3160.377 Z=-254.000) RuntimeGrid:None EditorOnly:0 RuntimeOnly:0 HLODRelevant:1 ListedInSceneOutliner:1 IsMainWorldOnly:0
 |   |   |- Guid:B25BDA2140CF65066AF59CBA39939C87 BaseClass: NativeClass:/Script/Engine.StaticMeshActor Name:StaticMeshActor_UAID_04D9F58078F5556102_1201163923 Label:Cube34 SpatiallyLoaded:1 Bounds:IsValid=true, Min=(X=438.061 Y=2437.072 Z=-781.761), Max=(X=1193.939 Y=2482.928 Z=-48.239) RuntimeGrid:None EditorOnly:0 RuntimeOnly:0 HLODRelevant:1 ListedInSceneOutliner:1 IsMainWorldOnly:0
 |   |   |- Guid:B48C7544412FD0C7586D56B0294D72AA BaseClass: NativeClass:/Script/Engine.StaticMeshActor Name:StaticMeshActor_UAID_04D9F58078F5546102_2046680739 Label:Cube26 SpatiallyLoaded:1 Bounds:IsValid=true, Min=(X=378.453 Y=2117.425 Z=-726.808), Max=(X=1231.547 Y=2164.575 Z=-381.192) RuntimeGrid:None EditorOnly:0 RuntimeOnly:0 HLODRelevant:1 ListedInSceneOutliner:1 IsMainWorldOnly:0
 |   |   |- Guid:B8A4F27F45AABE2D4D5A7DBFEE05FA7B BaseClass: NativeClass:/Script/Engine.StaticMeshActor Name:StaticMeshActor_UAID_04D9F58078F5556102_1273581924 Label:Cube35 SpatiallyLoaded:1 Bounds:IsValid=true, Min=(X=438.061 Y=2663.072 Z=-775.998), Max=(X=1193.939 Y=2708.928 Z=-54.002) RuntimeGrid:None EditorOnly:0 RuntimeOnly:0 HLODRelevant:1 ListedInSceneOutliner:1 IsMainWorldOnly:0
 |   |   |- Guid:B8BB55724C8977B6B6A063B2EBFA7159 BaseClass: NativeClass:/Script/Engine.StaticMeshActor Name:StaticMeshActor_UAID_04D9F58078F5536102_2141361557 Label:Cube22 SpatiallyLoaded:1 Bounds:IsValid=true, Min=(X=2215.608 Y=1753.541 Z=-635.857), Max=(X=2348.392 Y=2930.459 Z=-296.143) RuntimeGrid:None EditorOnly:0 RuntimeOnly:0 HLODRelevant:1 ListedInSceneOutliner:1 IsMainWorldOnly:0
 |   |   |- Guid:BCF76D704AB173E2143180B38717BAAD BaseClass: NativeClass:/Script/Engine.StaticMeshActor Name:StaticMeshActor_UAID_04D9F58078F5546102_2083069741 Label:Cube28 SpatiallyLoaded:1 Bounds:IsValid=true, Min=(X=378.453 Y=2103.201 Z=-381.124), Max=(X=1231.547 Y=2402.799 Z=-364.876) RuntimeGrid:None EditorOnly:0 RuntimeOnly:0 HLODRelevant:1 ListedInSceneOutliner:1 IsMainWorldOnly:0
 |   |   |- Guid:BF7B9B6F4D65B7D6D7C3CC878D410977 BaseClass: NativeClass:/Script/Engine.StaticMeshActor Name:StaticMeshActor_UAID_04D9F58078F5536102_1167544538 Label:Cube4 SpatiallyLoaded:1 Bounds:IsValid=true, Min=(X=2027.453 Y=1629.201 Z=-354.000), Max=(X=2880.547 Y=1978.799 Z=-254.000) RuntimeGrid:None EditorOnly:0 RuntimeOnly:0 HLODRelevant:1 ListedInSceneOutliner:1 IsMainWorldOnly:0
 |   |   |- Guid:C139BF9D47A10B726D76D09F28B9C57A BaseClass: NativeClass:/Script/Engine.StaticMeshActor Name:StaticMeshActor_UAID_7085C2412C3FEA2602_1857935807 Label:Lobster SpatiallyLoaded:1 Bounds:IsValid=true, Min=(X=1520.000 Y=1350.000 Z=120.000), Max=(X=1520.000 Y=1350.000 Z=120.000) RuntimeGrid:None EditorOnly:0 RuntimeOnly:0 HLODRelevant:0 ListedInSceneOutliner:1 IsMainWorldOnly:0
 |   |   |- Guid:C6BC1C554F2ED1983980BCB8F012F8A0 BaseClass: NativeClass:/Script/Engine.StaticMeshActor Name:StaticMeshActor_UAID_04D9F58078F5536102_1232510540 Label:Cube6 SpatiallyLoaded:1 Bounds:IsValid=true, Min=(X=656.813 Y=781.453 Z=-354.000), Max=(X=835.187 Y=1634.547 Z=-254.000) RuntimeGrid:None EditorOnly:0 RuntimeOnly:0 HLODRelevant:1 ListedInSceneOutliner:1 IsMainWorldOnly:0
 |   |   |- Guid:CB4C7B024E3C87CFCEBCB0AEDE10CCCE BaseClass: NativeClass:/Script/Engine.WorldDataLayers Name:WorldDataLayers Label:WorldDataLayers SpatiallyLoaded:0 Bounds:Invalid RuntimeGrid:None EditorOnly:0 RuntimeOnly:0 HLODRelevant:0 ListedInSceneOutliner:1 IsMainWorldOnly:1
 |   |   |- Guid:CBE5F51A466985AEFFB8958D322FA72B BaseClass: NativeClass:/Script/Engine.AmbientSound Name:AmbientSound_UAID_BCC746A635C91C2302_1703240383 Label:ReBreather2b SpatiallyLoaded:1 Bounds:IsValid=true, Min=(X=1630.000 Y=1930.000 Z=312.000), Max=(X=1630.000 Y=1930.000 Z=312.000) RuntimeGrid:None EditorOnly:0 RuntimeOnly:0 HLODRelevant:0 ListedInSceneOutliner:1 IsMainWorldOnly:0
 |   |   |- Guid:DC5B0E004FF815AEAE24F1882A0D52C6 BaseClass: NativeClass:/Script/Engine.StaticMeshActor Name:StaticMeshActor_UAID_04D9F58078F5536102_1443582545 Label:Cube11 SpatiallyLoaded:1 Bounds:IsValid=true, Min=(X=2130.669 Y=-15.367 Z=-354.000), Max=(X=3027.331 Y=447.367 Z=-254.000) RuntimeGrid:None EditorOnly:0 RuntimeOnly:0 HLODRelevant:1 ListedInSceneOutliner:1 IsMainWorldOnly:0
 |   |   |- Guid:E1AE3B2C4744BE86F1B2D38CC3DBB537 BaseClass: NativeClass:/Script/Engine.StaticMeshActor Name:StaticMeshActor_UAID_04D9F58078F5556102_1085134919 Label:Cube30 SpatiallyLoaded:1 Bounds:IsValid=true, Min=(X=-418.547 Y=2087.072 Z=-736.799), Max=(X=434.547 Y=2132.928 Z=-387.201) RuntimeGrid:None EditorOnly:0 RuntimeOnly:0 HLODRelevant:1 ListedInSceneOutliner:1 IsMainWorldOnly:0
 |   |   |- Guid:EC8BFD64464D7401825F21928837BDE0 BaseClass:/Game/ThirdPerson/Blueprints/WaterBodyLake_Blueprint.WaterBodyLake_Blueprint_C NativeClass:/Script/Water.WaterBodyLake Name:WaterBodyLake_Blueprint_C_UAID_BCC746A635C9522102_1912956777 Label:WaterBodyLake_Blueprint SpatiallyLoaded:1 Bounds:IsValid=true, Min=(X=-1370.000 Y=-745.000 Z=-1106.000), Max=(X=3810.046 Y=4127.000 Z=325.057) RuntimeGrid:None EditorOnly:0 RuntimeOnly:0 HLODRelevant:1 ListedInSceneOutliner:1 IsMainWorldOnly:0
 |   |   |- Guid:F5B044744B9CF019A688D88DAA530388 BaseClass: NativeClass:/Script/Engine.StaticMeshActor Name:StaticMeshActor_UAID_04D9F58078F5556102_1149211921 Label:Cube32 SpatiallyLoaded:1 Bounds:IsValid=true, Min=(X=378.200 Y=2656.643 Z=-795.172), Max=(X=449.800 Y=3025.357 Z=-328.828) RuntimeGrid:None EditorOnly:0 RuntimeOnly:0 HLODRelevant:1 ListedInSceneOutliner:1 IsMainWorldOnly:0
 |   |   |- Guid:F9FDE1AE49C6A01C30BF94823EA77BCB BaseClass: NativeClass:/Script/Engine.StaticMeshActor Name:StaticMeshActor_UAID_04D9F58078F5536102_1488465547 Label:Cube13 SpatiallyLoaded:1 Bounds:IsValid=true, Min=(X=1307.623 Y=2479.813 Z=-354.000), Max=(X=2490.377 Y=2658.187 Z=-254.000) RuntimeGrid:None EditorOnly:0 RuntimeOnly:0 HLODRelevant:1 ListedInSceneOutliner:1 IsMainWorldOnly:0
 |   |   |- Guid:FC2C2F644FA9B0FC98F4E4BBB471AF2E BaseClass: NativeClass:/Script/Engine.StaticMeshActor Name:StaticMeshActor_UAID_A4AE111137DC5EFB00_1110535423 Label:SM_SkySphere SpatiallyLoaded:0 Bounds:IsValid=true, Min=(X=-1638400.000 Y=-1638400.000 Z=-1638400.000), Max=(X=1638400.000 Y=1638400.000 Z=1638400.000) RuntimeGrid:None EditorOnly:0 RuntimeOnly:0 HLODRelevant:0 ListedInSceneOutliner:1 IsMainWorldOnly:0 FolderPath:Lighting FolderGuid:963EC3EB4002CCE9759E2EBA541A873A
 |   |- [+] Clusters:
 |   |   |- [+] [  0]
 |   |   |   |- Guid:00E9C1EB46AD15BE7AECC9A7F9D86947 BaseClass: NativeClass:/Script/Engine.StaticMeshActor Name:StaticMeshActor_UAID_04D9F58078F5546102_2008578738 Label:Cube25 SpatiallyLoaded:1 Bounds:IsValid=true, Min=(X=1187.836 Y=1607.759 Z=-664.597), Max=(X=1266.164 Y=2162.241 Z=-375.403) RuntimeGrid:None EditorOnly:0 RuntimeOnly:0 HLODRelevant:1 ListedInSceneOutliner:1 IsMainWorldOnly:0
 |   |   |- [+] [  1]
 |   |   |   |- Guid:046E9E6343E86E04E49CD8AAB1A1B4B9 BaseClass: NativeClass:/Script/Engine.StaticMeshActor Name:StaticMeshActor_UAID_04D9F58078F5536102_1076202536 Label:Cube2 SpatiallyLoaded:1 Bounds:IsValid=true, Min=(X=1078.398 Y=-130.827 Z=-324.387), Max=(X=2037.602 Y=864.827 Z=186.387) RuntimeGrid:None EditorOnly:0 RuntimeOnly:0 HLODRelevant:1 ListedInSceneOutliner:1 IsMainWorldOnly:0
 |   |   |- [+] [  2]
 |   |   |   |- Guid:0627447B40F2EF9ABE2E519BC2E655A8 BaseClass: NativeClass:/Script/Engine.StaticMeshActor Name:StaticMeshActor_UAID_7085C2412C3FCF2502_2053393000 Label:Corals SpatiallyLoaded:1 Bounds:IsValid=true, Min=(X=1970.000 Y=2790.000 Z=200.000), Max=(X=1970.000 Y=2790.000 Z=200.000) RuntimeGrid:None EditorOnly:0 RuntimeOnly:0 HLODRelevant:0 ListedInSceneOutliner:1 IsMainWorldOnly:0
 |   |   |- [+] [  3]
 |   |   |   |- Guid:082B0CCA49077D62C8705E8E483591D3 BaseClass: NativeClass:/Script/Engine.StaticMeshActor Name:StaticMeshActor_UAID_04D9F58078F5536102_1134359537 Label:Cube3 SpatiallyLoaded:1 Bounds:IsValid=true, Min=(X=1175.453 Y=800.908 Z=-354.000), Max=(X=2028.547 Y=1979.092 Z=-254.000) RuntimeGrid:None EditorOnly:0 RuntimeOnly:0 HLODRelevant:1 ListedInSceneOutliner:1 IsMainWorldOnly:0
 |   |   |- [+] [  4]
 |   |   |   |- Guid:0B001AF34C075E08E6869A907E419DEE BaseClass: NativeClass:/Script/Water.WaterZone Name:WaterZone_UAID_BCC746A635C9522102_1251113776 Label:WaterZone SpatiallyLoaded:0 Bounds:IsValid=true, Min=(X=-25600.000 Y=-25600.000 Z=-25600.000), Max=(X=25600.000 Y=25600.000 Z=25600.000) RuntimeGrid:None EditorOnly:0 RuntimeOnly:0 HLODRelevant:0 ListedInSceneOutliner:1 IsMainWorldOnly:0
 |   |   |- [+] [  5]
 |   |   |   |- Guid:1097921E43A79459B2BA5F97A5B6C9F1 BaseClass: NativeClass:/Script/Engine.StaticMeshActor Name:StaticMeshActor_UAID_04D9F58078F5536102_1895669552 Label:Cube18 SpatiallyLoaded:1 Bounds:IsValid=true, Min=(X=378.453 Y=2164.829 Z=-734.000), Max=(X=1231.547 Y=2345.171 Z=-634.000) RuntimeGrid:None EditorOnly:0 RuntimeOnly:0 HLODRelevant:1 ListedInSceneOutliner:1 IsMainWorldOnly:0
 |   |   |- [+] [  6]
 |   |   |   |- Guid:15DC52B7471038A5658D458912471319 BaseClass: NativeClass:/Script/Engine.StaticMeshActor Name:StaticMeshActor_UAID_04D9F58078F5536102_2107252556 Label:Cube21 SpatiallyLoaded:1 Bounds:IsValid=true, Min=(X=1148.877 Y=2809.662 Z=-635.857), Max=(X=2233.123 Y=2934.338 Z=-296.143) RuntimeGrid:None EditorOnly:0 RuntimeOnly:0 HLODRelevant:1 ListedInSceneOutliner:1 IsMainWorldOnly:0
 |   |   |- [+] [  7]
 |   |   |   |- Guid:1BF1726D41B630D2CE3D3BB1CA11FBE2 BaseClass: NativeClass:/Script/Engine.StaticMeshActor Name:StaticMeshActor_UAID_04D9F58078F5536102_1319062542 Label:Cube8 SpatiallyLoaded:1 Bounds:IsValid=true, Min=(X=-216.686 Y=-64.547 Z=-354.000), Max=(X=14.686 Y=788.547 Z=-254.000) RuntimeGrid:None EditorOnly:0 RuntimeOnly:0 HLODRelevant:1 ListedInSceneOutliner:1 IsMainWorldOnly:0
 |   |   |- [+] [  8]
 |   |   |   |- Guid:20690A2C4003CC1D90443686351662F2 BaseClass: NativeClass:/Script/Engine.StaticMeshActor Name:StaticMeshActor_UAID_04D9F58078F5556102_1176651922 Label:Cube33 SpatiallyLoaded:1 Bounds:IsValid=true, Min=(X=374.581 Y=2368.994 Z=-782.760), Max=(X=453.419 Y=2487.006 Z=-341.240) RuntimeGrid:None EditorOnly:0 RuntimeOnly:0 HLODRelevant:1 ListedInSceneOutliner:1 IsMainWorldOnly:0
 |   |   |- [+] [  9]
 |   |   |   |- Guid:2872C61C4330BA2B9FEE5BA21F2BB2EE BaseClass: NativeClass:/Script/Engine.VolumetricCloud Name:VolumetricCloud_0 Label:VolumetricCloud SpatiallyLoaded:0 Bounds:IsValid=true, Min=(X=0.000 Y=0.000 Z=820.000), Max=(X=0.000 Y=0.000 Z=820.000) RuntimeGrid:None EditorOnly:0 RuntimeOnly:0 HLODRelevant:0 ListedInSceneOutliner:1 IsMainWorldOnly:0 FolderPath:Lighting FolderGuid:963EC3EB4002CCE9759E2EBA541A873A
 |   |   |- [+] [ 10]
 |   |   |   |- Guid:2BCB0C274F60D8D12AF2FC83D151F7E0 BaseClass: NativeClass:/Script/Engine.StaticMeshActor Name:StaticMeshActor_UAID_04D9F58078F5536102_1681556549 Label:Cube15 SpatiallyLoaded:1 Bounds:IsValid=true, Min=(X=1809.813 Y=2604.905 Z=-342.718), Max=(X=1988.187 Y=3327.095 Z=204.718) RuntimeGrid:None EditorOnly:0 RuntimeOnly:0 HLODRelevant:1 ListedInSceneOutliner:1 IsMainWorldOnly:0
 |   |   |- [+] [ 11]
 |   |   |   |- Guid:3088B2724994EA06474671B845D975D3 BaseClass: NativeClass:/Script/Engine.StaticMeshActor Name:StaticMeshActor_UAID_04D9F58078F5536102_1374811543 Label:Cube9 SpatiallyLoaded:1 Bounds:IsValid=true, Min=(X=9.823 Y=-126.642 Z=-294.012), Max=(X=676.177 Y=424.642 Z=-255.988) RuntimeGrid:None EditorOnly:0 RuntimeOnly:0 HLODRelevant:1 ListedInSceneOutliner:1 IsMainWorldOnly:0
 |   |   |- [+] [ 12]
 |   |   |   |- Guid:39A01C694C7F72D18EFC9FAED77B9105 BaseClass: NativeClass:/Script/Engine.SkyLight Name:SkyLight_1 Label:SkyLight SpatiallyLoaded:0 Bounds:IsValid=true, Min=(X=0.000 Y=0.000 Z=690.000), Max=(X=0.000 Y=0.000 Z=690.000) RuntimeGrid:None EditorOnly:0 RuntimeOnly:0 HLODRelevant:0 ListedInSceneOutliner:1 IsMainWorldOnly:0 FolderPath:Lighting FolderGuid:963EC3EB4002CCE9759E2EBA541A873A
 |   |   |- [+] [ 13]
 |   |   |   |- Guid:3CAFE9E54681B3F25EA632B83E434E8B BaseClass: NativeClass:/Script/NavigationSystem.NavMeshBoundsVolume Name:NavMeshBoundsVolume_UAID_9C6B00068A08943302_1441729399 Label:NavMeshBoundsVolume SpatiallyLoaded:0 Bounds:IsValid=true, Min=(X=257.360 Y=282.977 Z=-8.941), Max=(X=2848.640 Y=3237.023 Z=192.941) RuntimeGrid:None EditorOnly:0 RuntimeOnly:0 HLODRelevant:0 ListedInSceneOutliner:1 IsMainWorldOnly:0
 |   |   |- [+] [ 14]
 |   |   |   |- Guid:3DD386EF419E97A975B4359A65217CB1 BaseClass: NativeClass:/Script/Engine.ExponentialHeightFog Name:ExponentialHeightFog_0 Label:ExponentialHeightFog SpatiallyLoaded:0 Bounds:IsValid=true, Min=(X=-5600.000 Y=-50.000 Z=-6850.000), Max=(X=-5600.000 Y=-50.000 Z=-6850.000) RuntimeGrid:None EditorOnly:0 RuntimeOnly:0 HLODRelevant:0 ListedInSceneOutliner:1 IsMainWorldOnly:0 FolderPath:Lighting FolderGuid:963EC3EB4002CCE9759E2EBA541A873A
 |   |   |- [+] [ 15]
 |   |   |   |- Guid:450EED5F4BE3E497615AD3951923A1FE BaseClass: NativeClass:/Script/Engine.StaticMeshActor Name:StaticMeshActor_UAID_04D9F58078F5536102_1262253541 Label:Cube7 SpatiallyLoaded:1 Bounds:IsValid=true, Min=(X=-227.672 Y=782.869 Z=-354.000), Max=(X=659.672 Y=1025.131 Z=-254.000) RuntimeGrid:None EditorOnly:0 RuntimeOnly:0 HLODRelevant:1 ListedInSceneOutliner:1 IsMainWorldOnly:0
 |   |   |- [+] [ 16]
 |   |   |   |- Guid:46A7FAD244319A5B9E942DB75B488CD5 BaseClass: NativeClass:/Script/Engine.StaticMeshActor Name:StaticMeshActor_UAID_04D9F58078F5536102_1425388544 Label:Cube10 SpatiallyLoaded:1 Bounds:IsValid=true, Min=(X=2489.813 Y=452.623 Z=-354.000), Max=(X=2668.187 Y=1635.377 Z=-254.000) RuntimeGrid:None EditorOnly:0 RuntimeOnly:0 HLODRelevant:1 ListedInSceneOutliner:1 IsMainWorldOnly:0
 |   |   |- [+] [ 17]
 |   |   |   |- Guid:4F0C4496445EA73A881E29AEA3015ED3 BaseClass: NativeClass:/Script/Engine.StaticMeshActor Name:StaticMeshActor_UAID_04D9F58078F5556102_1354498926 Label:Cube37 SpatiallyLoaded:1 Bounds:IsValid=true, Min=(X=374.908 Y=2479.813 Z=-370.400), Max=(X=1167.092 Y=2658.187 Z=-51.600) RuntimeGrid:None EditorOnly:0 RuntimeOnly:0 HLODRelevant:1 ListedInSceneOutliner:1 IsMainWorldOnly:0
 |   |   |- [+] [ 18]
 |   |   |   |- Guid:4FC5DA4042CF901A071DC29FC925FA17 BaseClass: NativeClass:/Script/Engine.PlayerStart Name:PlayerStart_0 Label:PlayerStart SpatiallyLoaded:0 Bounds:IsValid=true, Min=(X=1520.000 Y=-403.000 Z=200.013), Max=(X=1600.000 Y=-323.000 Z=384.013) RuntimeGrid:None EditorOnly:0 RuntimeOnly:0 HLODRelevant:0 ListedInSceneOutliner:1 IsMainWorldOnly:0
 |   |   |- [+] [ 19]
 |   |   |   |- Guid:507BA60E493DA6579BEF6381959688C7 BaseClass: NativeClass:/Script/Engine.StaticMeshActor Name:StaticMeshActor_UAID_04D9F58078F5556102_1126867920 Label:Cube31 SpatiallyLoaded:1 Bounds:IsValid=true, Min=(X=-418.547 Y=2978.072 Z=-736.799), Max=(X=434.547 Y=3023.928 Z=-387.201) RuntimeGrid:None EditorOnly:0 RuntimeOnly:0 HLODRelevant:1 ListedInSceneOutliner:1 IsMainWorldOnly:0
 |   |   |- [+] [ 20]
 |   |   |   |- Guid:511B8EEB45431BF4D17CE391CBE88A55 BaseClass: NativeClass:/Script/Engine.StaticMeshActor Name:StaticMeshActor_UAID_04D9F58078F5536102_1996596554 Label:Cube19 SpatiallyLoaded:1 Bounds:IsValid=true, Min=(X=1157.899 Y=1665.834 Z=-734.000), Max=(X=2340.101 Y=2910.166 Z=-634.000) RuntimeGrid:None EditorOnly:0 RuntimeOnly:0 HLODRelevant:1 ListedInSceneOutliner:1 IsMainWorldOnly:0
 |   |   |- [+] [ 21]
 |   |   |   |- Guid:5639096246440016570C5F8ED7A6599D BaseClass: NativeClass:/Script/Engine.StaticMeshActor Name:StaticMeshActor_UAID_04D9F58078F5536102_1195366539 Label:Cube5 SpatiallyLoaded:1 Bounds:IsValid=true, Min=(X=319.453 Y=1629.201 Z=-354.000), Max=(X=1172.547 Y=1978.799 Z=-254.000) RuntimeGrid:None EditorOnly:0 RuntimeOnly:0 HLODRelevant:1 ListedInSceneOutliner:1 IsMainWorldOnly:0
 |   |   |- [+] [ 22]
 |   |   |   |- Guid:5BA53B99430B493C85E200875468E52B BaseClass: NativeClass:/Script/Engine.StaticMeshActor Name:StaticMeshActor_UAID_04D9F58078F5556102_1315313925 Label:Cube36 SpatiallyLoaded:1 Bounds:IsValid=true, Min=(X=31.201 Y=2130.453 Z=-392.000), Max=(X=380.799 Y=2983.547 Z=-292.000) RuntimeGrid:None EditorOnly:0 RuntimeOnly:0 HLODRelevant:1 ListedInSceneOutliner:1 IsMainWorldOnly:0
 |   |   |- [+] [ 23]
 |   |   |   |- Guid:5C679C6744380AF0E397ACAD513B2920 BaseClass: NativeClass:/Script/Engine.StaticMeshActor Name:StaticMeshActor_UAID_7085C2412C3FD02502_1175576178 Label:Corals2 SpatiallyLoaded:1 Bounds:IsValid=true, Min=(X=1930.000 Y=2780.000 Z=200.000), Max=(X=1930.000 Y=2780.000 Z=200.000) RuntimeGrid:None EditorOnly:0 RuntimeOnly:0 HLODRelevant:0 ListedInSceneOutliner:1 IsMainWorldOnly:0
 |   |   |- [+] [ 24]
 |   |   |   |- Guid:61F790E24407E01E9CF0A495A46BA2BA BaseClass: NativeClass:/Script/Engine.StaticMeshActor Name:StaticMeshActor_UAID_04D9F58078F5536102_1823136550 Label:Cube16 SpatiallyLoaded:1 Bounds:IsValid=true, Min=(X=1078.398 Y=3244.944 Z=98.000), Max=(X=2037.602 Y=3797.056 Z=198.000) RuntimeGrid:None EditorOnly:0 RuntimeOnly:0 HLODRelevant:1 ListedInSceneOutliner:1 IsMainWorldOnly:0
 |   |   |- [+] [ 25]
 |   |   |   |- Guid:633A6D5141E19C395FF97CA737294CBE BaseClass: NativeClass:/Script/Engine.StaticMeshActor Name:StaticMeshActor_UAID_04D9F58078F5546102_2068946740 Label:Cube27 SpatiallyLoaded:1 Bounds:IsValid=true, Min=(X=378.453 Y=2342.425 Z=-726.808), Max=(X=1231.547 Y=2389.575 Z=-381.192) RuntimeGrid:None EditorOnly:0 RuntimeOnly:0 HLODRelevant:1 ListedInSceneOutliner:1 IsMainWorldOnly:0
 |   |   |- [+] [ 26]
 |   |   |   |- Guid:6403A48E49036C66E1D1B6B0605753C4 BaseClass: NativeClass:/Script/Engine.DirectionalLight Name:DirectionalLight_0 Label:DirectionalLight SpatiallyLoaded:0 Bounds:Invalid RuntimeGrid:None EditorOnly:0 RuntimeOnly:0 HLODRelevant:0 ListedInSceneOutliner:1 IsMainWorldOnly:0 FolderPath:Lighting FolderGuid:963EC3EB4002CCE9759E2EBA541A873A
 |   |   |- [+] [ 27]
 |   |   |   |- Guid:64F6AB96491F744075ED17BDD9C1BD30 BaseClass: NativeClass:/Script/Engine.StaticMeshActor Name:StaticMeshActor_UAID_04D9F58078F5536102_2052290555 Label:Cube20 SpatiallyLoaded:1 Bounds:IsValid=true, Min=(X=1251.877 Y=1636.662 Z=-635.857), Max=(X=2336.123 Y=1761.338 Z=-296.143) RuntimeGrid:None EditorOnly:0 RuntimeOnly:0 HLODRelevant:1 ListedInSceneOutliner:1 IsMainWorldOnly:0
 |   |   |- [+] [ 28]
 |   |   |   |- Guid:6DA0DED948B8D5D39FA2BD9D07D4922E BaseClass: NativeClass:/Script/Engine.StaticMeshActor Name:StaticMeshActor_UAID_7085C2412C3FEA2602_1993000808 Label:Lobster2 SpatiallyLoaded:1 Bounds:IsValid=true, Min=(X=1525.046 Y=1386.720 Z=78.197), Max=(X=1555.105 Y=1444.871 Z=91.986) RuntimeGrid:None EditorOnly:0 RuntimeOnly:0 HLODRelevant:1 ListedInSceneOutliner:1 IsMainWorldOnly:0
 |   |   |- [+] [ 29]
 |   |   |   |- Guid:739FAEF94D8995A11603B09CBD8163EE BaseClass: NativeClass:/Script/Engine.PostProcessVolume Name:PostProcessVolume_0 Label:PostProcessVolume SpatiallyLoaded:0 Bounds:IsValid=true, Min=(X=0.000 Y=0.000 Z=400.000), Max=(X=200.000 Y=200.000 Z=600.000) RuntimeGrid:None EditorOnly:0 RuntimeOnly:0 HLODRelevant:0 ListedInSceneOutliner:1 IsMainWorldOnly:0 FolderPath:Lighting FolderGuid:963EC3EB4002CCE9759E2EBA541A873A
 |   |   |- [+] [ 30]
 |   |   |   |- Guid:78B9D10F454BF4DA73C7109F55CC3249 BaseClass: NativeClass:/Script/Engine.SkyAtmosphere Name:SkyAtmosphere_0 Label:SkyAtmosphere SpatiallyLoaded:0 Bounds:IsValid=true, Min=(X=0.000 Y=0.000 Z=1020.000), Max=(X=0.000 Y=0.000 Z=1020.000) RuntimeGrid:None EditorOnly:0 RuntimeOnly:0 HLODRelevant:0 ListedInSceneOutliner:1 IsMainWorldOnly:0 FolderPath:Lighting FolderGuid:963EC3EB4002CCE9759E2EBA541A873A
 |   |   |- [+] [ 31]
 |   |   |   |- Guid:7D6EA11E4DE7D15A401978942B8B9E58 BaseClass: NativeClass:/Script/Engine.StaticMeshActor Name:StaticMeshActor_UAID_04D9F58078F5536102_1635291548 Label:Cube14 SpatiallyLoaded:1 Bounds:IsValid=true, Min=(X=198.186 Y=2479.813 Z=-749.248), Max=(X=1343.814 Y=2658.187 Z=-250.752) RuntimeGrid:None EditorOnly:0 RuntimeOnly:0 HLODRelevant:1 ListedInSceneOutliner:1 IsMainWorldOnly:0
 |   |   |- [+] [ 32]
 |   |   |   |- Guid:7FB72E6740C10F4F2A095AA3A1A39DDC BaseClass: NativeClass:/Script/Engine.StaticMeshActor Name:StaticMeshActor_UAID_04D9F58078F5546102_1963744737 Label:Cube24 SpatiallyLoaded:1 Bounds:IsValid=true, Min=(X=1161.975 Y=2354.062 Z=-647.973), Max=(X=1232.025 Y=2813.938 Z=-392.027) RuntimeGrid:None EditorOnly:0 RuntimeOnly:0 HLODRelevant:1 ListedInSceneOutliner:1 IsMainWorldOnly:0
 |   |   |- [+] [ 33]
 |   |   |   |- Guid:87B5DC5F4DD001AC8B4D668FFA3DCDF0 BaseClass: NativeClass:/Script/Engine.StaticMeshActor Name:StaticMeshActor_UAID_04D9F58078F5526102_2102746359 Label:Cube SpatiallyLoaded:1 Bounds:IsValid=true, Min=(X=1078.398 Y=-661.056 Z=86.000), Max=(X=2037.602 Y=-108.944 Z=186.000) RuntimeGrid:None EditorOnly:0 RuntimeOnly:0 HLODRelevant:1 ListedInSceneOutliner:1 IsMainWorldOnly:0
 |   |   |- [+] [ 34]
 |   |   |   |- Guid:8F34D699449840094EFB4585AF78EBA2 BaseClass: NativeClass:/Script/Engine.StaticMeshActor Name:StaticMeshActor_UAID_04D9F58078F5546102_1185366736 Label:Cube23 SpatiallyLoaded:1 Bounds:IsValid=true, Min=(X=1113.137 Y=1526.446 Z=-382.381), Max=(X=2366.863 Y=2949.554 Z=-371.619) RuntimeGrid:None EditorOnly:0 RuntimeOnly:0 HLODRelevant:1 ListedInSceneOutliner:1 IsMainWorldOnly:0
 |   |   |- [+] [ 35]
 |   |   |   |- Guid:97E39947429DFE994D8FCEA45C403ADB BaseClass: NativeClass:/Script/Engine.StaticMeshActor Name:StaticMeshActor_UAID_04D9F58078F5546102_2130487742 Label:Cube29 SpatiallyLoaded:1 Bounds:IsValid=true, Min=(X=-14.928 Y=2130.453 Z=-736.799), Max=(X=30.928 Y=2983.547 Z=-387.201) RuntimeGrid:None EditorOnly:0 RuntimeOnly:0 HLODRelevant:1 ListedInSceneOutliner:1 IsMainWorldOnly:0
 |   |   |- [+] [ 36]
 |   |   |   |- Guid:9AAE0805439C58753E7DE39C8D76935B BaseClass: NativeClass:/Script/Engine.StaticMeshActor Name:StaticMeshActor_UAID_04D9F58078F5536102_1860522551 Label:Cube17 SpatiallyLoaded:1 Bounds:IsValid=true, Min=(X=31.201 Y=2130.453 Z=-734.000), Max=(X=380.799 Y=2983.547 Z=-634.000) RuntimeGrid:None EditorOnly:0 RuntimeOnly:0 HLODRelevant:1 ListedInSceneOutliner:1 IsMainWorldOnly:0
 |   |   |- [+] [ 37]
 |   |   |   |- Guid:AB0B68B64DE9BD34385EF0B1C3FE2613 BaseClass: NativeClass:/Script/NavigationSystem.RecastNavMesh Name:RecastNavMesh_UAID_9C6B00068A08943302-Default Label:RecastNavMesh-Default SpatiallyLoaded:0 Bounds:IsValid=true, Min=(X=0.000 Y=0.000 Z=0.000), Max=(X=0.000 Y=0.000 Z=0.000) RuntimeGrid:None EditorOnly:0 RuntimeOnly:0 HLODRelevant:0 ListedInSceneOutliner:1 IsMainWorldOnly:0
 |   |   |- [+] [ 38]
 |   |   |   |- Guid:AB8662064155D6D4691A7C80627B5D59 BaseClass: NativeClass:/Script/Engine.StaticMeshActor Name:StaticMeshActor_UAID_04D9F58078F5536102_1477630546 Label:Cube12 SpatiallyLoaded:1 Bounds:IsValid=true, Min=(X=2489.813 Y=1977.623 Z=-354.000), Max=(X=2668.187 Y=3160.377 Z=-254.000) RuntimeGrid:None EditorOnly:0 RuntimeOnly:0 HLODRelevant:1 ListedInSceneOutliner:1 IsMainWorldOnly:0
 |   |   |- [+] [ 39]
 |   |   |   |- Guid:B25BDA2140CF65066AF59CBA39939C87 BaseClass: NativeClass:/Script/Engine.StaticMeshActor Name:StaticMeshActor_UAID_04D9F58078F5556102_1201163923 Label:Cube34 SpatiallyLoaded:1 Bounds:IsValid=true, Min=(X=438.061 Y=2437.072 Z=-781.761), Max=(X=1193.939 Y=2482.928 Z=-48.239) RuntimeGrid:None EditorOnly:0 RuntimeOnly:0 HLODRelevant:1 ListedInSceneOutliner:1 IsMainWorldOnly:0
 |   |   |- [+] [ 40]
 |   |   |   |- Guid:B48C7544412FD0C7586D56B0294D72AA BaseClass: NativeClass:/Script/Engine.StaticMeshActor Name:StaticMeshActor_UAID_04D9F58078F5546102_2046680739 Label:Cube26 SpatiallyLoaded:1 Bounds:IsValid=true, Min=(X=378.453 Y=2117.425 Z=-726.808), Max=(X=1231.547 Y=2164.575 Z=-381.192) RuntimeGrid:None EditorOnly:0 RuntimeOnly:0 HLODRelevant:1 ListedInSceneOutliner:1 IsMainWorldOnly:0
 |   |   |- [+] [ 41]
 |   |   |   |- Guid:B8A4F27F45AABE2D4D5A7DBFEE05FA7B BaseClass: NativeClass:/Script/Engine.StaticMeshActor Name:StaticMeshActor_UAID_04D9F58078F5556102_1273581924 Label:Cube35 SpatiallyLoaded:1 Bounds:IsValid=true, Min=(X=438.061 Y=2663.072 Z=-775.998), Max=(X=1193.939 Y=2708.928 Z=-54.002) RuntimeGrid:None EditorOnly:0 RuntimeOnly:0 HLODRelevant:1 ListedInSceneOutliner:1 IsMainWorldOnly:0
 |   |   |- [+] [ 42]
 |   |   |   |- Guid:B8BB55724C8977B6B6A063B2EBFA7159 BaseClass: NativeClass:/Script/Engine.StaticMeshActor Name:StaticMeshActor_UAID_04D9F58078F5536102_2141361557 Label:Cube22 SpatiallyLoaded:1 Bounds:IsValid=true, Min=(X=2215.608 Y=1753.541 Z=-635.857), Max=(X=2348.392 Y=2930.459 Z=-296.143) RuntimeGrid:None EditorOnly:0 RuntimeOnly:0 HLODRelevant:1 ListedInSceneOutliner:1 IsMainWorldOnly:0
 |   |   |- [+] [ 43]
 |   |   |   |- Guid:BCF76D704AB173E2143180B38717BAAD BaseClass: NativeClass:/Script/Engine.StaticMeshActor Name:StaticMeshActor_UAID_04D9F58078F5546102_2083069741 Label:Cube28 SpatiallyLoaded:1 Bounds:IsValid=true, Min=(X=378.453 Y=2103.201 Z=-381.124), Max=(X=1231.547 Y=2402.799 Z=-364.876) RuntimeGrid:None EditorOnly:0 RuntimeOnly:0 HLODRelevant:1 ListedInSceneOutliner:1 IsMainWorldOnly:0
 |   |   |- [+] [ 44]
 |   |   |   |- Guid:BF7B9B6F4D65B7D6D7C3CC878D410977 BaseClass: NativeClass:/Script/Engine.StaticMeshActor Name:StaticMeshActor_UAID_04D9F58078F5536102_1167544538 Label:Cube4 SpatiallyLoaded:1 Bounds:IsValid=true, Min=(X=2027.453 Y=1629.201 Z=-354.000), Max=(X=2880.547 Y=1978.799 Z=-254.000) RuntimeGrid:None EditorOnly:0 RuntimeOnly:0 HLODRelevant:1 ListedInSceneOutliner:1 IsMainWorldOnly:0
 |   |   |- [+] [ 45]
 |   |   |   |- Guid:C139BF9D47A10B726D76D09F28B9C57A BaseClass: NativeClass:/Script/Engine.StaticMeshActor Name:StaticMeshActor_UAID_7085C2412C3FEA2602_1857935807 Label:Lobster SpatiallyLoaded:1 Bounds:IsValid=true, Min=(X=1520.000 Y=1350.000 Z=120.000), Max=(X=1520.000 Y=1350.000 Z=120.000) RuntimeGrid:None EditorOnly:0 RuntimeOnly:0 HLODRelevant:0 ListedInSceneOutliner:1 IsMainWorldOnly:0
 |   |   |- [+] [ 46]
 |   |   |   |- Guid:C6BC1C554F2ED1983980BCB8F012F8A0 BaseClass: NativeClass:/Script/Engine.StaticMeshActor Name:StaticMeshActor_UAID_04D9F58078F5536102_1232510540 Label:Cube6 SpatiallyLoaded:1 Bounds:IsValid=true, Min=(X=656.813 Y=781.453 Z=-354.000), Max=(X=835.187 Y=1634.547 Z=-254.000) RuntimeGrid:None EditorOnly:0 RuntimeOnly:0 HLODRelevant:1 ListedInSceneOutliner:1 IsMainWorldOnly:0
 |   |   |- [+] [ 47]
 |   |   |   |- Guid:CB4C7B024E3C87CFCEBCB0AEDE10CCCE BaseClass: NativeClass:/Script/Engine.WorldDataLayers Name:WorldDataLayers Label:WorldDataLayers SpatiallyLoaded:0 Bounds:Invalid RuntimeGrid:None EditorOnly:0 RuntimeOnly:0 HLODRelevant:0 ListedInSceneOutliner:1 IsMainWorldOnly:1
 |   |   |- [+] [ 48]
 |   |   |   |- Guid:CBE5F51A466985AEFFB8958D322FA72B BaseClass: NativeClass:/Script/Engine.AmbientSound Name:AmbientSound_UAID_BCC746A635C91C2302_1703240383 Label:ReBreather2b SpatiallyLoaded:1 Bounds:IsValid=true, Min=(X=1630.000 Y=1930.000 Z=312.000), Max=(X=1630.000 Y=1930.000 Z=312.000) RuntimeGrid:None EditorOnly:0 RuntimeOnly:0 HLODRelevant:0 ListedInSceneOutliner:1 IsMainWorldOnly:0
 |   |   |- [+] [ 49]
 |   |   |   |- Guid:DC5B0E004FF815AEAE24F1882A0D52C6 BaseClass: NativeClass:/Script/Engine.StaticMeshActor Name:StaticMeshActor_UAID_04D9F58078F5536102_1443582545 Label:Cube11 SpatiallyLoaded:1 Bounds:IsValid=true, Min=(X=2130.669 Y=-15.367 Z=-354.000), Max=(X=3027.331 Y=447.367 Z=-254.000) RuntimeGrid:None EditorOnly:0 RuntimeOnly:0 HLODRelevant:1 ListedInSceneOutliner:1 IsMainWorldOnly:0
 |   |   |- [+] [ 50]
 |   |   |   |- Guid:E1AE3B2C4744BE86F1B2D38CC3DBB537 BaseClass: NativeClass:/Script/Engine.StaticMeshActor Name:StaticMeshActor_UAID_04D9F58078F5556102_1085134919 Label:Cube30 SpatiallyLoaded:1 Bounds:IsValid=true, Min=(X=-418.547 Y=2087.072 Z=-736.799), Max=(X=434.547 Y=2132.928 Z=-387.201) RuntimeGrid:None EditorOnly:0 RuntimeOnly:0 HLODRelevant:1 ListedInSceneOutliner:1 IsMainWorldOnly:0
 |   |   |- [+] [ 51]
 |   |   |   |- Guid:EC8BFD64464D7401825F21928837BDE0 BaseClass:/Game/ThirdPerson/Blueprints/WaterBodyLake_Blueprint.WaterBodyLake_Blueprint_C NativeClass:/Script/Water.WaterBodyLake Name:WaterBodyLake_Blueprint_C_UAID_BCC746A635C9522102_1912956777 Label:WaterBodyLake_Blueprint SpatiallyLoaded:1 Bounds:IsValid=true, Min=(X=-1370.000 Y=-745.000 Z=-1106.000), Max=(X=3810.046 Y=4127.000 Z=325.057) RuntimeGrid:None EditorOnly:0 RuntimeOnly:0 HLODRelevant:1 ListedInSceneOutliner:1 IsMainWorldOnly:0
 |   |   |- [+] [ 52]
 |   |   |   |- Guid:F5B044744B9CF019A688D88DAA530388 BaseClass: NativeClass:/Script/Engine.StaticMeshActor Name:StaticMeshActor_UAID_04D9F58078F5556102_1149211921 Label:Cube32 SpatiallyLoaded:1 Bounds:IsValid=true, Min=(X=378.200 Y=2656.643 Z=-795.172), Max=(X=449.800 Y=3025.357 Z=-328.828) RuntimeGrid:None EditorOnly:0 RuntimeOnly:0 HLODRelevant:1 ListedInSceneOutliner:1 IsMainWorldOnly:0
 |   |   |- [+] [ 53]
 |   |   |   |- Guid:F9FDE1AE49C6A01C30BF94823EA77BCB BaseClass: NativeClass:/Script/Engine.StaticMeshActor Name:StaticMeshActor_UAID_04D9F58078F5536102_1488465547 Label:Cube13 SpatiallyLoaded:1 Bounds:IsValid=true, Min=(X=1307.623 Y=2479.813 Z=-354.000), Max=(X=2490.377 Y=2658.187 Z=-254.000) RuntimeGrid:None EditorOnly:0 RuntimeOnly:0 HLODRelevant:1 ListedInSceneOutliner:1 IsMainWorldOnly:0
 |   |   |- [+] [ 54]
 |   |   |   |- Guid:FC2C2F644FA9B0FC98F4E4BBB471AF2E BaseClass: NativeClass:/Script/Engine.StaticMeshActor Name:StaticMeshActor_UAID_A4AE111137DC5EFB00_1110535423 Label:SM_SkySphere SpatiallyLoaded:0 Bounds:IsValid=true, Min=(X=-1638400.000 Y=-1638400.000 Z=-1638400.000), Max=(X=1638400.000 Y=1638400.000 Z=1638400.000) RuntimeGrid:None EditorOnly:0 RuntimeOnly:0 HLODRelevant:0 ListedInSceneOutliner:1 IsMainWorldOnly:0 FolderPath:Lighting FolderGuid:963EC3EB4002CCE9759E2EBA541A873A
 |- ContainerInstances:
 |- [+] MainContainer:
 |   |-        ID: 00000000000000000000000000000000
 |   |-  ParentID: 00000000000000000000000000000000
 |   |-    Bounds: IsValid=false, Min=(X=0.000 Y=0.000 Z=0.000), Max=(X=0.000 Y=0.000 Z=0.000)
 |   |- Transform: 0.000000,0.000000,0.000000|0.000000,0.000000,-0.000000|1.000000,1.000000,1.000000
 |   |- Container: /Game/ThirdPerson/Maps/Re-Breather_level3
----------------------------------------------------------------------------------------------------------------
Re-Breather_level3 - Persistent Level
----------------------------------------------------------------------------------------------------------------
[+] Content of Re-Breather_level3 Persistent Level
 |- Always loaded Actor Count: 55 
 |- Actor Path: /Game/ThirdPerson/Maps/Re-Breather_level3.Re-Breather_level3:PersistentLevel.AmbientSound_UAID_BCC746A635C91C2302_1703240383
 |- Actor Package: /Game/__ExternalActors__/ThirdPerson/Maps/Re-Breather_level3/A/YF/9IF1T20KHA48MGH7PED89A
 |- Actor Path: /Game/ThirdPerson/Maps/Re-Breather_level3.Re-Breather_level3:PersistentLevel.DirectionalLight_0
 |- Actor Package: /Game/__ExternalActors__/ThirdPerson/Maps/Re-Breather_level3/9/GO/2LJSN5RPWPZDVCCS08P4XO
 |- Actor Path: /Game/ThirdPerson/Maps/Re-Breather_level3.Re-Breather_level3:PersistentLevel.ExponentialHeightFog_0
 |- Actor Package: /Game/__ExternalActors__/ThirdPerson/Maps/Re-Breather_level3/4/F7/6UF4F8POL8IDTLG6QV3K8P
 |- Actor Path: /Game/ThirdPerson/Maps/Re-Breather_level3.Re-Breather_level3:PersistentLevel.NavMeshBoundsVolume_UAID_9C6B00068A08943302_1441729399
 |- Actor Package: /Game/__ExternalActors__/ThirdPerson/Maps/Re-Breather_level3/C/NP/23SZHOWLLR9AO5HFZ6R68R
 |- Actor Path: /Game/ThirdPerson/Maps/Re-Breather_level3.Re-Breather_level3:PersistentLevel.PlayerStart_0
 |- Actor Package: /Game/__ExternalActors__/ThirdPerson/Maps/Re-Breather_level3/7/Y8/ETMNHRXAQFSR2B709XROSC
 |- Actor Path: /Game/ThirdPerson/Maps/Re-Breather_level3.Re-Breather_level3:PersistentLevel.PostProcessVolume_0
 |- Actor Package: /Game/__ExternalActors__/ThirdPerson/Maps/Re-Breather_level3/B/TG/Y6XJMLTRZX5KHOA64TG4EE
 |- Actor Path: /Game/ThirdPerson/Maps/Re-Breather_level3.Re-Breather_level3:PersistentLevel.RecastNavMesh_UAID_9C6B00068A08943302-Default
 |- Actor Package: /Game/__ExternalActors__/ThirdPerson/Maps/Re-Breather_level3/A/PF/M3Y9L1P2JUM2RXHT8K8GTG
 |- Actor Path: /Game/ThirdPerson/Maps/Re-Breather_level3.Re-Breather_level3:PersistentLevel.SkyAtmosphere_0
 |- Actor Package: /Game/__ExternalActors__/ThirdPerson/Maps/Re-Breather_level3/D/P4/NH0EU8YA1HXOC1A2O13Q5U
 |- Actor Path: /Game/ThirdPerson/Maps/Re-Breather_level3.Re-Breather_level3:PersistentLevel.SkyLight_1
 |- Actor Package: /Game/__ExternalActors__/ThirdPerson/Maps/Re-Breather_level3/1/YS/6QJR3HUGZ2MQ0ODE38CDQA
 |- Actor Path: /Game/ThirdPerson/Maps/Re-Breather_level3.Re-Breather_level3:PersistentLevel.StaticMeshActor_UAID_04D9F58078F5526102_2102746359
 |- Actor Package: /Game/__ExternalActors__/ThirdPerson/Maps/Re-Breather_level3/1/FG/TMBJ6JW75UAKQSVCC1B60H
 |- Actor Path: /Game/ThirdPerson/Maps/Re-Breather_level3.Re-Breather_level3:PersistentLevel.StaticMeshActor_UAID_04D9F58078F5536102_1076202536
 |- Actor Package: /Game/__ExternalActors__/ThirdPerson/Maps/Re-Breather_level3/3/RW/TM7O0264F2HB8KFD26DS16
 |- Actor Path: /Game/ThirdPerson/Maps/Re-Breather_level3.Re-Breather_level3:PersistentLevel.StaticMeshActor_UAID_04D9F58078F5536102_1134359537
 |- Actor Package: /Game/__ExternalActors__/ThirdPerson/Maps/Re-Breather_level3/2/WI/UMEZC5T654ZOE4LNSETI8O
 |- Actor Path: /Game/ThirdPerson/Maps/Re-Breather_level3.Re-Breather_level3:PersistentLevel.StaticMeshActor_UAID_04D9F58078F5536102_1167544538
 |- Actor Package: /Game/__ExternalActors__/ThirdPerson/Maps/Re-Breather_level3/8/5Q/WQFJQVTQB00AKC6U6793BU
 |- Actor Path: /Game/ThirdPerson/Maps/Re-Breather_level3.Re-Breather_level3:PersistentLevel.StaticMeshActor_UAID_04D9F58078F5536102_1195366539
 |- Actor Package: /Game/__ExternalActors__/ThirdPerson/Maps/Re-Breather_level3/8/ZH/RLWVKV3ROLNEL5O73J6OWL
 |- Actor Path: /Game/ThirdPerson/Maps/Re-Breather_level3.Re-Breather_level3:PersistentLevel.StaticMeshActor_UAID_04D9F58078F5536102_1232510540
 |- Actor Package: /Game/__ExternalActors__/ThirdPerson/Maps/Re-Breather_level3/0/LM/JGRNUJHA37ZOY43N3AK7DE
 |- Actor Path: /Game/ThirdPerson/Maps/Re-Breather_level3.Re-Breather_level3:PersistentLevel.StaticMeshActor_UAID_04D9F58078F5536102_1262253541
 |- Actor Package: /Game/__ExternalActors__/ThirdPerson/Maps/Re-Breather_level3/0/X5/GWP6H0A8U45GOXD7Z8YOSL
 |- Actor Path: /Game/ThirdPerson/Maps/Re-Breather_level3.Re-Breather_level3:PersistentLevel.StaticMeshActor_UAID_04D9F58078F5536102_1319062542
 |- Actor Package: /Game/__ExternalActors__/ThirdPerson/Maps/Re-Breather_level3/A/1N/LLUIJLXD4933JMTKM8M57A
 |- Actor Path: /Game/ThirdPerson/Maps/Re-Breather_level3.Re-Breather_level3:PersistentLevel.StaticMeshActor_UAID_04D9F58078F5536102_1374811543
 |- Actor Package: /Game/__ExternalActors__/ThirdPerson/Maps/Re-Breather_level3/5/WY/MJW0BKYABU0WICJIMIN9PT
 |- Actor Path: /Game/ThirdPerson/Maps/Re-Breather_level3.Re-Breather_level3:PersistentLevel.StaticMeshActor_UAID_04D9F58078F5536102_1425388544
 |- Actor Package: /Game/__ExternalActors__/ThirdPerson/Maps/Re-Breather_level3/C/3A/Q7KDZ76QBA9PDF5KFLQBSN
 |- Actor Path: /Game/ThirdPerson/Maps/Re-Breather_level3.Re-Breather_level3:PersistentLevel.StaticMeshActor_UAID_04D9F58078F5536102_1443582545
 |- Actor Package: /Game/__ExternalActors__/ThirdPerson/Maps/Re-Breather_level3/6/U8/FIOMQXG4FLL2V8JDDHKAS2
 |- Actor Path: /Game/ThirdPerson/Maps/Re-Breather_level3.Re-Breather_level3:PersistentLevel.StaticMeshActor_UAID_04D9F58078F5536102_1477630546
 |- Actor Package: /Game/__ExternalActors__/ThirdPerson/Maps/Re-Breather_level3/A/WV/N5WFQLP08Q6I15O9RZUOT2
 |- Actor Path: /Game/ThirdPerson/Maps/Re-Breather_level3.Re-Breather_level3:PersistentLevel.StaticMeshActor_UAID_04D9F58078F5536102_1488465547
 |- Actor Package: /Game/__ExternalActors__/ThirdPerson/Maps/Re-Breather_level3/B/WL/PWKJ385TOGPI9GMYI9P6AT
 |- Actor Path: /Game/ThirdPerson/Maps/Re-Breather_level3.Re-Breather_level3:PersistentLevel.StaticMeshActor_UAID_04D9F58078F5536102_1635291548
 |- Actor Package: /Game/__ExternalActors__/ThirdPerson/Maps/Re-Breather_level3/C/OK/RWID661YP8SUMAN7GU24FC
 |- Actor Path: /Game/ThirdPerson/Maps/Re-Breather_level3.Re-Breather_level3:PersistentLevel.StaticMeshActor_UAID_04D9F58078F5536102_1681556549
 |- Actor Package: /Game/__ExternalActors__/ThirdPerson/Maps/Re-Breather_level3/E/3H/IHRPALXIHMTUZIUIG2N3GE
 |- Actor Path: /Game/ThirdPerson/Maps/Re-Breather_level3.Re-Breather_level3:PersistentLevel.StaticMeshActor_UAID_04D9F58078F5536102_1823136550
 |- Actor Package: /Game/__ExternalActors__/ThirdPerson/Maps/Re-Breather_level3/1/YJ/DY55Y6BQPV2FFTJKQW4H9B
 |- Actor Path: /Game/ThirdPerson/Maps/Re-Breather_level3.Re-Breather_level3:PersistentLevel.StaticMeshActor_UAID_04D9F58078F5536102_1860522551
 |- Actor Package: /Game/__ExternalActors__/ThirdPerson/Maps/Re-Breather_level3/2/98/53ETSXV1WRUY3K33JA3IFY
 |- Actor Path: /Game/ThirdPerson/Maps/Re-Breather_level3.Re-Breather_level3:PersistentLevel.StaticMeshActor_UAID_04D9F58078F5536102_1895669552
 |- Actor Package: /Game/__ExternalActors__/ThirdPerson/Maps/Re-Breather_level3/2/IK/7AX26YV4CLEYFLWI7RUQTS
 |- Actor Path: /Game/ThirdPerson/Maps/Re-Breather_level3.Re-Breather_level3:PersistentLevel.StaticMeshActor_UAID_04D9F58078F5536102_1996596554
 |- Actor Package: /Game/__ExternalActors__/ThirdPerson/Maps/Re-Breather_level3/B/I9/Q6WIWJ9FXSJC3VHD4A6UP7
 |- Actor Path: /Game/ThirdPerson/Maps/Re-Breather_level3.Re-Breather_level3:PersistentLevel.StaticMeshActor_UAID_04D9F58078F5536102_2052290555
 |- Actor Package: /Game/__ExternalActors__/ThirdPerson/Maps/Re-Breather_level3/C/0V/82IQZQYQU6JSBF3UAELO9Z
 |- Actor Path: /Game/ThirdPerson/Maps/Re-Breather_level3.Re-Breather_level3:PersistentLevel.StaticMeshActor_UAID_04D9F58078F5536102_2107252556
 |- Actor Package: /Game/__ExternalActors__/ThirdPerson/Maps/Re-Breather_level3/7/H4/6OFR9FWRYR37E3N3B5GW4H
 |- Actor Path: /Game/ThirdPerson/Maps/Re-Breather_level3.Re-Breather_level3:PersistentLevel.StaticMeshActor_UAID_04D9F58078F5536102_2141361557
 |- Actor Package: /Game/__ExternalActors__/ThirdPerson/Maps/Re-Breather_level3/4/NW/6GMUFA2O8SUWLALDWEG5BO
 |- Actor Path: /Game/ThirdPerson/Maps/Re-Breather_level3.Re-Breather_level3:PersistentLevel.StaticMeshActor_UAID_04D9F58078F5546102_1185366736
 |- Actor Package: /Game/__ExternalActors__/ThirdPerson/Maps/Re-Breather_level3/0/CH/11EKJWUSPR6E4FQF306ROC
 |- Actor Path: /Game/ThirdPerson/Maps/Re-Breather_level3.Re-Breather_level3:PersistentLevel.StaticMeshActor_UAID_04D9F58078F5546102_1963744737
 |- Actor Package: /Game/__ExternalActors__/ThirdPerson/Maps/Re-Breather_level3/A/MX/UCNEPZ2KDTEEHW7RM0YWJM
 |- Actor Path: /Game/ThirdPerson/Maps/Re-Breather_level3.Re-Breather_level3:PersistentLevel.StaticMeshActor_UAID_04D9F58078F5546102_2008578738
 |- Actor Package: /Game/__ExternalActors__/ThirdPerson/Maps/Re-Breather_level3/9/QZ/XL114YWOZ3AOT97ZTBNF19
 |- Actor Path: /Game/ThirdPerson/Maps/Re-Breather_level3.Re-Breather_level3:PersistentLevel.StaticMeshActor_UAID_04D9F58078F5546102_2046680739
 |- Actor Package: /Game/__ExternalActors__/ThirdPerson/Maps/Re-Breather_level3/5/I3/ZNNVH2FL6JCP4G2T25MB7L
 |- Actor Path: /Game/ThirdPerson/Maps/Re-Breather_level3.Re-Breather_level3:PersistentLevel.StaticMeshActor_UAID_04D9F58078F5546102_2068946740
 |- Actor Package: /Game/__ExternalActors__/ThirdPerson/Maps/Re-Breather_level3/1/VQ/OFGAITMBOIS1FH1ZV5B772
 |- Actor Path: /Game/ThirdPerson/Maps/Re-Breather_level3.Re-Breather_level3:PersistentLevel.StaticMeshActor_UAID_04D9F58078F5546102_2083069741
 |- Actor Package: /Game/__ExternalActors__/ThirdPerson/Maps/Re-Breather_level3/E/B4/JH7CS5VCTOIGE5LXCUYULF
 |- Actor Path: /Game/ThirdPerson/Maps/Re-Breather_level3.Re-Breather_level3:PersistentLevel.StaticMeshActor_UAID_04D9F58078F5546102_2130487742
 |- Actor Package: /Game/__ExternalActors__/ThirdPerson/Maps/Re-Breather_level3/B/Z9/DI85RILLK7ZZJM1K7ZQNY3
 |- Actor Path: /Game/ThirdPerson/Maps/Re-Breather_level3.Re-Breather_level3:PersistentLevel.StaticMeshActor_UAID_04D9F58078F5556102_1085134919
 |- Actor Package: /Game/__ExternalActors__/ThirdPerson/Maps/Re-Breather_level3/C/9I/7DAQI8WGHK7POOJ0UL2UZ3
 |- Actor Path: /Game/ThirdPerson/Maps/Re-Breather_level3.Re-Breather_level3:PersistentLevel.StaticMeshActor_UAID_04D9F58078F5556102_1126867920
 |- Actor Package: /Game/__ExternalActors__/ThirdPerson/Maps/Re-Breather_level3/6/OX/7OAG9RLWXSMKY323WCR81U
 |- Actor Path: /Game/ThirdPerson/Maps/Re-Breather_level3.Re-Breather_level3:PersistentLevel.StaticMeshActor_UAID_04D9F58078F5556102_1149211921
 |- Actor Package: /Game/__ExternalActors__/ThirdPerson/Maps/Re-Breather_level3/7/IY/3QMITKFX1OXLBQ4QZHI9O7
 |- Actor Path: /Game/ThirdPerson/Maps/Re-Breather_level3.Re-Breather_level3:PersistentLevel.StaticMeshActor_UAID_04D9F58078F5556102_1176651922
 |- Actor Package: /Game/__ExternalActors__/ThirdPerson/Maps/Re-Breather_level3/C/9W/FX2J1EPG3S5J5EW7A9XV9R
 |- Actor Path: /Game/ThirdPerson/Maps/Re-Breather_level3.Re-Breather_level3:PersistentLevel.StaticMeshActor_UAID_04D9F58078F5556102_1201163923
 |- Actor Package: /Game/__ExternalActors__/ThirdPerson/Maps/Re-Breather_level3/B/HP/0ZRTKWCOQPZ1D86Q42ZB5N
 |- Actor Path: /Game/ThirdPerson/Maps/Re-Breather_level3.Re-Breather_level3:PersistentLevel.StaticMeshActor_UAID_04D9F58078F5556102_1273581924
 |- Actor Package: /Game/__ExternalActors__/ThirdPerson/Maps/Re-Breather_level3/4/FO/W99KQDG4J4ZFTDIYCHES8K
 |- Actor Path: /Game/ThirdPerson/Maps/Re-Breather_level3.Re-Breather_level3:PersistentLevel.StaticMeshActor_UAID_04D9F58078F5556102_1315313925
 |- Actor Package: /Game/__ExternalActors__/ThirdPerson/Maps/Re-Breather_level3/A/RD/0SDZ5FVCI2RTAAZC3CA978
 |- Actor Path: /Game/ThirdPerson/Maps/Re-Breather_level3.Re-Breather_level3:PersistentLevel.StaticMeshActor_UAID_04D9F58078F5556102_1354498926
 |- Actor Package: /Game/__ExternalActors__/ThirdPerson/Maps/Re-Breather_level3/9/9C/MOX4IYD56MM7FQL6SZ2EU0
 |- Actor Path: /Game/ThirdPerson/Maps/Re-Breather_level3.Re-Breather_level3:PersistentLevel.StaticMeshActor_UAID_7085C2412C3FCF2502_2053393000
 |- Actor Package: /Game/__ExternalActors__/ThirdPerson/Maps/Re-Breather_level3/8/0B/AV9HL18BHJ9JWDTWLR93HV
 |- Actor Path: /Game/ThirdPerson/Maps/Re-Breather_level3.Re-Breather_level3:PersistentLevel.StaticMeshActor_UAID_7085C2412C3FD02502_1175576178
 |- Actor Package: /Game/__ExternalActors__/ThirdPerson/Maps/Re-Breather_level3/3/L9/WF25BQMO3Z1K528J0L5DUR
 |- Actor Path: /Game/ThirdPerson/Maps/Re-Breather_level3.Re-Breather_level3:PersistentLevel.StaticMeshActor_UAID_7085C2412C3FEA2602_1857935807
 |- Actor Package: /Game/__ExternalActors__/ThirdPerson/Maps/Re-Breather_level3/D/75/QN0Y5DOQAAGOZD7DXZC52R
 |- Actor Path: /Game/ThirdPerson/Maps/Re-Breather_level3.Re-Breather_level3:PersistentLevel.StaticMeshActor_UAID_7085C2412C3FEA2602_1993000808
 |- Actor Package: /Game/__ExternalActors__/ThirdPerson/Maps/Re-Breather_level3/B/JB/IPWNTAJ60RDS0OVQPUKDX5
 |- Actor Path: /Game/ThirdPerson/Maps/Re-Breather_level3.Re-Breather_level3:PersistentLevel.StaticMeshActor_UAID_A4AE111137DC5EFB00_1110535423
 |- Actor Package: /Game/__ExternalActors__/ThirdPerson/Maps/Re-Breather_level3/1/2B/MN8T7L46KXOE2CU45OHNEX
 |- Actor Path: /Game/ThirdPerson/Maps/Re-Breather_level3.Re-Breather_level3:PersistentLevel.VolumetricCloud_0
 |- Actor Package: /Game/__ExternalActors__/ThirdPerson/Maps/Re-Breather_level3/2/A5/9676FV6LEXTP4PDP6MSICO
 |- Actor Path: /Game/ThirdPerson/Maps/Re-Breather_level3.Re-Breather_level3:PersistentLevel.WaterBodyLake_Blueprint_C_UAID_BCC746A635C9522102_1912956777
 |- Actor Package: /Game/__ExternalActors__/ThirdPerson/Maps/Re-Breather_level3/D/FZ/LTNRJ1ZRVT5RN47TLOOIK2
 |- Actor Path: /Game/ThirdPerson/Maps/Re-Breather_level3.Re-Breather_level3:PersistentLevel.WaterZone_UAID_BCC746A635C9522102_1251113776
 |- Actor Package: /Game/__ExternalActors__/ThirdPerson/Maps/Re-Breather_level3/9/05/NAME2W3HSKUNNHU9ODRRPN
 |- Actor Path: /Game/ThirdPerson/Maps/Re-Breather_level3.Re-Breather_level3:PersistentLevel.WorldDataLayers
 |- Actor Package: /Game/__ExternalActors__/ThirdPerson/Maps/Re-Breather_level3/0/JG/TV39SMKATBDDEFY58TNP6B

----------------------------------------------------------------------------------------------------------------
Re-Breather_level3 - Runtime Hash Set
----------------------------------------------------------------------------------------------------------------

