[+] Containers:
 |- [+] Container: /Game/ThirdPerson/Maps/UnderwaterLevelDesign
 |   |- [+] ActorDescs:
 |   |   |- Guid:01A76BDF4A5DB7F212E07B80A8EDA713 BaseClass: NativeClass:/Script/Engine.StaticMeshActor Name:StaticMeshActor_3 Label:SM_Ramp SpatiallyLoaded:1 Bounds:IsValid=true, Min=(X=1300.000 Y=600.000 Z=0.000), Max=(X=1700.000 Y=800.000 Z=30.000) RuntimeGrid:None EditorOnly:0 RuntimeOnly:0 HLODRelevant:1 ListedInSceneOutliner:1 IsMainWorldOnly:0
 |   |   |- Guid:0F728D9A48F977E7DEA729ADA00FFB31 BaseClass: NativeClass:/Script/Engine.StaticMeshActor Name:StaticMeshActor_21 Label:SM_QuarterCylinder3 SpatiallyLoaded:1 Bounds:IsValid=true, Min=(X=1500.000 Y=2200.000 Z=0.000), Max=(X=1600.000 Y=2300.000 Z=200.000) RuntimeGrid:None EditorOnly:0 RuntimeOnly:0 HLODRelevant:1 ListedInSceneOutliner:1 IsMainWorldOnly:0 FolderPath:Block01 FolderGuid:7D23E5AE4C2A421F86AF6986D87E6D05
 |   |   |- Guid:0FF16EE942CE02350E91D9B908543557 BaseClass: NativeClass:/Script/Engine.StaticMeshActor Name:StaticMeshActor_2 Label:SM_ChamferCube SpatiallyLoaded:1 Bounds:IsValid=true, Min=(X=1100.000 Y=2000.000 Z=0.013), Max=(X=1200.000 Y=2100.000 Z=100.013) RuntimeGrid:None EditorOnly:0 RuntimeOnly:0 HLODRelevant:0 ListedInSceneOutliner:1 IsMainWorldOnly:0
 |   |   |- Guid:10F37F4B4DC568B663A010842FC6622A BaseClass: NativeClass:/Script/Engine.StaticMeshActor Name:StaticMeshActor_8 Label:SM_Cube4 SpatiallyLoaded:1 Bounds:IsValid=true, Min=(X=1200.000 Y=1700.000 Z=0.000), Max=(X=1800.000 Y=2200.000 Z=200.000) RuntimeGrid:None EditorOnly:0 RuntimeOnly:0 HLODRelevant:1 ListedInSceneOutliner:1 IsMainWorldOnly:0 FolderPath:Block01 FolderGuid:7D23E5AE4C2A421F86AF6986D87E6D05
 |   |   |- Guid:12A546F04515AEFB5B4C4385AD04E6AA BaseClass: NativeClass:/Script/Engine.StaticMeshActor Name:StaticMeshActor_12 Label:SM_Cube8 SpatiallyLoaded:1 Bounds:IsValid=true, Min=(X=1300.000 Y=2600.000 Z=0.000), Max=(X=2500.000 Y=2900.000 Z=200.000) RuntimeGrid:None EditorOnly:0 RuntimeOnly:0 HLODRelevant:1 ListedInSceneOutliner:1 IsMainWorldOnly:0 FolderPath:Block02 FolderGuid:EBA23F8248252949750E43911A3A1CDD
 |   |   |- Guid:1A47F2214963BF03005D3788F350D117 BaseClass: NativeClass:/Script/Engine.StaticMeshActor Name:StaticMeshActor_13 Label:SM_Cube9 SpatiallyLoaded:1 Bounds:IsValid=true, Min=(X=1800.000 Y=1500.000 Z=0.000), Max=(X=2000.000 Y=2200.000 Z=100.000) RuntimeGrid:None EditorOnly:0 RuntimeOnly:0 HLODRelevant:1 ListedInSceneOutliner:1 IsMainWorldOnly:0 FolderPath:Block01 FolderGuid:7D23E5AE4C2A421F86AF6986D87E6D05
 |   |   |- Guid:1A50A10B47D60CC63B23A1B94FB7EA54 BaseClass: NativeClass:/Script/Engine.SkyLight Name:SkyLight_1 Label:SkyLight SpatiallyLoaded:0 Bounds:IsValid=true, Min=(X=0.000 Y=0.000 Z=690.000), Max=(X=0.000 Y=0.000 Z=690.000) RuntimeGrid:None EditorOnly:0 RuntimeOnly:0 HLODRelevant:0 ListedInSceneOutliner:1 IsMainWorldOnly:0 FolderPath:Lighting FolderGuid:963EC3EB4002CCE9759E2EBA541A873A
 |   |   |- Guid:2171F4334BFC5E0E4CE4E19150E3E410 BaseClass: NativeClass:/Script/Engine.TextRenderActor Name:TextRenderActor_1 Label:TextRenderActor SpatiallyLoaded:1 Bounds:IsValid=true, Min=(X=-0.100 Y=1100.000 Z=65.013), Max=(X=-0.100 Y=2392.308 Z=215.013) RuntimeGrid:None EditorOnly:0 RuntimeOnly:0 HLODRelevant:0 ListedInSceneOutliner:1 IsMainWorldOnly:0
 |   |   |- Guid:21B23B944FF463CE22D32984652BE7F8 BaseClass:/Game/ThirdPerson/Blueprints/WaterBodyLake_Blueprint.WaterBodyLake_Blueprint_C NativeClass:/Script/Water.WaterBodyLake Name:WaterBodyLake_Blueprint_C_UAID_BCC746A635C9522102_1912956777 Label:WaterBodyLake_Blueprint SpatiallyLoaded:1 Bounds:IsValid=true, Min=(X=-1370.000 Y=-451.217 Z=-470.000), Max=(X=3810.046 Y=3681.358 Z=325.057) RuntimeGrid:None EditorOnly:0 RuntimeOnly:0 HLODRelevant:1 ListedInSceneOutliner:1 IsMainWorldOnly:0
 |   |   |- Guid:248FB4C443982C185560D2868F734CE8 BaseClass: NativeClass:/Script/Engine.StaticMeshActor Name:StaticMeshActor_7 Label:SM_Cube7 SpatiallyLoaded:1 Bounds:IsValid=true, Min=(X=1300.000 Y=2200.000 Z=0.000), Max=(X=1500.000 Y=2300.000 Z=200.000) RuntimeGrid:None EditorOnly:0 RuntimeOnly:0 HLODRelevant:1 ListedInSceneOutliner:1 IsMainWorldOnly:0 FolderPath:Block01 FolderGuid:7D23E5AE4C2A421F86AF6986D87E6D05
 |   |   |- Guid:26CB462A4AC11497D1533193B7132F9A BaseClass: NativeClass:/Script/Engine.PlayerStart Name:PlayerStart_0 Label:PlayerStart SpatiallyLoaded:0 Bounds:IsValid=true, Min=(X=1520.000 Y=1780.000 Z=200.013), Max=(X=1600.000 Y=1860.000 Z=384.013) RuntimeGrid:None EditorOnly:0 RuntimeOnly:0 HLODRelevant:0 ListedInSceneOutliner:1 IsMainWorldOnly:0
 |   |   |- Guid:2AB9181E470E1949C4172EAFD17F1794 BaseClass: NativeClass:/Script/Engine.StaticMeshActor Name:StaticMeshActor_15 Label:SM_Cube10 SpatiallyLoaded:1 Bounds:IsValid=true, Min=(X=1800.000 Y=2100.000 Z=100.000), Max=(X=2000.000 Y=2200.000 Z=200.000) RuntimeGrid:None EditorOnly:0 RuntimeOnly:0 HLODRelevant:1 ListedInSceneOutliner:1 IsMainWorldOnly:0 FolderPath:Block01 FolderGuid:7D23E5AE4C2A421F86AF6986D87E6D05
 |   |   |- Guid:2DA4BC204212DBFCC9ED1689CA3FD989 BaseClass:/Game/GameObjects/OffloadBP.OffloadBP_C NativeClass:/Script/Engine.Actor Name:OffloadBP_C_UAID_BCC746A635C9D52202_1228222887 Label:OffloadBP SpatiallyLoaded:1 Bounds:IsValid=true, Min=(X=1498.000 Y=2250.000 Z=-15.663), Max=(X=1642.000 Y=3250.000 Z=984.337) RuntimeGrid:None EditorOnly:0 RuntimeOnly:0 HLODRelevant:0 ListedInSceneOutliner:1 IsMainWorldOnly:0
 |   |   |- Guid:2E75156F4EE1926D5E35F199C17A9FFA BaseClass: NativeClass:/Script/Engine.SkyAtmosphere Name:SkyAtmosphere_0 Label:SkyAtmosphere SpatiallyLoaded:0 Bounds:IsValid=true, Min=(X=0.000 Y=0.000 Z=1020.000), Max=(X=0.000 Y=0.000 Z=1020.000) RuntimeGrid:None EditorOnly:0 RuntimeOnly:0 HLODRelevant:0 ListedInSceneOutliner:1 IsMainWorldOnly:0 FolderPath:Lighting FolderGuid:963EC3EB4002CCE9759E2EBA541A873A
 |   |   |- Guid:37CE3898419BEC24C49188A06B6CA2C2 BaseClass:/Game/GameObjects/TrashBP.TrashBP_C NativeClass:/Script/Engine.Actor Name:TrashBP_C_UAID_BCC746A635C9D62102_1652509007 Label:TrashBP SpatiallyLoaded:1 Bounds:IsValid=true, Min=(X=1224.000 Y=2136.000 Z=200.000), Max=(X=1336.000 Y=2264.000 Z=350.000) RuntimeGrid:None EditorOnly:0 RuntimeOnly:0 HLODRelevant:0 ListedInSceneOutliner:1 IsMainWorldOnly:0
 |   |   |- Guid:406B970048D500B2AA5912B6F52682C3 BaseClass: NativeClass:/Script/Water.WaterZone Name:WaterZone_UAID_BCC746A635C9522102_1251113776 Label:WaterZone SpatiallyLoaded:0 Bounds:IsValid=true, Min=(X=-25600.000 Y=-25600.000 Z=-25600.000), Max=(X=25600.000 Y=25600.000 Z=25600.000) RuntimeGrid:None EditorOnly:0 RuntimeOnly:0 HLODRelevant:0 ListedInSceneOutliner:1 IsMainWorldOnly:0
 |   |   |- Guid:415433A546A8A0CEACDD9EA362DEBA9D BaseClass: NativeClass:/Script/Engine.StaticMeshActor Name:StaticMeshActor_9 Label:SM_Ramp2 SpatiallyLoaded:1 Bounds:IsValid=true, Min=(X=1400.000 Y=1500.000 Z=0.000), Max=(X=1800.000 Y=1700.000 Z=100.000) RuntimeGrid:None EditorOnly:0 RuntimeOnly:0 HLODRelevant:1 ListedInSceneOutliner:1 IsMainWorldOnly:0 FolderPath:Block01 FolderGuid:7D23E5AE4C2A421F86AF6986D87E6D05
 |   |   |- Guid:4559969346C58F1C399A3F89FC3C5472 BaseClass:/Game/RestoreOxygen.RestoreOxygen_C NativeClass:/Script/Engine.Actor Name:RestoreOxygen_C_UAID_04D9F58078F5212402_2135639319 Label:RestoreOxygen SpatiallyLoaded:1 Bounds:IsValid=true, Min=(X=1666.000 Y=1856.000 Z=196.000), Max=(X=1794.000 Y=1984.000 Z=324.000) RuntimeGrid:None EditorOnly:0 RuntimeOnly:0 HLODRelevant:0 ListedInSceneOutliner:1 IsMainWorldOnly:0
 |   |   |- Guid:45DC7A254B324C9119E241B0D8C6A42C BaseClass: NativeClass:/Script/Engine.StaticMeshActor Name:StaticMeshActor_14 Label:SM_Ramp3 SpatiallyLoaded:1 Bounds:IsValid=true, Min=(X=1800.000 Y=1700.000 Z=100.000), Max=(X=2000.000 Y=2100.000 Z=200.000) RuntimeGrid:None EditorOnly:0 RuntimeOnly:0 HLODRelevant:1 ListedInSceneOutliner:1 IsMainWorldOnly:0 FolderPath:Block01 FolderGuid:7D23E5AE4C2A421F86AF6986D87E6D05
 |   |   |- Guid:50C0A5684CA2977FE86794B183BF5C30 BaseClass: NativeClass:/Script/Engine.StaticMeshActor Name:StaticMeshActor_33 Label:SM_QuarterCylinder12 SpatiallyLoaded:1 Bounds:IsValid=true, Min=(X=2000.000 Y=700.000 Z=0.000), Max=(X=2200.000 Y=900.000 Z=100.000) RuntimeGrid:None EditorOnly:0 RuntimeOnly:0 HLODRelevant:1 ListedInSceneOutliner:1 IsMainWorldOnly:0 FolderPath:Cylinder FolderGuid:D075E5BA49330D3EC2503D81A7CF88D1
 |   |   |- Guid:52F345D941F48EB9137BC9A25238BC02 BaseClass: NativeClass:/Script/Engine.AmbientSound Name:AmbientSound_UAID_BCC746A635C91C2302_1703240383 Label:ReBreather2b SpatiallyLoaded:1 Bounds:IsValid=true, Min=(X=1630.000 Y=1930.000 Z=200.000), Max=(X=1630.000 Y=1930.000 Z=200.000) RuntimeGrid:None EditorOnly:0 RuntimeOnly:0 HLODRelevant:0 ListedInSceneOutliner:1 IsMainWorldOnly:0
 |   |   |- Guid:548219CF41D08385D4E16CAB63772E69 BaseClass: NativeClass:/Script/Engine.StaticMeshActor Name:StaticMeshActor_34 Label:SM_QuarterCylinder13 SpatiallyLoaded:1 Bounds:IsValid=true, Min=(X=2000.000 Y=500.000 Z=0.000), Max=(X=2200.000 Y=700.000 Z=100.000) RuntimeGrid:None EditorOnly:0 RuntimeOnly:0 HLODRelevant:1 ListedInSceneOutliner:1 IsMainWorldOnly:0 FolderPath:Cylinder FolderGuid:D075E5BA49330D3EC2503D81A7CF88D1
 |   |   |- Guid:56E342104AD3E9709A56A7BB0BF43C07 BaseClass: NativeClass:/Script/Engine.StaticMeshActor Name:StaticMeshActor_4 Label:SM_Cube6 SpatiallyLoaded:1 Bounds:IsValid=true, Min=(X=2900.000 Y=100.000 Z=0.000), Max=(X=3000.000 Y=3400.000 Z=400.000) RuntimeGrid:None EditorOnly:0 RuntimeOnly:0 HLODRelevant:1 ListedInSceneOutliner:1 IsMainWorldOnly:0 FolderPath:Playground FolderGuid:C73F09FC4215536B1DCE2A9E0A830C70
 |   |   |- Guid:5AA1BA1C442AE3755B9ECA9C13DACD25 BaseClass: NativeClass:/Script/Engine.StaticMeshActor Name:StaticMeshActor_UAID_7085C2412C3FCF2502_2053393000 Label:Corals SpatiallyLoaded:1 Bounds:IsValid=true, Min=(X=1970.000 Y=2790.000 Z=200.000), Max=(X=1970.000 Y=2790.000 Z=200.000) RuntimeGrid:None EditorOnly:0 RuntimeOnly:0 HLODRelevant:0 ListedInSceneOutliner:1 IsMainWorldOnly:0
 |   |   |- Guid:6113D8A74757CCE5E4F3768CF45807CA BaseClass: NativeClass:/Script/Engine.StaticMeshActor Name:StaticMeshActor_25 Label:SM_QuarterCylinder6 SpatiallyLoaded:1 Bounds:IsValid=true, Min=(X=1200.000 Y=2200.000 Z=0.000), Max=(X=1300.000 Y=2300.000 Z=200.000) RuntimeGrid:None EditorOnly:0 RuntimeOnly:0 HLODRelevant:1 ListedInSceneOutliner:1 IsMainWorldOnly:0 FolderPath:Block01 FolderGuid:7D23E5AE4C2A421F86AF6986D87E6D05
 |   |   |- Guid:6DBF334144DDC7E67BC42CA92E5CEF81 BaseClass:/Game/GameObjects/TrashBP.TrashBP_C NativeClass:/Script/Engine.Actor Name:TrashBP_C_UAID_BCC746A635C9D12202_1406762185 Label:TrashBP2 SpatiallyLoaded:1 Bounds:IsValid=true, Min=(X=1234.000 Y=2006.000 Z=200.000), Max=(X=1346.000 Y=2134.000 Z=350.000) RuntimeGrid:None EditorOnly:0 RuntimeOnly:0 HLODRelevant:0 ListedInSceneOutliner:1 IsMainWorldOnly:0
 |   |   |- Guid:6F8A361946D8004440A22497529591FF BaseClass: NativeClass:/Script/Engine.StaticMeshActor Name:StaticMeshActor_6 Label:SM_Cube3 SpatiallyLoaded:1 Bounds:IsValid=true, Min=(X=0.000 Y=3400.000 Z=0.000), Max=(X=3000.000 Y=3500.000 Z=400.000) RuntimeGrid:None EditorOnly:0 RuntimeOnly:0 HLODRelevant:1 ListedInSceneOutliner:1 IsMainWorldOnly:0 FolderPath:Playground FolderGuid:C73F09FC4215536B1DCE2A9E0A830C70
 |   |   |- Guid:737EA7824D46B8F23B811DB39F333FCB BaseClass:/Game/GameObjects/FishBP.FishBP_C NativeClass:/Script/Engine.Actor Name:FishBP_C_UAID_BCC746A635C9D42202_1350456716 Label:FishBP SpatiallyLoaded:1 Bounds:IsValid=true, Min=(X=1484.000 Y=2096.000 Z=200.000), Max=(X=1596.000 Y=2224.000 Z=350.000) RuntimeGrid:None EditorOnly:0 RuntimeOnly:0 HLODRelevant:0 ListedInSceneOutliner:1 IsMainWorldOnly:0
 |   |   |- Guid:81C01757480A0A5CDD3A2E9F2C1B4B27 BaseClass: NativeClass:/Script/Engine.StaticMeshActor Name:StaticMeshActor_32 Label:SM_QuarterCylinder11 SpatiallyLoaded:1 Bounds:IsValid=true, Min=(X=2200.000 Y=700.000 Z=-0.000), Max=(X=2400.000 Y=900.000 Z=100.000) RuntimeGrid:None EditorOnly:0 RuntimeOnly:0 HLODRelevant:1 ListedInSceneOutliner:1 IsMainWorldOnly:0 FolderPath:Cylinder FolderGuid:D075E5BA49330D3EC2503D81A7CF88D1
 |   |   |- Guid:8815AA1944780743E55A64BB9F384306 BaseClass: NativeClass:/Script/Engine.DirectionalLight Name:DirectionalLight_0 Label:DirectionalLight SpatiallyLoaded:0 Bounds:Invalid RuntimeGrid:None EditorOnly:0 RuntimeOnly:0 HLODRelevant:0 ListedInSceneOutliner:1 IsMainWorldOnly:0 FolderPath:Lighting FolderGuid:963EC3EB4002CCE9759E2EBA541A873A
 |   |   |- Guid:888211024708B1460E4BB1ADE3D6EBEE BaseClass: NativeClass:/Script/Engine.PostProcessVolume Name:PostProcessVolume_0 Label:PostProcessVolume SpatiallyLoaded:0 Bounds:IsValid=true, Min=(X=0.000 Y=0.000 Z=400.000), Max=(X=200.000 Y=200.000 Z=600.000) RuntimeGrid:None EditorOnly:0 RuntimeOnly:0 HLODRelevant:0 ListedInSceneOutliner:1 IsMainWorldOnly:0 FolderPath:Lighting FolderGuid:963EC3EB4002CCE9759E2EBA541A873A
 |   |   |- Guid:8AF907724DF1A09A9245028AAF252825 BaseClass: NativeClass:/Script/Engine.StaticMeshActor Name:StaticMeshActor_18 Label:SM_QuarterCylinder SpatiallyLoaded:1 Bounds:IsValid=true, Min=(X=2500.000 Y=2800.000 Z=0.000), Max=(X=2600.000 Y=2900.000 Z=200.000) RuntimeGrid:None EditorOnly:0 RuntimeOnly:0 HLODRelevant:1 ListedInSceneOutliner:1 IsMainWorldOnly:0 FolderPath:Block02 FolderGuid:EBA23F8248252949750E43911A3A1CDD
 |   |   |- Guid:99FF1BDF4FF436B3B8723DB97956F298 BaseClass: NativeClass:/Script/Engine.StaticMeshActor Name:StaticMeshActor_11 Label:SM_ChamferCube3 SpatiallyLoaded:1 Bounds:IsValid=true, Min=(X=481.699 Y=2271.699 Z=0.013), Max=(X=618.301 Y=2408.301 Z=100.013) RuntimeGrid:None EditorOnly:0 RuntimeOnly:0 HLODRelevant:0 ListedInSceneOutliner:1 IsMainWorldOnly:0
 |   |   |- Guid:A7A3960147FBA832A1078884A220306E BaseClass: NativeClass:/Script/Engine.StaticMeshActor Name:StaticMeshActor_24 Label:SM_Cube13 SpatiallyLoaded:1 Bounds:IsValid=true, Min=(X=300.000 Y=2700.000 Z=0.000), Max=(X=400.000 Y=2800.000 Z=200.000) RuntimeGrid:None EditorOnly:0 RuntimeOnly:0 HLODRelevant:1 ListedInSceneOutliner:1 IsMainWorldOnly:0 FolderPath:Block03 FolderGuid:7B7009C345D3D6DD94D3429E1D79C034
 |   |   |- Guid:A92D09A545AB1E3A475138A85FD35EE6 BaseClass: NativeClass:/Script/Engine.StaticMeshActor Name:StaticMeshActor_10 Label:SM_ChamferCube2 SpatiallyLoaded:1 Bounds:IsValid=true, Min=(X=992.077 Y=2692.077 Z=0.013), Max=(X=1107.923 Y=2807.923 Z=100.013) RuntimeGrid:None EditorOnly:0 RuntimeOnly:0 HLODRelevant:0 ListedInSceneOutliner:1 IsMainWorldOnly:0
 |   |   |- Guid:AC0969D14DE07CA17DDEC5AF9DEE881A BaseClass:/Game/GameObjects/FishBP.FishBP_C NativeClass:/Script/Engine.Actor Name:FishBP_C_UAID_BCC746A635C9E52202_1807513703 Label:FishBP2 SpatiallyLoaded:1 Bounds:IsValid=true, Min=(X=1364.000 Y=2106.000 Z=200.000), Max=(X=1476.000 Y=2234.000 Z=350.000) RuntimeGrid:None EditorOnly:0 RuntimeOnly:0 HLODRelevant:0 ListedInSceneOutliner:1 IsMainWorldOnly:0
 |   |   |- Guid:AEA86C354A1CD6F6EB90D6953FF9CBEF BaseClass: NativeClass:/Script/Engine.StaticMeshActor Name:StaticMeshActor_0 Label:SM_Cube5 SpatiallyLoaded:1 Bounds:IsValid=true, Min=(X=-0.000 Y=100.000 Z=0.000), Max=(X=100.000 Y=3400.000 Z=400.000) RuntimeGrid:None EditorOnly:0 RuntimeOnly:0 HLODRelevant:1 ListedInSceneOutliner:1 IsMainWorldOnly:0 FolderPath:Playground FolderGuid:C73F09FC4215536B1DCE2A9E0A830C70
 |   |   |- Guid:B2790B664DF0ECA13542038B2460AF2C BaseClass: NativeClass:/Script/Engine.StaticMeshActor Name:StaticMeshActor_UAID_A4AE111137DC5EFB00_1110535423 Label:SM_SkySphere SpatiallyLoaded:0 Bounds:IsValid=true, Min=(X=-1638400.000 Y=-1638400.000 Z=-1638400.000), Max=(X=1638400.000 Y=1638400.000 Z=1638400.000) RuntimeGrid:None EditorOnly:0 RuntimeOnly:0 HLODRelevant:0 ListedInSceneOutliner:1 IsMainWorldOnly:0 FolderPath:Lighting FolderGuid:963EC3EB4002CCE9759E2EBA541A873A
 |   |   |- Guid:B6EF7E8F494BB3DAFBFE20B392057CBD BaseClass: NativeClass:/Script/Engine.StaticMeshActor Name:StaticMeshActor_5 Label:SM_Cube2 SpatiallyLoaded:1 Bounds:IsValid=true, Min=(X=0.000 Y=0.000 Z=0.000), Max=(X=3000.000 Y=100.000 Z=400.000) RuntimeGrid:None EditorOnly:0 RuntimeOnly:0 HLODRelevant:1 ListedInSceneOutliner:1 IsMainWorldOnly:0 FolderPath:Playground FolderGuid:C73F09FC4215536B1DCE2A9E0A830C70
 |   |   |- Guid:B8A00B804156301765E0289DE3275BBC BaseClass: NativeClass:/Script/Engine.WorldDataLayers Name:WorldDataLayers Label:WorldDataLayers SpatiallyLoaded:0 Bounds:Invalid RuntimeGrid:None EditorOnly:0 RuntimeOnly:0 HLODRelevant:0 ListedInSceneOutliner:1 IsMainWorldOnly:1
 |   |   |- Guid:BE5F224641E1E42BD96F2ABF811DB982 BaseClass: NativeClass:/Script/Engine.ExponentialHeightFog Name:ExponentialHeightFog_0 Label:ExponentialHeightFog SpatiallyLoaded:0 Bounds:IsValid=true, Min=(X=-5600.000 Y=-50.000 Z=-6850.000), Max=(X=-5600.000 Y=-50.000 Z=-6850.000) RuntimeGrid:None EditorOnly:0 RuntimeOnly:0 HLODRelevant:0 ListedInSceneOutliner:1 IsMainWorldOnly:0 FolderPath:Lighting FolderGuid:963EC3EB4002CCE9759E2EBA541A873A
 |   |   |- Guid:C65A002243137BAD0326A09D97AFA5B6 BaseClass: NativeClass:/Script/Engine.VolumetricCloud Name:VolumetricCloud_0 Label:VolumetricCloud SpatiallyLoaded:0 Bounds:IsValid=true, Min=(X=0.000 Y=0.000 Z=820.000), Max=(X=0.000 Y=0.000 Z=820.000) RuntimeGrid:None EditorOnly:0 RuntimeOnly:0 HLODRelevant:0 ListedInSceneOutliner:1 IsMainWorldOnly:0 FolderPath:Lighting FolderGuid:963EC3EB4002CCE9759E2EBA541A873A
 |   |   |- Guid:C7C0977D4DDEC9E73B16B78A95038953 BaseClass: NativeClass:/Script/Engine.StaticMeshActor Name:StaticMeshActor_20 Label:SM_Cube12 SpatiallyLoaded:1 Bounds:IsValid=true, Min=(X=2500.000 Y=2700.000 Z=0.000), Max=(X=2600.000 Y=2800.000 Z=200.000) RuntimeGrid:None EditorOnly:0 RuntimeOnly:0 HLODRelevant:1 ListedInSceneOutliner:1 IsMainWorldOnly:0 FolderPath:Block02 FolderGuid:EBA23F8248252949750E43911A3A1CDD
 |   |   |- Guid:CA97F9984A31D36167EB789669570170 BaseClass:/Game/GameObjects/TrashBP.TrashBP_C NativeClass:/Script/Engine.Actor Name:TrashBP_C_UAID_BCC746A635C9D12202_1410055186 Label:TrashBP3 SpatiallyLoaded:1 Bounds:IsValid=true, Min=(X=1244.000 Y=1866.000 Z=200.000), Max=(X=1356.000 Y=1994.000 Z=350.000) RuntimeGrid:None EditorOnly:0 RuntimeOnly:0 HLODRelevant:0 ListedInSceneOutliner:1 IsMainWorldOnly:0
 |   |   |- Guid:D5944B2A47AB42D17DA090823A61FAC1 BaseClass: NativeClass:/Script/Engine.StaticMeshActor Name:StaticMeshActor_UAID_7085C2412C3FD02502_1175576178 Label:Corals2 SpatiallyLoaded:1 Bounds:IsValid=true, Min=(X=1930.000 Y=2780.000 Z=200.000), Max=(X=1930.000 Y=2780.000 Z=200.000) RuntimeGrid:None EditorOnly:0 RuntimeOnly:0 HLODRelevant:0 ListedInSceneOutliner:1 IsMainWorldOnly:0
 |   |   |- Guid:DFF3F306449D8883F975B4854D114B94 BaseClass: NativeClass:/Script/Engine.StaticMeshActor Name:StaticMeshActor_35 Label:SM_QuarterCylinder14 SpatiallyLoaded:1 Bounds:IsValid=true, Min=(X=2200.000 Y=500.000 Z=0.000), Max=(X=2400.000 Y=700.000 Z=100.000) RuntimeGrid:None EditorOnly:0 RuntimeOnly:0 HLODRelevant:1 ListedInSceneOutliner:1 IsMainWorldOnly:0 FolderPath:Cylinder FolderGuid:D075E5BA49330D3EC2503D81A7CF88D1
 |   |   |- Guid:E2DFC9964B53D1A737462E9094E6ADFE BaseClass: NativeClass:/Script/Engine.StaticMeshActor Name:StaticMeshActor_1 Label:SM_Cube SpatiallyLoaded:1 Bounds:IsValid=true, Min=(X=0.000 Y=0.000 Z=-50.000), Max=(X=3000.000 Y=3500.000 Z=0.000) RuntimeGrid:None EditorOnly:0 RuntimeOnly:0 HLODRelevant:1 ListedInSceneOutliner:1 IsMainWorldOnly:0 FolderPath:Playground FolderGuid:C73F09FC4215536B1DCE2A9E0A830C70
 |   |   |- Guid:E34590994117DF44C3CDD09933F9A076 BaseClass: NativeClass:/Script/Engine.StaticMeshActor Name:StaticMeshActor_23 Label:SM_QuarterCylinder5 SpatiallyLoaded:1 Bounds:IsValid=true, Min=(X=300.000 Y=2800.000 Z=0.000), Max=(X=400.000 Y=2900.000 Z=200.000) RuntimeGrid:None EditorOnly:0 RuntimeOnly:0 HLODRelevant:1 ListedInSceneOutliner:1 IsMainWorldOnly:0 FolderPath:Block03 FolderGuid:7B7009C345D3D6DD94D3429E1D79C034
 |   |   |- Guid:EA92B3034F580F14F6C6F2A03D2BC262 BaseClass: NativeClass:/Script/Engine.StaticMeshActor Name:StaticMeshActor_19 Label:SM_QuarterCylinder2 SpatiallyLoaded:1 Bounds:IsValid=true, Min=(X=2500.000 Y=2600.000 Z=0.000), Max=(X=2600.000 Y=2700.000 Z=200.000) RuntimeGrid:None EditorOnly:0 RuntimeOnly:0 HLODRelevant:1 ListedInSceneOutliner:1 IsMainWorldOnly:0 FolderPath:Block02 FolderGuid:EBA23F8248252949750E43911A3A1CDD
 |   |   |- Guid:EE8691714FE7D5BA51EDE198B670F5F6 BaseClass: NativeClass:/Script/Engine.StaticMeshActor Name:StaticMeshActor_16 Label:SM_Cube11 SpatiallyLoaded:1 Bounds:IsValid=true, Min=(X=400.000 Y=2600.000 Z=0.000), Max=(X=700.000 Y=2900.000 Z=200.000) RuntimeGrid:None EditorOnly:0 RuntimeOnly:0 HLODRelevant:1 ListedInSceneOutliner:1 IsMainWorldOnly:0 FolderPath:Block03 FolderGuid:7B7009C345D3D6DD94D3429E1D79C034
 |   |   |- Guid:F7B3DC744C21C98965FF93852D315135 BaseClass: NativeClass:/Script/Engine.StaticMeshActor Name:StaticMeshActor_22 Label:SM_QuarterCylinder4 SpatiallyLoaded:1 Bounds:IsValid=true, Min=(X=300.000 Y=2600.000 Z=0.000), Max=(X=400.000 Y=2700.000 Z=200.000) RuntimeGrid:None EditorOnly:0 RuntimeOnly:0 HLODRelevant:1 ListedInSceneOutliner:1 IsMainWorldOnly:0 FolderPath:Block03 FolderGuid:7B7009C345D3D6DD94D3429E1D79C034
 |   |- [+] Clusters:
 |   |   |- [+] [  0]
 |   |   |   |- Guid:01A76BDF4A5DB7F212E07B80A8EDA713 BaseClass: NativeClass:/Script/Engine.StaticMeshActor Name:StaticMeshActor_3 Label:SM_Ramp SpatiallyLoaded:1 Bounds:IsValid=true, Min=(X=1300.000 Y=600.000 Z=0.000), Max=(X=1700.000 Y=800.000 Z=30.000) RuntimeGrid:None EditorOnly:0 RuntimeOnly:0 HLODRelevant:1 ListedInSceneOutliner:1 IsMainWorldOnly:0
 |   |   |- [+] [  1]
 |   |   |   |- Guid:0F728D9A48F977E7DEA729ADA00FFB31 BaseClass: NativeClass:/Script/Engine.StaticMeshActor Name:StaticMeshActor_21 Label:SM_QuarterCylinder3 SpatiallyLoaded:1 Bounds:IsValid=true, Min=(X=1500.000 Y=2200.000 Z=0.000), Max=(X=1600.000 Y=2300.000 Z=200.000) RuntimeGrid:None EditorOnly:0 RuntimeOnly:0 HLODRelevant:1 ListedInSceneOutliner:1 IsMainWorldOnly:0 FolderPath:Block01 FolderGuid:7D23E5AE4C2A421F86AF6986D87E6D05
 |   |   |- [+] [  2]
 |   |   |   |- Guid:0FF16EE942CE02350E91D9B908543557 BaseClass: NativeClass:/Script/Engine.StaticMeshActor Name:StaticMeshActor_2 Label:SM_ChamferCube SpatiallyLoaded:1 Bounds:IsValid=true, Min=(X=1100.000 Y=2000.000 Z=0.013), Max=(X=1200.000 Y=2100.000 Z=100.013) RuntimeGrid:None EditorOnly:0 RuntimeOnly:0 HLODRelevant:0 ListedInSceneOutliner:1 IsMainWorldOnly:0
 |   |   |- [+] [  3]
 |   |   |   |- Guid:10F37F4B4DC568B663A010842FC6622A BaseClass: NativeClass:/Script/Engine.StaticMeshActor Name:StaticMeshActor_8 Label:SM_Cube4 SpatiallyLoaded:1 Bounds:IsValid=true, Min=(X=1200.000 Y=1700.000 Z=0.000), Max=(X=1800.000 Y=2200.000 Z=200.000) RuntimeGrid:None EditorOnly:0 RuntimeOnly:0 HLODRelevant:1 ListedInSceneOutliner:1 IsMainWorldOnly:0 FolderPath:Block01 FolderGuid:7D23E5AE4C2A421F86AF6986D87E6D05
 |   |   |- [+] [  4]
 |   |   |   |- Guid:12A546F04515AEFB5B4C4385AD04E6AA BaseClass: NativeClass:/Script/Engine.StaticMeshActor Name:StaticMeshActor_12 Label:SM_Cube8 SpatiallyLoaded:1 Bounds:IsValid=true, Min=(X=1300.000 Y=2600.000 Z=0.000), Max=(X=2500.000 Y=2900.000 Z=200.000) RuntimeGrid:None EditorOnly:0 RuntimeOnly:0 HLODRelevant:1 ListedInSceneOutliner:1 IsMainWorldOnly:0 FolderPath:Block02 FolderGuid:EBA23F8248252949750E43911A3A1CDD
 |   |   |- [+] [  5]
 |   |   |   |- Guid:1A47F2214963BF03005D3788F350D117 BaseClass: NativeClass:/Script/Engine.StaticMeshActor Name:StaticMeshActor_13 Label:SM_Cube9 SpatiallyLoaded:1 Bounds:IsValid=true, Min=(X=1800.000 Y=1500.000 Z=0.000), Max=(X=2000.000 Y=2200.000 Z=100.000) RuntimeGrid:None EditorOnly:0 RuntimeOnly:0 HLODRelevant:1 ListedInSceneOutliner:1 IsMainWorldOnly:0 FolderPath:Block01 FolderGuid:7D23E5AE4C2A421F86AF6986D87E6D05
 |   |   |- [+] [  6]
 |   |   |   |- Guid:1A50A10B47D60CC63B23A1B94FB7EA54 BaseClass: NativeClass:/Script/Engine.SkyLight Name:SkyLight_1 Label:SkyLight SpatiallyLoaded:0 Bounds:IsValid=true, Min=(X=0.000 Y=0.000 Z=690.000), Max=(X=0.000 Y=0.000 Z=690.000) RuntimeGrid:None EditorOnly:0 RuntimeOnly:0 HLODRelevant:0 ListedInSceneOutliner:1 IsMainWorldOnly:0 FolderPath:Lighting FolderGuid:963EC3EB4002CCE9759E2EBA541A873A
 |   |   |- [+] [  7]
 |   |   |   |- Guid:2171F4334BFC5E0E4CE4E19150E3E410 BaseClass: NativeClass:/Script/Engine.TextRenderActor Name:TextRenderActor_1 Label:TextRenderActor SpatiallyLoaded:1 Bounds:IsValid=true, Min=(X=-0.100 Y=1100.000 Z=65.013), Max=(X=-0.100 Y=2392.308 Z=215.013) RuntimeGrid:None EditorOnly:0 RuntimeOnly:0 HLODRelevant:0 ListedInSceneOutliner:1 IsMainWorldOnly:0
 |   |   |- [+] [  8]
 |   |   |   |- Guid:21B23B944FF463CE22D32984652BE7F8 BaseClass:/Game/ThirdPerson/Blueprints/WaterBodyLake_Blueprint.WaterBodyLake_Blueprint_C NativeClass:/Script/Water.WaterBodyLake Name:WaterBodyLake_Blueprint_C_UAID_BCC746A635C9522102_1912956777 Label:WaterBodyLake_Blueprint SpatiallyLoaded:1 Bounds:IsValid=true, Min=(X=-1370.000 Y=-451.217 Z=-470.000), Max=(X=3810.046 Y=3681.358 Z=325.057) RuntimeGrid:None EditorOnly:0 RuntimeOnly:0 HLODRelevant:1 ListedInSceneOutliner:1 IsMainWorldOnly:0
 |   |   |- [+] [  9]
 |   |   |   |- Guid:248FB4C443982C185560D2868F734CE8 BaseClass: NativeClass:/Script/Engine.StaticMeshActor Name:StaticMeshActor_7 Label:SM_Cube7 SpatiallyLoaded:1 Bounds:IsValid=true, Min=(X=1300.000 Y=2200.000 Z=0.000), Max=(X=1500.000 Y=2300.000 Z=200.000) RuntimeGrid:None EditorOnly:0 RuntimeOnly:0 HLODRelevant:1 ListedInSceneOutliner:1 IsMainWorldOnly:0 FolderPath:Block01 FolderGuid:7D23E5AE4C2A421F86AF6986D87E6D05
 |   |   |- [+] [ 10]
 |   |   |   |- Guid:26CB462A4AC11497D1533193B7132F9A BaseClass: NativeClass:/Script/Engine.PlayerStart Name:PlayerStart_0 Label:PlayerStart SpatiallyLoaded:0 Bounds:IsValid=true, Min=(X=1520.000 Y=1780.000 Z=200.013), Max=(X=1600.000 Y=1860.000 Z=384.013) RuntimeGrid:None EditorOnly:0 RuntimeOnly:0 HLODRelevant:0 ListedInSceneOutliner:1 IsMainWorldOnly:0
 |   |   |- [+] [ 11]
 |   |   |   |- Guid:2AB9181E470E1949C4172EAFD17F1794 BaseClass: NativeClass:/Script/Engine.StaticMeshActor Name:StaticMeshActor_15 Label:SM_Cube10 SpatiallyLoaded:1 Bounds:IsValid=true, Min=(X=1800.000 Y=2100.000 Z=100.000), Max=(X=2000.000 Y=2200.000 Z=200.000) RuntimeGrid:None EditorOnly:0 RuntimeOnly:0 HLODRelevant:1 ListedInSceneOutliner:1 IsMainWorldOnly:0 FolderPath:Block01 FolderGuid:7D23E5AE4C2A421F86AF6986D87E6D05
 |   |   |- [+] [ 12]
 |   |   |   |- Guid:2DA4BC204212DBFCC9ED1689CA3FD989 BaseClass:/Game/GameObjects/OffloadBP.OffloadBP_C NativeClass:/Script/Engine.Actor Name:OffloadBP_C_UAID_BCC746A635C9D52202_1228222887 Label:OffloadBP SpatiallyLoaded:1 Bounds:IsValid=true, Min=(X=1498.000 Y=2250.000 Z=-15.663), Max=(X=1642.000 Y=3250.000 Z=984.337) RuntimeGrid:None EditorOnly:0 RuntimeOnly:0 HLODRelevant:0 ListedInSceneOutliner:1 IsMainWorldOnly:0
 |   |   |- [+] [ 13]
 |   |   |   |- Guid:2E75156F4EE1926D5E35F199C17A9FFA BaseClass: NativeClass:/Script/Engine.SkyAtmosphere Name:SkyAtmosphere_0 Label:SkyAtmosphere SpatiallyLoaded:0 Bounds:IsValid=true, Min=(X=0.000 Y=0.000 Z=1020.000), Max=(X=0.000 Y=0.000 Z=1020.000) RuntimeGrid:None EditorOnly:0 RuntimeOnly:0 HLODRelevant:0 ListedInSceneOutliner:1 IsMainWorldOnly:0 FolderPath:Lighting FolderGuid:963EC3EB4002CCE9759E2EBA541A873A
 |   |   |- [+] [ 14]
 |   |   |   |- Guid:37CE3898419BEC24C49188A06B6CA2C2 BaseClass:/Game/GameObjects/TrashBP.TrashBP_C NativeClass:/Script/Engine.Actor Name:TrashBP_C_UAID_BCC746A635C9D62102_1652509007 Label:TrashBP SpatiallyLoaded:1 Bounds:IsValid=true, Min=(X=1224.000 Y=2136.000 Z=200.000), Max=(X=1336.000 Y=2264.000 Z=350.000) RuntimeGrid:None EditorOnly:0 RuntimeOnly:0 HLODRelevant:0 ListedInSceneOutliner:1 IsMainWorldOnly:0
 |   |   |- [+] [ 15]
 |   |   |   |- Guid:406B970048D500B2AA5912B6F52682C3 BaseClass: NativeClass:/Script/Water.WaterZone Name:WaterZone_UAID_BCC746A635C9522102_1251113776 Label:WaterZone SpatiallyLoaded:0 Bounds:IsValid=true, Min=(X=-25600.000 Y=-25600.000 Z=-25600.000), Max=(X=25600.000 Y=25600.000 Z=25600.000) RuntimeGrid:None EditorOnly:0 RuntimeOnly:0 HLODRelevant:0 ListedInSceneOutliner:1 IsMainWorldOnly:0
 |   |   |- [+] [ 16]
 |   |   |   |- Guid:415433A546A8A0CEACDD9EA362DEBA9D BaseClass: NativeClass:/Script/Engine.StaticMeshActor Name:StaticMeshActor_9 Label:SM_Ramp2 SpatiallyLoaded:1 Bounds:IsValid=true, Min=(X=1400.000 Y=1500.000 Z=0.000), Max=(X=1800.000 Y=1700.000 Z=100.000) RuntimeGrid:None EditorOnly:0 RuntimeOnly:0 HLODRelevant:1 ListedInSceneOutliner:1 IsMainWorldOnly:0 FolderPath:Block01 FolderGuid:7D23E5AE4C2A421F86AF6986D87E6D05
 |   |   |- [+] [ 17]
 |   |   |   |- Guid:4559969346C58F1C399A3F89FC3C5472 BaseClass:/Game/RestoreOxygen.RestoreOxygen_C NativeClass:/Script/Engine.Actor Name:RestoreOxygen_C_UAID_04D9F58078F5212402_2135639319 Label:RestoreOxygen SpatiallyLoaded:1 Bounds:IsValid=true, Min=(X=1666.000 Y=1856.000 Z=196.000), Max=(X=1794.000 Y=1984.000 Z=324.000) RuntimeGrid:None EditorOnly:0 RuntimeOnly:0 HLODRelevant:0 ListedInSceneOutliner:1 IsMainWorldOnly:0
 |   |   |- [+] [ 18]
 |   |   |   |- Guid:45DC7A254B324C9119E241B0D8C6A42C BaseClass: NativeClass:/Script/Engine.StaticMeshActor Name:StaticMeshActor_14 Label:SM_Ramp3 SpatiallyLoaded:1 Bounds:IsValid=true, Min=(X=1800.000 Y=1700.000 Z=100.000), Max=(X=2000.000 Y=2100.000 Z=200.000) RuntimeGrid:None EditorOnly:0 RuntimeOnly:0 HLODRelevant:1 ListedInSceneOutliner:1 IsMainWorldOnly:0 FolderPath:Block01 FolderGuid:7D23E5AE4C2A421F86AF6986D87E6D05
 |   |   |- [+] [ 19]
 |   |   |   |- Guid:50C0A5684CA2977FE86794B183BF5C30 BaseClass: NativeClass:/Script/Engine.StaticMeshActor Name:StaticMeshActor_33 Label:SM_QuarterCylinder12 SpatiallyLoaded:1 Bounds:IsValid=true, Min=(X=2000.000 Y=700.000 Z=0.000), Max=(X=2200.000 Y=900.000 Z=100.000) RuntimeGrid:None EditorOnly:0 RuntimeOnly:0 HLODRelevant:1 ListedInSceneOutliner:1 IsMainWorldOnly:0 FolderPath:Cylinder FolderGuid:D075E5BA49330D3EC2503D81A7CF88D1
 |   |   |- [+] [ 20]
 |   |   |   |- Guid:52F345D941F48EB9137BC9A25238BC02 BaseClass: NativeClass:/Script/Engine.AmbientSound Name:AmbientSound_UAID_BCC746A635C91C2302_1703240383 Label:ReBreather2b SpatiallyLoaded:1 Bounds:IsValid=true, Min=(X=1630.000 Y=1930.000 Z=200.000), Max=(X=1630.000 Y=1930.000 Z=200.000) RuntimeGrid:None EditorOnly:0 RuntimeOnly:0 HLODRelevant:0 ListedInSceneOutliner:1 IsMainWorldOnly:0
 |   |   |- [+] [ 21]
 |   |   |   |- Guid:548219CF41D08385D4E16CAB63772E69 BaseClass: NativeClass:/Script/Engine.StaticMeshActor Name:StaticMeshActor_34 Label:SM_QuarterCylinder13 SpatiallyLoaded:1 Bounds:IsValid=true, Min=(X=2000.000 Y=500.000 Z=0.000), Max=(X=2200.000 Y=700.000 Z=100.000) RuntimeGrid:None EditorOnly:0 RuntimeOnly:0 HLODRelevant:1 ListedInSceneOutliner:1 IsMainWorldOnly:0 FolderPath:Cylinder FolderGuid:D075E5BA49330D3EC2503D81A7CF88D1
 |   |   |- [+] [ 22]
 |   |   |   |- Guid:56E342104AD3E9709A56A7BB0BF43C07 BaseClass: NativeClass:/Script/Engine.StaticMeshActor Name:StaticMeshActor_4 Label:SM_Cube6 SpatiallyLoaded:1 Bounds:IsValid=true, Min=(X=2900.000 Y=100.000 Z=0.000), Max=(X=3000.000 Y=3400.000 Z=400.000) RuntimeGrid:None EditorOnly:0 RuntimeOnly:0 HLODRelevant:1 ListedInSceneOutliner:1 IsMainWorldOnly:0 FolderPath:Playground FolderGuid:C73F09FC4215536B1DCE2A9E0A830C70
 |   |   |- [+] [ 23]
 |   |   |   |- Guid:5AA1BA1C442AE3755B9ECA9C13DACD25 BaseClass: NativeClass:/Script/Engine.StaticMeshActor Name:StaticMeshActor_UAID_7085C2412C3FCF2502_2053393000 Label:Corals SpatiallyLoaded:1 Bounds:IsValid=true, Min=(X=1970.000 Y=2790.000 Z=200.000), Max=(X=1970.000 Y=2790.000 Z=200.000) RuntimeGrid:None EditorOnly:0 RuntimeOnly:0 HLODRelevant:0 ListedInSceneOutliner:1 IsMainWorldOnly:0
 |   |   |- [+] [ 24]
 |   |   |   |- Guid:6113D8A74757CCE5E4F3768CF45807CA BaseClass: NativeClass:/Script/Engine.StaticMeshActor Name:StaticMeshActor_25 Label:SM_QuarterCylinder6 SpatiallyLoaded:1 Bounds:IsValid=true, Min=(X=1200.000 Y=2200.000 Z=0.000), Max=(X=1300.000 Y=2300.000 Z=200.000) RuntimeGrid:None EditorOnly:0 RuntimeOnly:0 HLODRelevant:1 ListedInSceneOutliner:1 IsMainWorldOnly:0 FolderPath:Block01 FolderGuid:7D23E5AE4C2A421F86AF6986D87E6D05
 |   |   |- [+] [ 25]
 |   |   |   |- Guid:6DBF334144DDC7E67BC42CA92E5CEF81 BaseClass:/Game/GameObjects/TrashBP.TrashBP_C NativeClass:/Script/Engine.Actor Name:TrashBP_C_UAID_BCC746A635C9D12202_1406762185 Label:TrashBP2 SpatiallyLoaded:1 Bounds:IsValid=true, Min=(X=1234.000 Y=2006.000 Z=200.000), Max=(X=1346.000 Y=2134.000 Z=350.000) RuntimeGrid:None EditorOnly:0 RuntimeOnly:0 HLODRelevant:0 ListedInSceneOutliner:1 IsMainWorldOnly:0
 |   |   |- [+] [ 26]
 |   |   |   |- Guid:6F8A361946D8004440A22497529591FF BaseClass: NativeClass:/Script/Engine.StaticMeshActor Name:StaticMeshActor_6 Label:SM_Cube3 SpatiallyLoaded:1 Bounds:IsValid=true, Min=(X=0.000 Y=3400.000 Z=0.000), Max=(X=3000.000 Y=3500.000 Z=400.000) RuntimeGrid:None EditorOnly:0 RuntimeOnly:0 HLODRelevant:1 ListedInSceneOutliner:1 IsMainWorldOnly:0 FolderPath:Playground FolderGuid:C73F09FC4215536B1DCE2A9E0A830C70
 |   |   |- [+] [ 27]
 |   |   |   |- Guid:737EA7824D46B8F23B811DB39F333FCB BaseClass:/Game/GameObjects/FishBP.FishBP_C NativeClass:/Script/Engine.Actor Name:FishBP_C_UAID_BCC746A635C9D42202_1350456716 Label:FishBP SpatiallyLoaded:1 Bounds:IsValid=true, Min=(X=1484.000 Y=2096.000 Z=200.000), Max=(X=1596.000 Y=2224.000 Z=350.000) RuntimeGrid:None EditorOnly:0 RuntimeOnly:0 HLODRelevant:0 ListedInSceneOutliner:1 IsMainWorldOnly:0
 |   |   |- [+] [ 28]
 |   |   |   |- Guid:81C01757480A0A5CDD3A2E9F2C1B4B27 BaseClass: NativeClass:/Script/Engine.StaticMeshActor Name:StaticMeshActor_32 Label:SM_QuarterCylinder11 SpatiallyLoaded:1 Bounds:IsValid=true, Min=(X=2200.000 Y=700.000 Z=-0.000), Max=(X=2400.000 Y=900.000 Z=100.000) RuntimeGrid:None EditorOnly:0 RuntimeOnly:0 HLODRelevant:1 ListedInSceneOutliner:1 IsMainWorldOnly:0 FolderPath:Cylinder FolderGuid:D075E5BA49330D3EC2503D81A7CF88D1
 |   |   |- [+] [ 29]
 |   |   |   |- Guid:8815AA1944780743E55A64BB9F384306 BaseClass: NativeClass:/Script/Engine.DirectionalLight Name:DirectionalLight_0 Label:DirectionalLight SpatiallyLoaded:0 Bounds:Invalid RuntimeGrid:None EditorOnly:0 RuntimeOnly:0 HLODRelevant:0 ListedInSceneOutliner:1 IsMainWorldOnly:0 FolderPath:Lighting FolderGuid:963EC3EB4002CCE9759E2EBA541A873A
 |   |   |- [+] [ 30]
 |   |   |   |- Guid:888211024708B1460E4BB1ADE3D6EBEE BaseClass: NativeClass:/Script/Engine.PostProcessVolume Name:PostProcessVolume_0 Label:PostProcessVolume SpatiallyLoaded:0 Bounds:IsValid=true, Min=(X=0.000 Y=0.000 Z=400.000), Max=(X=200.000 Y=200.000 Z=600.000) RuntimeGrid:None EditorOnly:0 RuntimeOnly:0 HLODRelevant:0 ListedInSceneOutliner:1 IsMainWorldOnly:0 FolderPath:Lighting FolderGuid:963EC3EB4002CCE9759E2EBA541A873A
 |   |   |- [+] [ 31]
 |   |   |   |- Guid:8AF907724DF1A09A9245028AAF252825 BaseClass: NativeClass:/Script/Engine.StaticMeshActor Name:StaticMeshActor_18 Label:SM_QuarterCylinder SpatiallyLoaded:1 Bounds:IsValid=true, Min=(X=2500.000 Y=2800.000 Z=0.000), Max=(X=2600.000 Y=2900.000 Z=200.000) RuntimeGrid:None EditorOnly:0 RuntimeOnly:0 HLODRelevant:1 ListedInSceneOutliner:1 IsMainWorldOnly:0 FolderPath:Block02 FolderGuid:EBA23F8248252949750E43911A3A1CDD
 |   |   |- [+] [ 32]
 |   |   |   |- Guid:99FF1BDF4FF436B3B8723DB97956F298 BaseClass: NativeClass:/Script/Engine.StaticMeshActor Name:StaticMeshActor_11 Label:SM_ChamferCube3 SpatiallyLoaded:1 Bounds:IsValid=true, Min=(X=481.699 Y=2271.699 Z=0.013), Max=(X=618.301 Y=2408.301 Z=100.013) RuntimeGrid:None EditorOnly:0 RuntimeOnly:0 HLODRelevant:0 ListedInSceneOutliner:1 IsMainWorldOnly:0
 |   |   |- [+] [ 33]
 |   |   |   |- Guid:A7A3960147FBA832A1078884A220306E BaseClass: NativeClass:/Script/Engine.StaticMeshActor Name:StaticMeshActor_24 Label:SM_Cube13 SpatiallyLoaded:1 Bounds:IsValid=true, Min=(X=300.000 Y=2700.000 Z=0.000), Max=(X=400.000 Y=2800.000 Z=200.000) RuntimeGrid:None EditorOnly:0 RuntimeOnly:0 HLODRelevant:1 ListedInSceneOutliner:1 IsMainWorldOnly:0 FolderPath:Block03 FolderGuid:7B7009C345D3D6DD94D3429E1D79C034
 |   |   |- [+] [ 34]
 |   |   |   |- Guid:A92D09A545AB1E3A475138A85FD35EE6 BaseClass: NativeClass:/Script/Engine.StaticMeshActor Name:StaticMeshActor_10 Label:SM_ChamferCube2 SpatiallyLoaded:1 Bounds:IsValid=true, Min=(X=992.077 Y=2692.077 Z=0.013), Max=(X=1107.923 Y=2807.923 Z=100.013) RuntimeGrid:None EditorOnly:0 RuntimeOnly:0 HLODRelevant:0 ListedInSceneOutliner:1 IsMainWorldOnly:0
 |   |   |- [+] [ 35]
 |   |   |   |- Guid:AC0969D14DE07CA17DDEC5AF9DEE881A BaseClass:/Game/GameObjects/FishBP.FishBP_C NativeClass:/Script/Engine.Actor Name:FishBP_C_UAID_BCC746A635C9E52202_1807513703 Label:FishBP2 SpatiallyLoaded:1 Bounds:IsValid=true, Min=(X=1364.000 Y=2106.000 Z=200.000), Max=(X=1476.000 Y=2234.000 Z=350.000) RuntimeGrid:None EditorOnly:0 RuntimeOnly:0 HLODRelevant:0 ListedInSceneOutliner:1 IsMainWorldOnly:0
 |   |   |- [+] [ 36]
 |   |   |   |- Guid:AEA86C354A1CD6F6EB90D6953FF9CBEF BaseClass: NativeClass:/Script/Engine.StaticMeshActor Name:StaticMeshActor_0 Label:SM_Cube5 SpatiallyLoaded:1 Bounds:IsValid=true, Min=(X=-0.000 Y=100.000 Z=0.000), Max=(X=100.000 Y=3400.000 Z=400.000) RuntimeGrid:None EditorOnly:0 RuntimeOnly:0 HLODRelevant:1 ListedInSceneOutliner:1 IsMainWorldOnly:0 FolderPath:Playground FolderGuid:C73F09FC4215536B1DCE2A9E0A830C70
 |   |   |- [+] [ 37]
 |   |   |   |- Guid:B2790B664DF0ECA13542038B2460AF2C BaseClass: NativeClass:/Script/Engine.StaticMeshActor Name:StaticMeshActor_UAID_A4AE111137DC5EFB00_1110535423 Label:SM_SkySphere SpatiallyLoaded:0 Bounds:IsValid=true, Min=(X=-1638400.000 Y=-1638400.000 Z=-1638400.000), Max=(X=1638400.000 Y=1638400.000 Z=1638400.000) RuntimeGrid:None EditorOnly:0 RuntimeOnly:0 HLODRelevant:0 ListedInSceneOutliner:1 IsMainWorldOnly:0 FolderPath:Lighting FolderGuid:963EC3EB4002CCE9759E2EBA541A873A
 |   |   |- [+] [ 38]
 |   |   |   |- Guid:B6EF7E8F494BB3DAFBFE20B392057CBD BaseClass: NativeClass:/Script/Engine.StaticMeshActor Name:StaticMeshActor_5 Label:SM_Cube2 SpatiallyLoaded:1 Bounds:IsValid=true, Min=(X=0.000 Y=0.000 Z=0.000), Max=(X=3000.000 Y=100.000 Z=400.000) RuntimeGrid:None EditorOnly:0 RuntimeOnly:0 HLODRelevant:1 ListedInSceneOutliner:1 IsMainWorldOnly:0 FolderPath:Playground FolderGuid:C73F09FC4215536B1DCE2A9E0A830C70
 |   |   |- [+] [ 39]
 |   |   |   |- Guid:B8A00B804156301765E0289DE3275BBC BaseClass: NativeClass:/Script/Engine.WorldDataLayers Name:WorldDataLayers Label:WorldDataLayers SpatiallyLoaded:0 Bounds:Invalid RuntimeGrid:None EditorOnly:0 RuntimeOnly:0 HLODRelevant:0 ListedInSceneOutliner:1 IsMainWorldOnly:1
 |   |   |- [+] [ 40]
 |   |   |   |- Guid:BE5F224641E1E42BD96F2ABF811DB982 BaseClass: NativeClass:/Script/Engine.ExponentialHeightFog Name:ExponentialHeightFog_0 Label:ExponentialHeightFog SpatiallyLoaded:0 Bounds:IsValid=true, Min=(X=-5600.000 Y=-50.000 Z=-6850.000), Max=(X=-5600.000 Y=-50.000 Z=-6850.000) RuntimeGrid:None EditorOnly:0 RuntimeOnly:0 HLODRelevant:0 ListedInSceneOutliner:1 IsMainWorldOnly:0 FolderPath:Lighting FolderGuid:963EC3EB4002CCE9759E2EBA541A873A
 |   |   |- [+] [ 41]
 |   |   |   |- Guid:C65A002243137BAD0326A09D97AFA5B6 BaseClass: NativeClass:/Script/Engine.VolumetricCloud Name:VolumetricCloud_0 Label:VolumetricCloud SpatiallyLoaded:0 Bounds:IsValid=true, Min=(X=0.000 Y=0.000 Z=820.000), Max=(X=0.000 Y=0.000 Z=820.000) RuntimeGrid:None EditorOnly:0 RuntimeOnly:0 HLODRelevant:0 ListedInSceneOutliner:1 IsMainWorldOnly:0 FolderPath:Lighting FolderGuid:963EC3EB4002CCE9759E2EBA541A873A
 |   |   |- [+] [ 42]
 |   |   |   |- Guid:C7C0977D4DDEC9E73B16B78A95038953 BaseClass: NativeClass:/Script/Engine.StaticMeshActor Name:StaticMeshActor_20 Label:SM_Cube12 SpatiallyLoaded:1 Bounds:IsValid=true, Min=(X=2500.000 Y=2700.000 Z=0.000), Max=(X=2600.000 Y=2800.000 Z=200.000) RuntimeGrid:None EditorOnly:0 RuntimeOnly:0 HLODRelevant:1 ListedInSceneOutliner:1 IsMainWorldOnly:0 FolderPath:Block02 FolderGuid:EBA23F8248252949750E43911A3A1CDD
 |   |   |- [+] [ 43]
 |   |   |   |- Guid:CA97F9984A31D36167EB789669570170 BaseClass:/Game/GameObjects/TrashBP.TrashBP_C NativeClass:/Script/Engine.Actor Name:TrashBP_C_UAID_BCC746A635C9D12202_1410055186 Label:TrashBP3 SpatiallyLoaded:1 Bounds:IsValid=true, Min=(X=1244.000 Y=1866.000 Z=200.000), Max=(X=1356.000 Y=1994.000 Z=350.000) RuntimeGrid:None EditorOnly:0 RuntimeOnly:0 HLODRelevant:0 ListedInSceneOutliner:1 IsMainWorldOnly:0
 |   |   |- [+] [ 44]
 |   |   |   |- Guid:D5944B2A47AB42D17DA090823A61FAC1 BaseClass: NativeClass:/Script/Engine.StaticMeshActor Name:StaticMeshActor_UAID_7085C2412C3FD02502_1175576178 Label:Corals2 SpatiallyLoaded:1 Bounds:IsValid=true, Min=(X=1930.000 Y=2780.000 Z=200.000), Max=(X=1930.000 Y=2780.000 Z=200.000) RuntimeGrid:None EditorOnly:0 RuntimeOnly:0 HLODRelevant:0 ListedInSceneOutliner:1 IsMainWorldOnly:0
 |   |   |- [+] [ 45]
 |   |   |   |- Guid:DFF3F306449D8883F975B4854D114B94 BaseClass: NativeClass:/Script/Engine.StaticMeshActor Name:StaticMeshActor_35 Label:SM_QuarterCylinder14 SpatiallyLoaded:1 Bounds:IsValid=true, Min=(X=2200.000 Y=500.000 Z=0.000), Max=(X=2400.000 Y=700.000 Z=100.000) RuntimeGrid:None EditorOnly:0 RuntimeOnly:0 HLODRelevant:1 ListedInSceneOutliner:1 IsMainWorldOnly:0 FolderPath:Cylinder FolderGuid:D075E5BA49330D3EC2503D81A7CF88D1
 |   |   |- [+] [ 46]
 |   |   |   |- Guid:E2DFC9964B53D1A737462E9094E6ADFE BaseClass: NativeClass:/Script/Engine.StaticMeshActor Name:StaticMeshActor_1 Label:SM_Cube SpatiallyLoaded:1 Bounds:IsValid=true, Min=(X=0.000 Y=0.000 Z=-50.000), Max=(X=3000.000 Y=3500.000 Z=0.000) RuntimeGrid:None EditorOnly:0 RuntimeOnly:0 HLODRelevant:1 ListedInSceneOutliner:1 IsMainWorldOnly:0 FolderPath:Playground FolderGuid:C73F09FC4215536B1DCE2A9E0A830C70
 |   |   |- [+] [ 47]
 |   |   |   |- Guid:E34590994117DF44C3CDD09933F9A076 BaseClass: NativeClass:/Script/Engine.StaticMeshActor Name:StaticMeshActor_23 Label:SM_QuarterCylinder5 SpatiallyLoaded:1 Bounds:IsValid=true, Min=(X=300.000 Y=2800.000 Z=0.000), Max=(X=400.000 Y=2900.000 Z=200.000) RuntimeGrid:None EditorOnly:0 RuntimeOnly:0 HLODRelevant:1 ListedInSceneOutliner:1 IsMainWorldOnly:0 FolderPath:Block03 FolderGuid:7B7009C345D3D6DD94D3429E1D79C034
 |   |   |- [+] [ 48]
 |   |   |   |- Guid:EA92B3034F580F14F6C6F2A03D2BC262 BaseClass: NativeClass:/Script/Engine.StaticMeshActor Name:StaticMeshActor_19 Label:SM_QuarterCylinder2 SpatiallyLoaded:1 Bounds:IsValid=true, Min=(X=2500.000 Y=2600.000 Z=0.000), Max=(X=2600.000 Y=2700.000 Z=200.000) RuntimeGrid:None EditorOnly:0 RuntimeOnly:0 HLODRelevant:1 ListedInSceneOutliner:1 IsMainWorldOnly:0 FolderPath:Block02 FolderGuid:EBA23F8248252949750E43911A3A1CDD
 |   |   |- [+] [ 49]
 |   |   |   |- Guid:EE8691714FE7D5BA51EDE198B670F5F6 BaseClass: NativeClass:/Script/Engine.StaticMeshActor Name:StaticMeshActor_16 Label:SM_Cube11 SpatiallyLoaded:1 Bounds:IsValid=true, Min=(X=400.000 Y=2600.000 Z=0.000), Max=(X=700.000 Y=2900.000 Z=200.000) RuntimeGrid:None EditorOnly:0 RuntimeOnly:0 HLODRelevant:1 ListedInSceneOutliner:1 IsMainWorldOnly:0 FolderPath:Block03 FolderGuid:7B7009C345D3D6DD94D3429E1D79C034
 |   |   |- [+] [ 50]
 |   |   |   |- Guid:F7B3DC744C21C98965FF93852D315135 BaseClass: NativeClass:/Script/Engine.StaticMeshActor Name:StaticMeshActor_22 Label:SM_QuarterCylinder4 SpatiallyLoaded:1 Bounds:IsValid=true, Min=(X=300.000 Y=2600.000 Z=0.000), Max=(X=400.000 Y=2700.000 Z=200.000) RuntimeGrid:None EditorOnly:0 RuntimeOnly:0 HLODRelevant:1 ListedInSceneOutliner:1 IsMainWorldOnly:0 FolderPath:Block03 FolderGuid:7B7009C345D3D6DD94D3429E1D79C034
 |- ContainerInstances:
 |- [+] MainContainer:
 |   |-        ID: 00000000000000000000000000000000
 |   |-  ParentID: 00000000000000000000000000000000
 |   |-    Bounds: IsValid=false, Min=(X=0.000 Y=0.000 Z=0.000), Max=(X=0.000 Y=0.000 Z=0.000)
 |   |- Transform: 0.000000,0.000000,0.000000|0.000000,0.000000,-0.000000|1.000000,1.000000,1.000000
 |   |- Container: /Game/ThirdPerson/Maps/UnderwaterLevelDesign
----------------------------------------------------------------------------------------------------------------
UnderwaterLevelDesign - Persistent Level
----------------------------------------------------------------------------------------------------------------
[+] Content of UnderwaterLevelDesign Persistent Level
 |- Always loaded Actor Count: 51 
 |- Actor Path: /Game/ThirdPerson/Maps/UnderwaterLevelDesign.UnderwaterLevelDesign:PersistentLevel.AmbientSound_UAID_BCC746A635C91C2302_1703240383
 |- Actor Package: /Game/__ExternalActors__/ThirdPerson/Maps/UnderwaterLevelDesign/F/2I/TSEMU5LBJZYOWCFCKBPNZV
 |- Actor Path: /Game/ThirdPerson/Maps/UnderwaterLevelDesign.UnderwaterLevelDesign:PersistentLevel.DirectionalLight_0
 |- Actor Package: /Game/__ExternalActors__/ThirdPerson/Maps/UnderwaterLevelDesign/9/C9/GX5GYMJ5R4YTCQ86YF6OUK
 |- Actor Path: /Game/ThirdPerson/Maps/UnderwaterLevelDesign.UnderwaterLevelDesign:PersistentLevel.ExponentialHeightFog_0
 |- Actor Package: /Game/__ExternalActors__/ThirdPerson/Maps/UnderwaterLevelDesign/B/8Q/8ZGXHUYLYQ9PAEWM7M86U4
 |- Actor Path: /Game/ThirdPerson/Maps/UnderwaterLevelDesign.UnderwaterLevelDesign:PersistentLevel.FishBP_C_UAID_BCC746A635C9D42202_1350456716
 |- Actor Package: /Game/__ExternalActors__/ThirdPerson/Maps/UnderwaterLevelDesign/A/VU/8SJF9JE5CM0C773IDVYC33
 |- Actor Path: /Game/ThirdPerson/Maps/UnderwaterLevelDesign.UnderwaterLevelDesign:PersistentLevel.FishBP_C_UAID_BCC746A635C9E52202_1807513703
 |- Actor Package: /Game/__ExternalActors__/ThirdPerson/Maps/UnderwaterLevelDesign/3/B7/7955PXQ81R47MSY7J74U0P
 |- Actor Path: /Game/ThirdPerson/Maps/UnderwaterLevelDesign.UnderwaterLevelDesign:PersistentLevel.OffloadBP_C_UAID_BCC746A635C9D52202_1228222887
 |- Actor Package: /Game/__ExternalActors__/ThirdPerson/Maps/UnderwaterLevelDesign/1/3J/UCW261G3UIWYB0C4JC7RGL
 |- Actor Path: /Game/ThirdPerson/Maps/UnderwaterLevelDesign.UnderwaterLevelDesign:PersistentLevel.PlayerStart_0
 |- Actor Package: /Game/__ExternalActors__/ThirdPerson/Maps/UnderwaterLevelDesign/1/70/20XK422Z6TVLFFCNMZBY5G
 |- Actor Path: /Game/ThirdPerson/Maps/UnderwaterLevelDesign.UnderwaterLevelDesign:PersistentLevel.PostProcessVolume_0
 |- Actor Package: /Game/__ExternalActors__/ThirdPerson/Maps/UnderwaterLevelDesign/1/JZ/COTED8YCYWZAJC0WEWK5OU
 |- Actor Path: /Game/ThirdPerson/Maps/UnderwaterLevelDesign.UnderwaterLevelDesign:PersistentLevel.RestoreOxygen_C_UAID_04D9F58078F5212402_2135639319
 |- Actor Package: /Game/__ExternalActors__/ThirdPerson/Maps/UnderwaterLevelDesign/A/H6/RQP105K9N45O0GIM8WG3GM
 |- Actor Path: /Game/ThirdPerson/Maps/UnderwaterLevelDesign.UnderwaterLevelDesign:PersistentLevel.SkyAtmosphere_0
 |- Actor Package: /Game/__ExternalActors__/ThirdPerson/Maps/UnderwaterLevelDesign/D/J5/RZAAPFTG7AJCWC9FN9JE8S
 |- Actor Path: /Game/ThirdPerson/Maps/UnderwaterLevelDesign.UnderwaterLevelDesign:PersistentLevel.SkyLight_1
 |- Actor Package: /Game/__ExternalActors__/ThirdPerson/Maps/UnderwaterLevelDesign/D/8Y/ZD0RC9VRL8ZPY5K815SC36
 |- Actor Path: /Game/ThirdPerson/Maps/UnderwaterLevelDesign.UnderwaterLevelDesign:PersistentLevel.StaticMeshActor_0
 |- Actor Package: /Game/__ExternalActors__/ThirdPerson/Maps/UnderwaterLevelDesign/9/KD/YFP2S4ORQW162YJ0JT47EG
 |- Actor Path: /Game/ThirdPerson/Maps/UnderwaterLevelDesign.UnderwaterLevelDesign:PersistentLevel.StaticMeshActor_1
 |- Actor Package: /Game/__ExternalActors__/ThirdPerson/Maps/UnderwaterLevelDesign/6/PB/B2CXJ934H6OQTRYKC4HOHO
 |- Actor Path: /Game/ThirdPerson/Maps/UnderwaterLevelDesign.UnderwaterLevelDesign:PersistentLevel.StaticMeshActor_10
 |- Actor Package: /Game/__ExternalActors__/ThirdPerson/Maps/UnderwaterLevelDesign/1/ER/DDE48Z33UR1TMCIK9B3EL5
 |- Actor Path: /Game/ThirdPerson/Maps/UnderwaterLevelDesign.UnderwaterLevelDesign:PersistentLevel.StaticMeshActor_11
 |- Actor Package: /Game/__ExternalActors__/ThirdPerson/Maps/UnderwaterLevelDesign/4/TW/5NZODKJWFEJ59U1HEY5UT9
 |- Actor Path: /Game/ThirdPerson/Maps/UnderwaterLevelDesign.UnderwaterLevelDesign:PersistentLevel.StaticMeshActor_12
 |- Actor Package: /Game/__ExternalActors__/ThirdPerson/Maps/UnderwaterLevelDesign/0/QM/JJT5D9ZUAAHR6EF9BQHUCU
 |- Actor Path: /Game/ThirdPerson/Maps/UnderwaterLevelDesign.UnderwaterLevelDesign:PersistentLevel.StaticMeshActor_13
 |- Actor Package: /Game/__ExternalActors__/ThirdPerson/Maps/UnderwaterLevelDesign/5/L7/I5FHTR3S7RJ8WULP7V7FZ0
 |- Actor Path: /Game/ThirdPerson/Maps/UnderwaterLevelDesign.UnderwaterLevelDesign:PersistentLevel.StaticMeshActor_14
 |- Actor Package: /Game/__ExternalActors__/ThirdPerson/Maps/UnderwaterLevelDesign/2/0T/46TP4W4JQI8JJ2CG4T0C9G
 |- Actor Path: /Game/ThirdPerson/Maps/UnderwaterLevelDesign.UnderwaterLevelDesign:PersistentLevel.StaticMeshActor_15
 |- Actor Package: /Game/__ExternalActors__/ThirdPerson/Maps/UnderwaterLevelDesign/4/95/Z4Z7SNGP3XPLOLWM6CVIB1
 |- Actor Path: /Game/ThirdPerson/Maps/UnderwaterLevelDesign.UnderwaterLevelDesign:PersistentLevel.StaticMeshActor_16
 |- Actor Package: /Game/__ExternalActors__/ThirdPerson/Maps/UnderwaterLevelDesign/4/3R/Q95CDLZFVVRPAUCHXBT3JG
 |- Actor Path: /Game/ThirdPerson/Maps/UnderwaterLevelDesign.UnderwaterLevelDesign:PersistentLevel.StaticMeshActor_18
 |- Actor Package: /Game/__ExternalActors__/ThirdPerson/Maps/UnderwaterLevelDesign/0/CO/4K3IV96TAZ9GVW75TP38RB
 |- Actor Path: /Game/ThirdPerson/Maps/UnderwaterLevelDesign.UnderwaterLevelDesign:PersistentLevel.StaticMeshActor_19
 |- Actor Package: /Game/__ExternalActors__/ThirdPerson/Maps/UnderwaterLevelDesign/7/DZ/Y8Y9DCISDCESSQMJE2G8FH
 |- Actor Path: /Game/ThirdPerson/Maps/UnderwaterLevelDesign.UnderwaterLevelDesign:PersistentLevel.StaticMeshActor_2
 |- Actor Package: /Game/__ExternalActors__/ThirdPerson/Maps/UnderwaterLevelDesign/D/13/667KI691GPF8MFLSS9MQZO
 |- Actor Path: /Game/ThirdPerson/Maps/UnderwaterLevelDesign.UnderwaterLevelDesign:PersistentLevel.StaticMeshActor_20
 |- Actor Package: /Game/__ExternalActors__/ThirdPerson/Maps/UnderwaterLevelDesign/B/58/OVFM1BS6UF2AUN2638V24M
 |- Actor Path: /Game/ThirdPerson/Maps/UnderwaterLevelDesign.UnderwaterLevelDesign:PersistentLevel.StaticMeshActor_21
 |- Actor Package: /Game/__ExternalActors__/ThirdPerson/Maps/UnderwaterLevelDesign/E/W4/EM2Y1LL460PZ66SS4TTAD1
 |- Actor Path: /Game/ThirdPerson/Maps/UnderwaterLevelDesign.UnderwaterLevelDesign:PersistentLevel.StaticMeshActor_22
 |- Actor Package: /Game/__ExternalActors__/ThirdPerson/Maps/UnderwaterLevelDesign/D/DC/PX2VGN3FHG2LNTHJYNNWGQ
 |- Actor Path: /Game/ThirdPerson/Maps/UnderwaterLevelDesign.UnderwaterLevelDesign:PersistentLevel.StaticMeshActor_23
 |- Actor Package: /Game/__ExternalActors__/ThirdPerson/Maps/UnderwaterLevelDesign/8/D0/U84MJCTF369RVCHN7J8MVH
 |- Actor Path: /Game/ThirdPerson/Maps/UnderwaterLevelDesign.UnderwaterLevelDesign:PersistentLevel.StaticMeshActor_24
 |- Actor Package: /Game/__ExternalActors__/ThirdPerson/Maps/UnderwaterLevelDesign/E/OJ/Q2A7S13U4HFMY4AECKZ94T
 |- Actor Path: /Game/ThirdPerson/Maps/UnderwaterLevelDesign.UnderwaterLevelDesign:PersistentLevel.StaticMeshActor_25
 |- Actor Package: /Game/__ExternalActors__/ThirdPerson/Maps/UnderwaterLevelDesign/A/A1/KNH3V22H9K7NBEXJ758NJ1
 |- Actor Path: /Game/ThirdPerson/Maps/UnderwaterLevelDesign.UnderwaterLevelDesign:PersistentLevel.StaticMeshActor_3
 |- Actor Package: /Game/__ExternalActors__/ThirdPerson/Maps/UnderwaterLevelDesign/0/ZN/8BBRUKO4QXFKYIM01MLVZ9
 |- Actor Path: /Game/ThirdPerson/Maps/UnderwaterLevelDesign.UnderwaterLevelDesign:PersistentLevel.StaticMeshActor_32
 |- Actor Package: /Game/__ExternalActors__/ThirdPerson/Maps/UnderwaterLevelDesign/6/2W/COZFTZN3PBQGVWUIYR1SLR
 |- Actor Path: /Game/ThirdPerson/Maps/UnderwaterLevelDesign.UnderwaterLevelDesign:PersistentLevel.StaticMeshActor_33
 |- Actor Package: /Game/__ExternalActors__/ThirdPerson/Maps/UnderwaterLevelDesign/2/7Z/434LQVDR5W6ZT62CADFTZN
 |- Actor Path: /Game/ThirdPerson/Maps/UnderwaterLevelDesign.UnderwaterLevelDesign:PersistentLevel.StaticMeshActor_34
 |- Actor Package: /Game/__ExternalActors__/ThirdPerson/Maps/UnderwaterLevelDesign/8/YA/DZAQP87AKSSTZR3QKH5POM
 |- Actor Path: /Game/ThirdPerson/Maps/UnderwaterLevelDesign.UnderwaterLevelDesign:PersistentLevel.StaticMeshActor_35
 |- Actor Package: /Game/__ExternalActors__/ThirdPerson/Maps/UnderwaterLevelDesign/B/ID/JIJVAQ5PRT06B1NUXYHWUX
 |- Actor Path: /Game/ThirdPerson/Maps/UnderwaterLevelDesign.UnderwaterLevelDesign:PersistentLevel.StaticMeshActor_4
 |- Actor Package: /Game/__ExternalActors__/ThirdPerson/Maps/UnderwaterLevelDesign/B/Q5/ULJF18X5R5PQKKGIJWF3TO
 |- Actor Path: /Game/ThirdPerson/Maps/UnderwaterLevelDesign.UnderwaterLevelDesign:PersistentLevel.StaticMeshActor_5
 |- Actor Package: /Game/__ExternalActors__/ThirdPerson/Maps/UnderwaterLevelDesign/0/YB/V6UP1CFG8YAQ8JSM7Q2JKM
 |- Actor Path: /Game/ThirdPerson/Maps/UnderwaterLevelDesign.UnderwaterLevelDesign:PersistentLevel.StaticMeshActor_6
 |- Actor Package: /Game/__ExternalActors__/ThirdPerson/Maps/UnderwaterLevelDesign/4/2D/0UNTNU97X5A584XOFLNX7R
 |- Actor Path: /Game/ThirdPerson/Maps/UnderwaterLevelDesign.UnderwaterLevelDesign:PersistentLevel.StaticMeshActor_7
 |- Actor Package: /Game/__ExternalActors__/ThirdPerson/Maps/UnderwaterLevelDesign/A/PM/P0B4EDCY6FV8M1JBREAGG1
 |- Actor Path: /Game/ThirdPerson/Maps/UnderwaterLevelDesign.UnderwaterLevelDesign:PersistentLevel.StaticMeshActor_8
 |- Actor Package: /Game/__ExternalActors__/ThirdPerson/Maps/UnderwaterLevelDesign/E/QX/WFPQBFSUQYGX5WWF9K8ZIE
 |- Actor Path: /Game/ThirdPerson/Maps/UnderwaterLevelDesign.UnderwaterLevelDesign:PersistentLevel.StaticMeshActor_9
 |- Actor Package: /Game/__ExternalActors__/ThirdPerson/Maps/UnderwaterLevelDesign/A/P0/LCCCIRPPOGKKVRUVB9U4TP
 |- Actor Path: /Game/ThirdPerson/Maps/UnderwaterLevelDesign.UnderwaterLevelDesign:PersistentLevel.StaticMeshActor_UAID_7085C2412C3FCF2502_2053393000
 |- Actor Package: /Game/__ExternalActors__/ThirdPerson/Maps/UnderwaterLevelDesign/B/IX/XCYR36IAGTA51K279H4V54
 |- Actor Path: /Game/ThirdPerson/Maps/UnderwaterLevelDesign.UnderwaterLevelDesign:PersistentLevel.StaticMeshActor_UAID_7085C2412C3FD02502_1175576178
 |- Actor Package: /Game/__ExternalActors__/ThirdPerson/Maps/UnderwaterLevelDesign/4/QV/SSOH8CJ7EI6PJU0G7MXV92
 |- Actor Path: /Game/ThirdPerson/Maps/UnderwaterLevelDesign.UnderwaterLevelDesign:PersistentLevel.StaticMeshActor_UAID_A4AE111137DC5EFB00_1110535423
 |- Actor Package: /Game/__ExternalActors__/ThirdPerson/Maps/UnderwaterLevelDesign/0/63/B6W6D9IBKCWFICACC3CS8S
 |- Actor Path: /Game/ThirdPerson/Maps/UnderwaterLevelDesign.UnderwaterLevelDesign:PersistentLevel.TextRenderActor_1
 |- Actor Package: /Game/__ExternalActors__/ThirdPerson/Maps/UnderwaterLevelDesign/C/JO/JZH1W3V3O00FYGME9EVC8M
 |- Actor Path: /Game/ThirdPerson/Maps/UnderwaterLevelDesign.UnderwaterLevelDesign:PersistentLevel.TrashBP_C_UAID_BCC746A635C9D12202_1406762185
 |- Actor Package: /Game/__ExternalActors__/ThirdPerson/Maps/UnderwaterLevelDesign/8/TA/8CZ9OP05XQ9W2RMBGYBC31
 |- Actor Path: /Game/ThirdPerson/Maps/UnderwaterLevelDesign.UnderwaterLevelDesign:PersistentLevel.TrashBP_C_UAID_BCC746A635C9D12202_1410055186
 |- Actor Package: /Game/__ExternalActors__/ThirdPerson/Maps/UnderwaterLevelDesign/3/OB/IBKSO2U1SSJHA94U3HGEKC
 |- Actor Path: /Game/ThirdPerson/Maps/UnderwaterLevelDesign.UnderwaterLevelDesign:PersistentLevel.TrashBP_C_UAID_BCC746A635C9D62102_1652509007
 |- Actor Package: /Game/__ExternalActors__/ThirdPerson/Maps/UnderwaterLevelDesign/0/NA/O8QPJ1GXRB434U4IBOBN62
 |- Actor Path: /Game/ThirdPerson/Maps/UnderwaterLevelDesign.UnderwaterLevelDesign:PersistentLevel.VolumetricCloud_0
 |- Actor Package: /Game/__ExternalActors__/ThirdPerson/Maps/UnderwaterLevelDesign/5/PJ/TC21AU42VQ9M1Q15JHQ33S
 |- Actor Path: /Game/ThirdPerson/Maps/UnderwaterLevelDesign.UnderwaterLevelDesign:PersistentLevel.WaterBodyLake_Blueprint_C_UAID_BCC746A635C9522102_1912956777
 |- Actor Package: /Game/__ExternalActors__/ThirdPerson/Maps/UnderwaterLevelDesign/5/24/ZHN7A7XH8A0SHH3BKMTZE5
 |- Actor Path: /Game/ThirdPerson/Maps/UnderwaterLevelDesign.UnderwaterLevelDesign:PersistentLevel.WaterZone_UAID_BCC746A635C9522102_1251113776
 |- Actor Package: /Game/__ExternalActors__/ThirdPerson/Maps/UnderwaterLevelDesign/0/QT/MWGDQ0VN51Y2774YB3K67X
 |- Actor Path: /Game/ThirdPerson/Maps/UnderwaterLevelDesign.UnderwaterLevelDesign:PersistentLevel.WorldDataLayers
 |- Actor Package: /Game/__ExternalActors__/ThirdPerson/Maps/UnderwaterLevelDesign/0/KS/H13P8BT9RMJ5EVRB3EDZFH

----------------------------------------------------------------------------------------------------------------
UnderwaterLevelDesign - Runtime Hash Set
----------------------------------------------------------------------------------------------------------------

